#
# There is insufficient memory for the Java Runtime Environment to continue.
# Native memory allocation (mmap) failed to map 71303168 bytes for Failed to commit area from 0x0000000089800000 to 0x000000008dc00000 of length 71303168.
# Possible reasons:
#   The system is out of physical RAM or swap space
#   The process is running with CompressedOops enabled, and the Java Heap may be blocking the growth of the native heap
# Possible solutions:
#   Reduce memory load on the system
#   Increase physical memory or swap space
#   Check if swap backing store is full
#   Decrease Java heap size (-Xmx/-Xms)
#   Decrease number of Java threads
#   Decrease Java thread stack sizes (-Xss)
#   Set larger code cache with -XX:ReservedCodeCacheSize=
#   JVM is running with Unscaled Compressed Oops mode in which the Java heap is
#     placed in the first 4GB address space. The Java Heap base address is the
#     maximum limit for the native heap growth. Please use -XX:HeapBaseMinAddress
#     to set the Java Heap base and to place the Java Heap above 4GB virtual address.
# This output file may be truncated or incomplete.
#
#  Out of Memory Error (./src/hotspot/os/windows/os_windows.cpp:3303), pid=2592, tid=16360
#
# JRE version: OpenJDK Runtime Environment (11.0.8+10) (build 11.0.8+10-b944.6842174)
# Java VM: OpenJDK 64-Bit Server VM (11.0.8+10-b944.6842174, mixed mode, tiered, compressed oops, g1 gc, windows-amd64)
# No core dump will be written. Minidumps are not enabled by default on client versions of Windows
#

---------------  S U M M A R Y ------------

Command Line: --add-opens=java.base/java.util=ALL-UNNAMED --add-opens=java.base/java.lang=ALL-UNNAMED --add-opens=java.base/java.lang.invoke=ALL-UNNAMED --add-opens=java.prefs/java.util.prefs=ALL-UNNAMED -Xmx2048m -Dfile.encoding=UTF-8 -Duser.country=PL -Duser.language=pl -Duser.variant org.gradle.launcher.daemon.bootstrap.GradleDaemon 6.7.1

Host: Intel(R) Core(TM) i5-9300H CPU @ 2.40GHz, 8 cores, 7G,  Windows 10 , 64 bit Build 19041 (10.0.19041.928)
Time: Thu May  6 14:15:16 2021 Œrodkowoeuropejski czas letni elapsed time: 1427 seconds (0d 0h 23m 47s)

---------------  T H R E A D  ---------------

Current thread (0x0000018e3d777000):  VMThread "VM Thread" [stack: 0x0000003804600000,0x0000003804700000] [id=16360]

Stack: [0x0000003804600000,0x0000003804700000]
[error occurred during error reporting (printing stack bounds), id 0xc0000005, EXCEPTION_ACCESS_VIOLATION (0xc0000005) at pc=0x0000018e26df0dad]

Native frames: (J=compiled Java code, j=interpreted, Vv=VM code, C=native code)
V  [jvm.dll+0x5de50a]
V  [jvm.dll+0x7122f5]
V  [jvm.dll+0x71384d]
V  [jvm.dll+0x713e65]
V  [jvm.dll+0x713e1b]
V  [jvm.dll+0x5dd958]
V  [jvm.dll+0x5de0f8]
C  [ntdll.dll+0xa207f]
C  [ntdll.dll+0x51454]
C  [ntdll.dll+0xa0bae]
C  0x0000018e26df0dad

VM_Operation (0x000000380e7fb080): G1CollectForAllocation, mode: safepoint, requested by thread 0x0000018e49c31000


---------------  P R O C E S S  ---------------

Threads class SMR info:
_java_thread_list=0x0000018e4504eaf0, length=161, elements={
0x0000018e23470000, 0x0000018e3d79b000, 0x0000018e3d79c800, 0x0000018e3d7a4000,
0x0000018e3d7a7000, 0x0000018e3e0c0800, 0x0000018e3e113000, 0x0000018e3e116000,
0x0000018e3e270000, 0x0000018e3e2a8000, 0x0000018e404c5800, 0x0000018e4053f000,
0x0000018e3e36b000, 0x0000018e3fb48000, 0x0000018e3fb4c000, 0x0000018e3fb46000,
0x0000018e3fb47000, 0x0000018e4030b800, 0x0000018e41cab800, 0x0000018e41ca6000,
0x0000018e41ca5000, 0x0000018e41ca1000, 0x0000018e41ca3800, 0x0000018e41ca6800,
0x0000018e41ca2800, 0x0000018e41ca1800, 0x0000018e41ca4000, 0x0000018e41cad000,
0x0000018e41ca8000, 0x0000018e41cac800, 0x0000018e41ca9000, 0x0000018e41ca7800,
0x0000018e41cae000, 0x0000018e41caf000, 0x0000018e41caf800, 0x0000018e41caa800,
0x0000018e4030a000, 0x0000018e40306000, 0x0000018e40310800, 0x0000018e40311800,
0x0000018e4030e000, 0x0000018e4030d800, 0x0000018e40312000, 0x0000018e4030f000,
0x0000018e4030c800, 0x0000018e40314800, 0x0000018e40313000, 0x0000018e40314000,
0x0000018e3fb4c800, 0x0000018e3fb48800, 0x0000018e3fb4b000, 0x0000018e3fb49800,
0x0000018e3fb4a800, 0x0000018e40c94000, 0x0000018e40c95000, 0x0000018e40c90000,
0x0000018e40c91000, 0x0000018e40c91800, 0x0000018e40c93800, 0x0000018e40c92800,
0x0000018e40c8f800, 0x0000018e40c97800, 0x0000018e40c98800, 0x0000018e40c99000,
0x0000018e40c9a000, 0x0000018e40c96000, 0x0000018e40c9a800, 0x0000018e40c9b800,
0x0000018e40c96800, 0x0000018e40c9c800, 0x0000018e40c9d000, 0x0000018e40c9e000,
0x0000018e41ee8000, 0x0000018e41ee6000, 0x0000018e41ee4800, 0x0000018e41ee8800,
0x0000018e41ee3000, 0x0000018e41ee5800, 0x0000018e41ee7000, 0x0000018e41ee9800,
0x0000018e41ee3800, 0x0000018e41eed800, 0x0000018e41eef000, 0x0000018e41eea800,
0x0000018e41ef0000, 0x0000018e41eee800, 0x0000018e41ef1000, 0x0000018e41eeb000,
0x0000018e41ef1800, 0x0000018e41eec000, 0x0000018e41eec800, 0x0000018e45060800,
0x0000018e4505d800, 0x0000018e45061800, 0x0000018e45062000, 0x0000018e45064000,
0x0000018e45060000, 0x0000018e45063000, 0x0000018e4505e000, 0x0000018e45064800,
0x0000018e4505f000, 0x0000018e4506b000, 0x0000018e4506a800, 0x0000018e45067000,
0x0000018e45068000, 0x0000018e45065800, 0x0000018e45069000, 0x0000018e4506c000,
0x0000018e45069800, 0x0000018e45066800, 0x0000018e40c02000, 0x0000018e40c05000,
0x0000018e40c02800, 0x0000018e40c03800, 0x0000018e40c04800, 0x0000018e40c06000,
0x0000018e40c00800, 0x0000018e40c07000, 0x0000018e40c01000, 0x0000018e40c0b800,
0x0000018e40c0a000, 0x0000018e40c09800, 0x0000018e40c0b000, 0x0000018e40c0c800,
0x0000018e40c0d800, 0x0000018e40c08800, 0x0000018e40c07800, 0x0000018e40c0e000,
0x0000018e40c0f000, 0x0000018e41803000, 0x0000018e41807000, 0x0000018e41806800,
0x0000018e41808000, 0x0000018e41809800, 0x0000018e41804000, 0x0000018e41805800,
0x0000018e4180a800, 0x0000018e41804800, 0x0000018e4180d800, 0x0000018e4180b800,
0x0000018e4180e800, 0x0000018e4180c000, 0x0000018e4180d000, 0x0000018e41809000,
0x0000018e4180f800, 0x0000018e41810000, 0x0000018e41811000, 0x0000018e41812000,
0x0000018e49c29800, 0x0000018e49c28000, 0x0000018e49c2b000, 0x0000018e49c2c000,
0x0000018e49c28800, 0x0000018e49c26800, 0x0000018e49c27000, 0x0000018e49c31000,
0x0000018e49c2d800, 0x0000018e49c33800, 0x0000018e49c31800, 0x0000018e49c32800,
0x0000018e49c2e800
}

Java Threads: ( => current thread )
  0x0000018e23470000 JavaThread "main" [_thread_blocked, id=1176, stack(0x0000003804000000,0x0000003804100000)]
  0x0000018e3d79b000 JavaThread "Reference Handler" daemon [_thread_blocked, id=19108, stack(0x0000003804700000,0x0000003804800000)]
  0x0000018e3d79c800 JavaThread "Finalizer" daemon [_thread_blocked, id=17184, stack(0x0000003804800000,0x0000003804900000)]
  0x0000018e3d7a4000 JavaThread "Signal Dispatcher" daemon [_thread_blocked, id=14468, stack(0x0000003804900000,0x0000003804a00000)]
  0x0000018e3d7a7000 JavaThread "Attach Listener" daemon [_thread_blocked, id=12952, stack(0x0000003804a00000,0x0000003804b00000)]
  0x0000018e3e0c0800 JavaThread "C2 CompilerThread0" daemon [_thread_blocked, id=7968, stack(0x0000003804b00000,0x0000003804c00000)]
  0x0000018e3e113000 JavaThread "C1 CompilerThread0" daemon [_thread_blocked, id=4704, stack(0x0000003804c00000,0x0000003804d00000)]
  0x0000018e3e116000 JavaThread "Sweeper thread" daemon [_thread_blocked, id=15792, stack(0x0000003804d00000,0x0000003804e00000)]
  0x0000018e3e270000 JavaThread "Common-Cleaner" daemon [_thread_blocked, id=9844, stack(0x0000003804e00000,0x0000003804f00000)]
  0x0000018e3e2a8000 JavaThread "Service Thread" daemon [_thread_blocked, id=15676, stack(0x0000003804f00000,0x0000003805000000)]
  0x0000018e404c5800 JavaThread "Daemon health stats" [_thread_blocked, id=12452, stack(0x0000003805500000,0x0000003805600000)]
  0x0000018e4053f000 JavaThread "Incoming local TCP Connector on port 61324" [_thread_in_native, id=20360, stack(0x0000003805600000,0x0000003805700000)]
  0x0000018e3e36b000 JavaThread "Daemon periodic checks" [_thread_blocked, id=4892, stack(0x0000003805700000,0x0000003805800000)]
  0x0000018e3fb48000 JavaThread "Cache worker for file hash cache (C:\Users\Kacper\.gradle\caches\6.7.1\fileHashes)" [_thread_blocked, id=18672, stack(0x0000003806400000,0x0000003806500000)]
  0x0000018e3fb4c000 JavaThread "File lock request listener" [_thread_in_native, id=9280, stack(0x0000003806500000,0x0000003806600000)]
  0x0000018e3fb46000 JavaThread "Cache worker for journal cache (C:\Users\Kacper\.gradle\caches\journal-1)" [_thread_blocked, id=6792, stack(0x0000003806700000,0x0000003806800000)]
  0x0000018e3fb47000 JavaThread "Cache worker for execution history cache (C:\Users\Kacper\.gradle\caches\6.7.1\executionHistory)" [_thread_blocked, id=12632, stack(0x0000003806c00000,0x0000003806d00000)]
  0x0000018e4030b800 JavaThread "Cache worker for file content cache (C:\Users\Kacper\.gradle\caches\6.7.1\fileContent)" [_thread_blocked, id=17140, stack(0x0000003806e00000,0x0000003806f00000)]
  0x0000018e41cab800 JavaThread "Memory manager" [_thread_blocked, id=16548, stack(0x000000380d800000,0x000000380d900000)]
  0x0000018e41ca6000 JavaThread "Daemon Thread 2" [_thread_blocked, id=5504, stack(0x0000003803d00000,0x0000003803e00000)]
  0x0000018e41ca5000 JavaThread "Handler for socket connection from /127.0.0.1:61324 to /127.0.0.1:57344" [_thread_in_native, id=5992, stack(0x0000003803e00000,0x0000003803f00000)]
  0x0000018e41ca1000 JavaThread "Cancel handler" [_thread_blocked, id=2664, stack(0x0000003803f00000,0x0000003804000000)]
  0x0000018e41ca3800 JavaThread "Daemon worker Thread 2" [_thread_blocked, id=9836, stack(0x0000003805100000,0x0000003805200000)]
  0x0000018e41ca6800 JavaThread "Asynchronous log dispatcher for DefaultDaemonConnection: socket connection from /127.0.0.1:61324 to /127.0.0.1:57344" [_thread_blocked, id=16680, stack(0x0000003805400000,0x0000003805500000)]
  0x0000018e41ca2800 JavaThread "Stdin handler" [_thread_blocked, id=19192, stack(0x0000003805800000,0x0000003805900000)]
  0x0000018e41ca1800 JavaThread "Thread-140" [_thread_blocked, id=19360, stack(0x0000003805900000,0x0000003805a00000)]
  0x0000018e41ca4000 JavaThread "Cache worker for file hash cache (C:\Users\Kacper\AndroidStudioProjects\FindNerbyPlaces\.gradle\6.7.1\fileHashes)" [_thread_blocked, id=17276, stack(0x0000003805a00000,0x0000003805b00000)]
  0x0000018e41cad000 JavaThread "Cache worker for checksums cache (C:\Users\Kacper\AndroidStudioProjects\FindNerbyPlaces\.gradle\checksums)" [_thread_blocked, id=16312, stack(0x0000003805b00000,0x0000003805c00000)]
  0x0000018e41ca8000 JavaThread "Cache worker for cache directory md-supplier (C:\Users\Kacper\.gradle\caches\6.7.1\md-supplier)" [_thread_blocked, id=16352, stack(0x0000003805c00000,0x0000003805d00000)]
  0x0000018e41cac800 JavaThread "Cache worker for cache directory md-rule (C:\Users\Kacper\.gradle\caches\6.7.1\md-rule)" [_thread_blocked, id=2160, stack(0x0000003805d00000,0x0000003805e00000)]
  0x0000018e41ca9000 JavaThread "Cache worker for Build Output Cleanup Cache (C:\Users\Kacper\AndroidStudioProjects\FindNerbyPlaces\.gradle\buildOutputCleanup)" [_thread_blocked, id=18140, stack(0x0000003806900000,0x0000003806a00000)]
  0x0000018e41ca7800 JavaThread "Build operations" [_thread_blocked, id=14412, stack(0x0000003806a00000,0x0000003806b00000)]
  0x0000018e41cae000 JavaThread "Build operations Thread 2" [_thread_blocked, id=468, stack(0x0000003806b00000,0x0000003806c00000)]
  0x0000018e41caf000 JavaThread "Build operations Thread 3" [_thread_blocked, id=13732, stack(0x0000003806d00000,0x0000003806e00000)]
  0x0000018e41caf800 JavaThread "Build operations Thread 4" [_thread_blocked, id=17584, stack(0x0000003806f00000,0x0000003807000000)]
  0x0000018e41caa800 JavaThread "Build operations Thread 5" [_thread_blocked, id=2684, stack(0x0000003807000000,0x0000003807100000)]
  0x0000018e4030a000 JavaThread "Build operations Thread 6" [_thread_blocked, id=3368, stack(0x0000003807100000,0x0000003807200000)]
  0x0000018e40306000 JavaThread "Build operations Thread 7" [_thread_blocked, id=16140, stack(0x0000003807200000,0x0000003807300000)]
  0x0000018e40310800 JavaThread "Build operations Thread 8" [_thread_blocked, id=13392, stack(0x0000003807300000,0x0000003807400000)]
  0x0000018e40311800 JavaThread "jar transforms Thread 98" [_thread_blocked, id=9172, stack(0x0000003807400000,0x0000003807500000)]
  0x0000018e4030e000 JavaThread "jar transforms Thread 99" [_thread_blocked, id=10160, stack(0x0000003807500000,0x0000003807600000)]
  0x0000018e4030d800 JavaThread "jar transforms Thread 100" [_thread_blocked, id=1904, stack(0x0000003807600000,0x0000003807700000)]
  0x0000018e40312000 JavaThread "jar transforms Thread 101" [_thread_blocked, id=12908, stack(0x0000003807700000,0x0000003807800000)]
  0x0000018e4030f000 JavaThread "jar transforms Thread 102" [_thread_blocked, id=19032, stack(0x0000003807800000,0x0000003807900000)]
  0x0000018e4030c800 JavaThread "jar transforms Thread 103" [_thread_blocked, id=19244, stack(0x0000003807900000,0x0000003807a00000)]
  0x0000018e40314800 JavaThread "jar transforms Thread 104" [_thread_blocked, id=11184, stack(0x0000003807a00000,0x0000003807b00000)]
  0x0000018e40313000 JavaThread "jar transforms Thread 105" [_thread_blocked, id=20260, stack(0x0000003807b00000,0x0000003807c00000)]
  0x0000018e40314000 JavaThread "jar transforms Thread 106" [_thread_blocked, id=12456, stack(0x0000003807c00000,0x0000003807d00000)]
  0x0000018e3fb4c800 JavaThread "jar transforms Thread 107" [_thread_blocked, id=6832, stack(0x0000003807d00000,0x0000003807e00000)]
  0x0000018e3fb48800 JavaThread "jar transforms Thread 108" [_thread_blocked, id=5296, stack(0x0000003807e00000,0x0000003807f00000)]
  0x0000018e3fb4b000 JavaThread "jar transforms Thread 109" [_thread_blocked, id=18724, stack(0x0000003807f00000,0x0000003808000000)]
  0x0000018e3fb49800 JavaThread "jar transforms Thread 110" [_thread_blocked, id=8072, stack(0x0000003808000000,0x0000003808100000)]
  0x0000018e3fb4a800 JavaThread "jar transforms Thread 111" [_thread_blocked, id=15816, stack(0x0000003808100000,0x0000003808200000)]
  0x0000018e40c94000 JavaThread "jar transforms Thread 112" [_thread_blocked, id=2800, stack(0x0000003808200000,0x0000003808300000)]
  0x0000018e40c95000 JavaThread "jar transforms Thread 113" [_thread_blocked, id=4928, stack(0x0000003808300000,0x0000003808400000)]
  0x0000018e40c90000 JavaThread "jar transforms Thread 114" [_thread_blocked, id=6632, stack(0x0000003808400000,0x0000003808500000)]
  0x0000018e40c91000 JavaThread "jar transforms Thread 115" [_thread_blocked, id=1864, stack(0x0000003808500000,0x0000003808600000)]
  0x0000018e40c91800 JavaThread "jar transforms Thread 116" [_thread_blocked, id=19176, stack(0x0000003808600000,0x0000003808700000)]
  0x0000018e40c93800 JavaThread "jar transforms Thread 117" [_thread_blocked, id=11052, stack(0x0000003808700000,0x0000003808800000)]
  0x0000018e40c92800 JavaThread "jar transforms Thread 118" [_thread_blocked, id=9696, stack(0x0000003808800000,0x0000003808900000)]
  0x0000018e40c8f800 JavaThread "jar transforms Thread 119" [_thread_blocked, id=7044, stack(0x0000003808900000,0x0000003808a00000)]
  0x0000018e40c97800 JavaThread "jar transforms Thread 120" [_thread_blocked, id=6664, stack(0x0000003808a00000,0x0000003808b00000)]
  0x0000018e40c98800 JavaThread "jar transforms Thread 121" [_thread_blocked, id=7052, stack(0x0000003808b00000,0x0000003808c00000)]
  0x0000018e40c99000 JavaThread "jar transforms Thread 122" [_thread_blocked, id=19608, stack(0x0000003808c00000,0x0000003808d00000)]
  0x0000018e40c9a000 JavaThread "jar transforms Thread 123" [_thread_blocked, id=960, stack(0x0000003808d00000,0x0000003808e00000)]
  0x0000018e40c96000 JavaThread "jar transforms Thread 124" [_thread_blocked, id=9680, stack(0x0000003808e00000,0x0000003808f00000)]
  0x0000018e40c9a800 JavaThread "jar transforms Thread 125" [_thread_blocked, id=3276, stack(0x0000003808f00000,0x0000003809000000)]
  0x0000018e40c9b800 JavaThread "jar transforms Thread 126" [_thread_blocked, id=10376, stack(0x0000003809000000,0x0000003809100000)]
  0x0000018e40c96800 JavaThread "jar transforms Thread 127" [_thread_blocked, id=16912, stack(0x0000003809100000,0x0000003809200000)]
  0x0000018e40c9c800 JavaThread "jar transforms Thread 128" [_thread_blocked, id=10188, stack(0x0000003809200000,0x0000003809300000)]
  0x0000018e40c9d000 JavaThread "jar transforms Thread 129" [_thread_blocked, id=14292, stack(0x0000003809300000,0x0000003809400000)]
  0x0000018e40c9e000 JavaThread "jar transforms Thread 130" [_thread_blocked, id=4108, stack(0x0000003809400000,0x0000003809500000)]
  0x0000018e41ee8000 JavaThread "jar transforms Thread 131" [_thread_blocked, id=20292, stack(0x0000003809500000,0x0000003809600000)]
  0x0000018e41ee6000 JavaThread "jar transforms Thread 132" [_thread_blocked, id=5004, stack(0x0000003809600000,0x0000003809700000)]
  0x0000018e41ee4800 JavaThread "jar transforms Thread 133" [_thread_blocked, id=12492, stack(0x0000003809700000,0x0000003809800000)]
  0x0000018e41ee8800 JavaThread "jar transforms Thread 134" [_thread_blocked, id=296, stack(0x0000003809800000,0x0000003809900000)]
  0x0000018e41ee3000 JavaThread "jar transforms Thread 135" [_thread_blocked, id=9900, stack(0x0000003809900000,0x0000003809a00000)]
  0x0000018e41ee5800 JavaThread "jar transforms Thread 136" [_thread_blocked, id=15740, stack(0x0000003809a00000,0x0000003809b00000)]
  0x0000018e41ee7000 JavaThread "jar transforms Thread 137" [_thread_blocked, id=16380, stack(0x0000003809b00000,0x0000003809c00000)]
  0x0000018e41ee9800 JavaThread "jar transforms Thread 138" [_thread_blocked, id=3440, stack(0x0000003809c00000,0x0000003809d00000)]
  0x0000018e41ee3800 JavaThread "jar transforms Thread 139" [_thread_blocked, id=2688, stack(0x0000003809d00000,0x0000003809e00000)]
  0x0000018e41eed800 JavaThread "jar transforms Thread 140" [_thread_blocked, id=2096, stack(0x0000003809e00000,0x0000003809f00000)]
  0x0000018e41eef000 JavaThread "jar transforms Thread 141" [_thread_blocked, id=15304, stack(0x0000003809f00000,0x000000380a000000)]
  0x0000018e41eea800 JavaThread "jar transforms Thread 142" [_thread_blocked, id=9440, stack(0x000000380a000000,0x000000380a100000)]
  0x0000018e41ef0000 JavaThread "jar transforms Thread 143" [_thread_blocked, id=4900, stack(0x000000380a100000,0x000000380a200000)]
  0x0000018e41eee800 JavaThread "jar transforms Thread 144" [_thread_blocked, id=18436, stack(0x000000380a200000,0x000000380a300000)]
  0x0000018e41ef1000 JavaThread "jar transforms Thread 145" [_thread_blocked, id=19576, stack(0x000000380a300000,0x000000380a400000)]
  0x0000018e41eeb000 JavaThread "jar transforms Thread 146" [_thread_blocked, id=9856, stack(0x000000380a400000,0x000000380a500000)]
  0x0000018e41ef1800 JavaThread "jar transforms Thread 147" [_thread_blocked, id=11460, stack(0x000000380a500000,0x000000380a600000)]
  0x0000018e41eec000 JavaThread "jar transforms Thread 148" [_thread_blocked, id=8188, stack(0x000000380a600000,0x000000380a700000)]
  0x0000018e41eec800 JavaThread "jar transforms Thread 149" [_thread_blocked, id=10552, stack(0x000000380a700000,0x000000380a800000)]
  0x0000018e45060800 JavaThread "jar transforms Thread 150" [_thread_blocked, id=3888, stack(0x000000380a800000,0x000000380a900000)]
  0x0000018e4505d800 JavaThread "jar transforms Thread 151" [_thread_blocked, id=5384, stack(0x000000380a900000,0x000000380aa00000)]
  0x0000018e45061800 JavaThread "jar transforms Thread 152" [_thread_blocked, id=17396, stack(0x000000380aa00000,0x000000380ab00000)]
  0x0000018e45062000 JavaThread "jar transforms Thread 153" [_thread_blocked, id=9888, stack(0x000000380ab00000,0x000000380ac00000)]
  0x0000018e45064000 JavaThread "jar transforms Thread 154" [_thread_blocked, id=4680, stack(0x000000380ac00000,0x000000380ad00000)]
  0x0000018e45060000 JavaThread "jar transforms Thread 155" [_thread_blocked, id=9452, stack(0x000000380ad00000,0x000000380ae00000)]
  0x0000018e45063000 JavaThread "jar transforms Thread 156" [_thread_blocked, id=16260, stack(0x000000380ae00000,0x000000380af00000)]
  0x0000018e4505e000 JavaThread "jar transforms Thread 157" [_thread_blocked, id=5348, stack(0x000000380af00000,0x000000380b000000)]
  0x0000018e45064800 JavaThread "jar transforms Thread 158" [_thread_blocked, id=13224, stack(0x000000380b000000,0x000000380b100000)]
  0x0000018e4505f000 JavaThread "jar transforms Thread 159" [_thread_blocked, id=7108, stack(0x000000380b100000,0x000000380b200000)]
  0x0000018e4506b000 JavaThread "jar transforms Thread 160" [_thread_blocked, id=17676, stack(0x000000380b200000,0x000000380b300000)]
  0x0000018e4506a800 JavaThread "jar transforms Thread 161" [_thread_blocked, id=13816, stack(0x000000380b300000,0x000000380b400000)]
  0x0000018e45067000 JavaThread "jar transforms Thread 162" [_thread_blocked, id=5672, stack(0x000000380b400000,0x000000380b500000)]
  0x0000018e45068000 JavaThread "jar transforms Thread 163" [_thread_blocked, id=14012, stack(0x000000380b500000,0x000000380b600000)]
  0x0000018e45065800 JavaThread "jar transforms Thread 164" [_thread_blocked, id=19012, stack(0x000000380b600000,0x000000380b700000)]
  0x0000018e45069000 JavaThread "jar transforms Thread 165" [_thread_blocked, id=11636, stack(0x000000380b700000,0x000000380b800000)]
  0x0000018e4506c000 JavaThread "jar transforms Thread 166" [_thread_blocked, id=5456, stack(0x000000380b800000,0x000000380b900000)]
  0x0000018e45069800 JavaThread "jar transforms Thread 167" [_thread_blocked, id=10864, stack(0x000000380b900000,0x000000380ba00000)]
  0x0000018e45066800 JavaThread "jar transforms Thread 168" [_thread_blocked, id=5360, stack(0x000000380ba00000,0x000000380bb00000)]
  0x0000018e40c02000 JavaThread "jar transforms Thread 169" [_thread_blocked, id=10680, stack(0x000000380bb00000,0x000000380bc00000)]
  0x0000018e40c05000 JavaThread "jar transforms Thread 170" [_thread_blocked, id=16060, stack(0x000000380bc00000,0x000000380bd00000)]
  0x0000018e40c02800 JavaThread "jar transforms Thread 171" [_thread_blocked, id=12116, stack(0x000000380bd00000,0x000000380be00000)]
  0x0000018e40c03800 JavaThread "jar transforms Thread 172" [_thread_blocked, id=10756, stack(0x000000380be00000,0x000000380bf00000)]
  0x0000018e40c04800 JavaThread "jar transforms Thread 173" [_thread_blocked, id=19100, stack(0x000000380bf00000,0x000000380c000000)]
  0x0000018e40c06000 JavaThread "jar transforms Thread 174" [_thread_blocked, id=4528, stack(0x000000380c000000,0x000000380c100000)]
  0x0000018e40c00800 JavaThread "jar transforms Thread 175" [_thread_blocked, id=11480, stack(0x000000380c100000,0x000000380c200000)]
  0x0000018e40c07000 JavaThread "jar transforms Thread 176" [_thread_blocked, id=4860, stack(0x000000380c200000,0x000000380c300000)]
  0x0000018e40c01000 JavaThread "jar transforms Thread 177" [_thread_blocked, id=9960, stack(0x000000380c300000,0x000000380c400000)]
  0x0000018e40c0b800 JavaThread "jar transforms Thread 178" [_thread_blocked, id=19316, stack(0x000000380c400000,0x000000380c500000)]
  0x0000018e40c0a000 JavaThread "jar transforms Thread 179" [_thread_blocked, id=8084, stack(0x000000380c500000,0x000000380c600000)]
  0x0000018e40c09800 JavaThread "jar transforms Thread 180" [_thread_blocked, id=2700, stack(0x000000380c600000,0x000000380c700000)]
  0x0000018e40c0b000 JavaThread "jar transforms Thread 181" [_thread_blocked, id=3372, stack(0x000000380c700000,0x000000380c800000)]
  0x0000018e40c0c800 JavaThread "jar transforms Thread 182" [_thread_blocked, id=16412, stack(0x000000380c800000,0x000000380c900000)]
  0x0000018e40c0d800 JavaThread "jar transforms Thread 183" [_thread_blocked, id=17516, stack(0x000000380c900000,0x000000380ca00000)]
  0x0000018e40c08800 JavaThread "jar transforms Thread 184" [_thread_blocked, id=17064, stack(0x000000380ca00000,0x000000380cb00000)]
  0x0000018e40c07800 JavaThread "jar transforms Thread 185" [_thread_blocked, id=18808, stack(0x000000380cb00000,0x000000380cc00000)]
  0x0000018e40c0e000 JavaThread "jar transforms Thread 186" [_thread_blocked, id=9252, stack(0x000000380cc00000,0x000000380cd00000)]
  0x0000018e40c0f000 JavaThread "jar transforms Thread 187" [_thread_blocked, id=16076, stack(0x000000380cd00000,0x000000380ce00000)]
  0x0000018e41803000 JavaThread "jar transforms Thread 188" [_thread_blocked, id=5124, stack(0x000000380ce00000,0x000000380cf00000)]
  0x0000018e41807000 JavaThread "jar transforms Thread 189" [_thread_blocked, id=19712, stack(0x000000380cf00000,0x000000380d000000)]
  0x0000018e41806800 JavaThread "jar transforms Thread 190" [_thread_blocked, id=15576, stack(0x000000380d000000,0x000000380d100000)]
  0x0000018e41808000 JavaThread "jar transforms Thread 191" [_thread_blocked, id=3312, stack(0x000000380d100000,0x000000380d200000)]
  0x0000018e41809800 JavaThread "jar transforms Thread 192" [_thread_blocked, id=8132, stack(0x000000380d200000,0x000000380d300000)]
  0x0000018e41804000 JavaThread "jar transforms Thread 193" [_thread_blocked, id=11640, stack(0x000000380d300000,0x000000380d400000)]
  0x0000018e41805800 JavaThread "jar transforms Thread 194" [_thread_blocked, id=9400, stack(0x000000380d400000,0x000000380d500000)]
  0x0000018e4180a800 JavaThread "build event listener" [_thread_blocked, id=12600, stack(0x000000380d500000,0x000000380d600000)]
  0x0000018e41804800 JavaThread "build event listener" [_thread_blocked, id=2596, stack(0x000000380d600000,0x000000380d700000)]
  0x0000018e4180d800 JavaThread "Execution worker for ':'" [_thread_blocked, id=2552, stack(0x000000380d700000,0x000000380d800000)]
  0x0000018e4180b800 JavaThread "Execution worker for ':' Thread 2" [_thread_blocked, id=14632, stack(0x000000380d900000,0x000000380da00000)]
  0x0000018e4180e800 JavaThread "Execution worker for ':' Thread 3" [_thread_blocked, id=6952, stack(0x000000380da00000,0x000000380db00000)]
  0x0000018e4180c000 JavaThread "Execution worker for ':' Thread 4" [_thread_blocked, id=11788, stack(0x000000380db00000,0x000000380dc00000)]
  0x0000018e4180d000 JavaThread "Execution worker for ':' Thread 5" [_thread_blocked, id=2928, stack(0x000000380dc00000,0x000000380dd00000)]
  0x0000018e41809000 JavaThread "Execution worker for ':' Thread 6" [_thread_blocked, id=6404, stack(0x000000380dd00000,0x000000380de00000)]
  0x0000018e4180f800 JavaThread "Execution worker for ':' Thread 7" [_thread_blocked, id=18928, stack(0x000000380de00000,0x000000380df00000)]
  0x0000018e41810000 JavaThread "Cache worker for execution history cache (C:\Users\Kacper\AndroidStudioProjects\FindNerbyPlaces\.gradle\6.7.1\executionHistory)" [_thread_blocked, id=14464, stack(0x000000380df00000,0x000000380e000000)]
  0x0000018e41811000 JavaThread "WorkerExecutor Queue" [_thread_blocked, id=5032, stack(0x000000380e000000,0x000000380e100000)]
  0x0000018e41812000 JavaThread "WorkerExecutor Queue Thread 2" [_thread_blocked, id=12944, stack(0x000000380e100000,0x000000380e200000)]
  0x0000018e49c29800 JavaThread "pool-7-thread-1" [_thread_blocked, id=3596, stack(0x000000380e200000,0x000000380e300000)]
  0x0000018e49c28000 JavaThread "stderr" [_thread_in_native, id=12844, stack(0x000000380e300000,0x000000380e400000)]
  0x0000018e49c2b000 JavaThread "stdout" [_thread_in_native, id=14456, stack(0x000000380e400000,0x000000380e500000)]
  0x0000018e49c2c000 JavaThread "Cache worker for Java compile cache (C:\Users\Kacper\.gradle\caches\6.7.1\javaCompile)" [_thread_blocked, id=19644, stack(0x0000003805e00000,0x0000003805f00000)]
  0x0000018e49c28800 JavaThread "Cache worker for Java compile cache (C:\Users\Kacper\AndroidStudioProjects\FindNerbyPlaces\.gradle\6.7.1\javaCompile)" [_thread_blocked, id=12364, stack(0x0000003806800000,0x0000003806900000)]
  0x0000018e49c26800 JavaThread "C2 CompilerThread1" daemon [_thread_blocked, id=10716, stack(0x000000380e500000,0x000000380e600000)]
  0x0000018e49c27000 JavaThread "WorkerExecutor Queue Thread 3" [_thread_blocked, id=18500, stack(0x000000380e600000,0x000000380e700000)]
  0x0000018e49c31000 JavaThread "WorkerExecutor Queue Thread 4" [_thread_blocked, id=19516, stack(0x000000380e700000,0x000000380e800000)]
  0x0000018e49c2d800 JavaThread "WorkerExecutor Queue Thread 5" [_thread_blocked, id=10224, stack(0x000000380e800000,0x000000380e900000)]
  0x0000018e49c33800 JavaThread "WorkerExecutor Queue Thread 6" [_thread_blocked, id=13620, stack(0x000000380e900000,0x000000380ea00000)]
  0x0000018e49c31800 JavaThread "WorkerExecutor Queue Thread 7" [_thread_blocked, id=6708, stack(0x000000380ea00000,0x000000380eb00000)]
  0x0000018e49c32800 JavaThread "WorkerExecutor Queue Thread 8" [_thread_blocked, id=2536, stack(0x000000380eb00000,0x000000380ec00000)]
  0x0000018e49c2e800 JavaThread "WorkerExecutor Queue Thread 9" [_thread_blocked, id=17788, stack(0x000000380ec00000,0x000000380ed00000)]

Other Threads:
=>0x0000018e3d777000 VMThread "VM Thread" [stack: 0x0000003804600000,0x0000003804700000] [id=16360]
  0x0000018e3e2a9000 WatcherThread [stack: 0x0000003805000000,0x0000003805100000] [id=2668]
  0x0000018e23485800 GCTaskThread "GC Thread#0" [stack: 0x0000003804100000,0x0000003804200000] [id=19744]
  0x0000018e3f046000 GCTaskThread "GC Thread#1" [stack: 0x0000003805200000,0x0000003805300000] [id=6924]
  0x0000018e3e966000 GCTaskThread "GC Thread#2" [stack: 0x0000003805300000,0x0000003805400000] [id=6380]
  0x0000018e405db000 GCTaskThread "GC Thread#3" [stack: 0x0000003805f00000,0x0000003806000000] [id=14112]
  0x0000018e3fb19800 GCTaskThread "GC Thread#4" [stack: 0x0000003806000000,0x0000003806100000] [id=13600]
  0x0000018e406c8800 GCTaskThread "GC Thread#5" [stack: 0x0000003806100000,0x0000003806200000] [id=19872]
  0x0000018e3f837000 GCTaskThread "GC Thread#6" [stack: 0x0000003806200000,0x0000003806300000] [id=1852]
  0x0000018e3ef6f000 GCTaskThread "GC Thread#7" [stack: 0x0000003806300000,0x0000003806400000] [id=3860]
  0x0000018e234bf000 ConcurrentGCThread "G1 Main Marker" [stack: 0x0000003804200000,0x0000003804300000] [id=3292]
  0x0000018e234c0800 ConcurrentGCThread "G1 Conc#0" [stack: 0x0000003804300000,0x0000003804400000] [id=12476]
  0x0000018e3f5da000 ConcurrentGCThread "G1 Conc#1" [stack: 0x0000003806600000,0x0000003806700000] [id=8768]
  0x0000018e3d5c4800 ConcurrentGCThread "G1 Refine#0" [stack: 0x0000003804400000,0x0000003804500000] [id=9164]
  0x0000018e2354e800 ConcurrentGCThread "G1 Young RemSet Sampling" [stack: 0x0000003804500000,0x0000003804600000] [id=620]

Threads with active compile tasks:
C2 CompilerThread01427715 14945       4       com.android.tools.r8.ir.conversion.o::a (1157 bytes)
C1 CompilerThread01427715 14984       2       com.android.tools.r8.v.b.p::previous (13 bytes)
C2 CompilerThread11427715 14917       4       com.android.tools.r8.graph.p::a (126 bytes)

VM state:at safepoint (normal execution)

VM Mutex/Monitor currently owned by a thread:  ([mutex/lock_event])
[0x0000018e2346c970] Threads_lock - owner thread: 0x0000018e3d777000
[0x0000018e2346e3e0] Heap_lock - owner thread: 0x0000018e49c31000

Heap address: 0x0000000080000000, size: 2048 MB, Compressed Oops mode: 32-bit
Narrow klass base: 0x0000000000000000, Narrow klass shift: 3
Compressed class space size: 1073741824 Address: 0x0000000100000000

Heap:
 garbage-first heap   total 225280K, used 103971K [0x0000000080000000, 0x0000000100000000)
  region size 1024K, 2 young (2048K), 2 survivors (2048K)
 Metaspace       used 111089K, capacity 114050K, committed 114252K, reserved 1148928K
  class space    used 14199K, capacity 15405K, committed 15436K, reserved 1048576K
Heap Regions: E=young(eden), S=young(survivor), O=old, HS=humongous(starts), HC=humongous(continues), CS=collection set, F=free, A=archive, TAMS=top-at-mark-start (previous, next)
|   0|0x0000000080000000, 0x0000000080100000, 0x0000000080100000|100%| O|  |TAMS 0x0000000080100000, 0x0000000080100000| Untracked 
|   1|0x0000000080100000, 0x0000000080200000, 0x0000000080200000|100%| O|  |TAMS 0x0000000080200000, 0x0000000080200000| Untracked 
|   2|0x0000000080200000, 0x0000000080300000, 0x0000000080300000|100%| O|  |TAMS 0x0000000080300000, 0x0000000080300000| Untracked 
|   3|0x0000000080300000, 0x0000000080400000, 0x0000000080400000|100%|HS|  |TAMS 0x0000000080400000, 0x0000000080400000| Complete 
|   4|0x0000000080400000, 0x0000000080500000, 0x0000000080500000|100%|HC|  |TAMS 0x0000000080500000, 0x0000000080500000| Complete 
|   5|0x0000000080500000, 0x0000000080600000, 0x0000000080600000|100%|HC|  |TAMS 0x0000000080600000, 0x0000000080600000| Complete 
|   6|0x0000000080600000, 0x0000000080700000, 0x0000000080700000|100%| O|  |TAMS 0x0000000080700000, 0x0000000080700000| Untracked 
|   7|0x0000000080700000, 0x0000000080800000, 0x0000000080800000|100%| O|  |TAMS 0x0000000080800000, 0x0000000080800000| Untracked 
|   8|0x0000000080800000, 0x0000000080900000, 0x0000000080900000|100%| O|  |TAMS 0x0000000080900000, 0x0000000080900000| Untracked 
|   9|0x0000000080900000, 0x0000000080a00000, 0x0000000080a00000|100%| O|  |TAMS 0x0000000080a00000, 0x0000000080a00000| Untracked 
|  10|0x0000000080a00000, 0x0000000080b00000, 0x0000000080b00000|100%| O|  |TAMS 0x0000000080b00000, 0x0000000080b00000| Untracked 
|  11|0x0000000080b00000, 0x0000000080c00000, 0x0000000080c00000|100%| O|  |TAMS 0x0000000080c00000, 0x0000000080c00000| Untracked 
|  12|0x0000000080c00000, 0x0000000080d00000, 0x0000000080d00000|100%| O|  |TAMS 0x0000000080d00000, 0x0000000080d00000| Untracked 
|  13|0x0000000080d00000, 0x0000000080e00000, 0x0000000080e00000|100%| O|  |TAMS 0x0000000080e00000, 0x0000000080e00000| Untracked 
|  14|0x0000000080e00000, 0x0000000080f00000, 0x0000000080f00000|100%| O|  |TAMS 0x0000000080f00000, 0x0000000080f00000| Untracked 
|  15|0x0000000080f00000, 0x0000000081000000, 0x0000000081000000|100%| O|  |TAMS 0x0000000081000000, 0x0000000081000000| Untracked 
|  16|0x0000000081000000, 0x0000000081100000, 0x0000000081100000|100%| O|  |TAMS 0x0000000081100000, 0x0000000081100000| Untracked 
|  17|0x0000000081100000, 0x0000000081200000, 0x0000000081200000|100%| O|  |TAMS 0x0000000081200000, 0x0000000081200000| Untracked 
|  18|0x0000000081200000, 0x0000000081300000, 0x0000000081300000|100%| O|  |TAMS 0x0000000081300000, 0x0000000081300000| Untracked 
|  19|0x0000000081300000, 0x0000000081400000, 0x0000000081400000|100%|HS|  |TAMS 0x0000000081400000, 0x0000000081400000| Complete 
|  20|0x0000000081400000, 0x0000000081500000, 0x0000000081500000|100%| O|  |TAMS 0x0000000081500000, 0x0000000081500000| Untracked 
|  21|0x0000000081500000, 0x0000000081600000, 0x0000000081600000|100%| O|  |TAMS 0x0000000081600000, 0x0000000081600000| Untracked 
|  22|0x0000000081600000, 0x0000000081700000, 0x0000000081700000|100%|HS|  |TAMS 0x0000000081700000, 0x0000000081700000| Complete 
|  23|0x0000000081700000, 0x0000000081800000, 0x0000000081800000|100%|HC|  |TAMS 0x0000000081800000, 0x0000000081800000| Complete 
|  24|0x0000000081800000, 0x0000000081900000, 0x0000000081900000|100%| O|  |TAMS 0x0000000081900000, 0x0000000081900000| Untracked 
|  25|0x0000000081900000, 0x0000000081a00000, 0x0000000081a00000|100%| O|  |TAMS 0x0000000081a00000, 0x0000000081a00000| Untracked 
|  26|0x0000000081a00000, 0x0000000081b00000, 0x0000000081b00000|100%| O|  |TAMS 0x0000000081b00000, 0x0000000081b00000| Untracked 
|  27|0x0000000081b00000, 0x0000000081c00000, 0x0000000081c00000|100%| O|  |TAMS 0x0000000081c00000, 0x0000000081c00000| Untracked 
|  28|0x0000000081c00000, 0x0000000081d00000, 0x0000000081d00000|100%| O|  |TAMS 0x0000000081d00000, 0x0000000081d00000| Untracked 
|  29|0x0000000081d00000, 0x0000000081e00000, 0x0000000081e00000|100%| O|  |TAMS 0x0000000081e00000, 0x0000000081e00000| Untracked 
|  30|0x0000000081e00000, 0x0000000081f00000, 0x0000000081f00000|100%| O|  |TAMS 0x0000000081f00000, 0x0000000081f00000| Untracked 
|  31|0x0000000081f00000, 0x0000000082000000, 0x0000000082000000|100%| O|  |TAMS 0x0000000082000000, 0x0000000082000000| Untracked 
|  32|0x0000000082000000, 0x0000000082100000, 0x0000000082100000|100%| O|  |TAMS 0x0000000082100000, 0x0000000082100000| Untracked 
|  33|0x0000000082100000, 0x0000000082200000, 0x0000000082200000|100%| O|  |TAMS 0x0000000082200000, 0x0000000082200000| Untracked 
|  34|0x0000000082200000, 0x0000000082300000, 0x0000000082300000|100%| O|  |TAMS 0x0000000082300000, 0x0000000082300000| Untracked 
|  35|0x0000000082300000, 0x0000000082400000, 0x0000000082400000|100%| O|  |TAMS 0x0000000082400000, 0x0000000082400000| Untracked 
|  36|0x0000000082400000, 0x0000000082500000, 0x0000000082500000|100%| O|  |TAMS 0x0000000082500000, 0x0000000082500000| Untracked 
|  37|0x0000000082500000, 0x0000000082600000, 0x0000000082600000|100%| O|  |TAMS 0x0000000082600000, 0x0000000082600000| Untracked 
|  38|0x0000000082600000, 0x0000000082700000, 0x0000000082700000|100%| O|  |TAMS 0x0000000082700000, 0x0000000082700000| Untracked 
|  39|0x0000000082700000, 0x0000000082800000, 0x0000000082800000|100%| O|  |TAMS 0x0000000082800000, 0x0000000082800000| Untracked 
|  40|0x0000000082800000, 0x0000000082900000, 0x0000000082900000|100%| O|  |TAMS 0x0000000082900000, 0x0000000082900000| Untracked 
|  41|0x0000000082900000, 0x0000000082a00000, 0x0000000082a00000|100%| O|  |TAMS 0x0000000082a00000, 0x0000000082a00000| Untracked 
|  42|0x0000000082a00000, 0x0000000082b00000, 0x0000000082b00000|100%| O|  |TAMS 0x0000000082b00000, 0x0000000082b00000| Untracked 
|  43|0x0000000082b00000, 0x0000000082c00000, 0x0000000082c00000|100%| O|  |TAMS 0x0000000082c00000, 0x0000000082c00000| Untracked 
|  44|0x0000000082c00000, 0x0000000082d00000, 0x0000000082d00000|100%| O|  |TAMS 0x0000000082d00000, 0x0000000082d00000| Untracked 
|  45|0x0000000082d00000, 0x0000000082e00000, 0x0000000082e00000|100%| O|  |TAMS 0x0000000082e00000, 0x0000000082e00000| Untracked 
|  46|0x0000000082e00000, 0x0000000082f00000, 0x0000000082f00000|100%| O|  |TAMS 0x0000000082f00000, 0x0000000082f00000| Untracked 
|  47|0x0000000082f00000, 0x0000000083000000, 0x0000000083000000|100%| O|  |TAMS 0x0000000083000000, 0x0000000083000000| Untracked 
|  48|0x0000000083000000, 0x0000000083100000, 0x0000000083100000|100%| O|  |TAMS 0x0000000083100000, 0x0000000083100000| Untracked 
|  49|0x0000000083100000, 0x0000000083200000, 0x0000000083200000|100%| O|  |TAMS 0x0000000083200000, 0x0000000083200000| Untracked 
|  50|0x0000000083200000, 0x0000000083300000, 0x0000000083300000|100%| O|  |TAMS 0x0000000083300000, 0x0000000083300000| Untracked 
|  51|0x0000000083300000, 0x00000000833d4a00, 0x0000000083400000| 83%| O|  |TAMS 0x0000000083300000, 0x0000000083300000| Untracked 
|  52|0x0000000083400000, 0x0000000083500000, 0x0000000083500000|100%| O|  |TAMS 0x0000000083500000, 0x0000000083500000| Untracked 
|  53|0x0000000083500000, 0x0000000083600000, 0x0000000083600000|100%| O|  |TAMS 0x0000000083600000, 0x0000000083600000| Untracked 
|  54|0x0000000083600000, 0x0000000083700000, 0x0000000083700000|100%| O|  |TAMS 0x0000000083700000, 0x0000000083700000| Untracked 
|  55|0x0000000083700000, 0x0000000083800000, 0x0000000083800000|100%| O|  |TAMS 0x0000000083800000, 0x0000000083800000| Untracked 
|  56|0x0000000083800000, 0x0000000083900000, 0x0000000083900000|100%| O|  |TAMS 0x0000000083900000, 0x0000000083900000| Untracked 
|  57|0x0000000083900000, 0x0000000083a00000, 0x0000000083a00000|100%| O|  |TAMS 0x0000000083a00000, 0x0000000083a00000| Untracked 
|  58|0x0000000083a00000, 0x0000000083b00000, 0x0000000083b00000|100%| O|  |TAMS 0x0000000083b00000, 0x0000000083b00000| Untracked 
|  59|0x0000000083b00000, 0x0000000083c00000, 0x0000000083c00000|100%| O|  |TAMS 0x0000000083c00000, 0x0000000083c00000| Untracked 
|  60|0x0000000083c00000, 0x0000000083d00000, 0x0000000083d00000|100%| O|  |TAMS 0x0000000083d00000, 0x0000000083d00000| Untracked 
|  61|0x0000000083d00000, 0x0000000083e00000, 0x0000000083e00000|100%| O|  |TAMS 0x0000000083e00000, 0x0000000083e00000| Untracked 
|  62|0x0000000083e00000, 0x0000000083f00000, 0x0000000083f00000|100%| O|  |TAMS 0x0000000083f00000, 0x0000000083f00000| Untracked 
|  63|0x0000000083f00000, 0x0000000084000000, 0x0000000084000000|100%| O|  |TAMS 0x0000000084000000, 0x0000000084000000| Untracked 
|  64|0x0000000084000000, 0x0000000084100000, 0x0000000084100000|100%| O|  |TAMS 0x0000000084100000, 0x0000000084100000| Untracked 
|  65|0x0000000084100000, 0x0000000084200000, 0x0000000084200000|100%| O|  |TAMS 0x0000000084200000, 0x0000000084200000| Untracked 
|  66|0x0000000084200000, 0x0000000084300000, 0x0000000084300000|100%| O|  |TAMS 0x0000000084300000, 0x0000000084300000| Untracked 
|  67|0x0000000084300000, 0x0000000084400000, 0x0000000084400000|100%| O|  |TAMS 0x0000000084400000, 0x0000000084400000| Untracked 
|  68|0x0000000084400000, 0x0000000084500000, 0x0000000084500000|100%| O|  |TAMS 0x0000000084500000, 0x0000000084500000| Untracked 
|  69|0x0000000084500000, 0x0000000084600000, 0x0000000084600000|100%| O|  |TAMS 0x0000000084600000, 0x0000000084600000| Untracked 
|  70|0x0000000084600000, 0x0000000084700000, 0x0000000084700000|100%|HS|  |TAMS 0x0000000084700000, 0x0000000084700000| Complete 
|  71|0x0000000084700000, 0x0000000084800000, 0x0000000084800000|100%|HC|  |TAMS 0x0000000084800000, 0x0000000084800000| Complete 
|  72|0x0000000084800000, 0x0000000084900000, 0x0000000084900000|100%| O|  |TAMS 0x0000000084900000, 0x0000000084900000| Untracked 
|  73|0x0000000084900000, 0x0000000084a00000, 0x0000000084a00000|100%| O|  |TAMS 0x0000000084a00000, 0x0000000084a00000| Untracked 
|  74|0x0000000084a00000, 0x0000000084b00000, 0x0000000084b00000|100%| O|  |TAMS 0x0000000084b00000, 0x0000000084b00000| Untracked 
|  75|0x0000000084b00000, 0x0000000084b00000, 0x0000000084c00000|  0%| F|  |TAMS 0x0000000084b00000, 0x0000000084b00000| Untracked 
|  76|0x0000000084c00000, 0x0000000084d00000, 0x0000000084d00000|100%| O|  |TAMS 0x0000000084d00000, 0x0000000084d00000| Untracked 
|  77|0x0000000084d00000, 0x0000000084e00000, 0x0000000084e00000|100%| O|  |TAMS 0x0000000084e00000, 0x0000000084e00000| Untracked 
|  78|0x0000000084e00000, 0x0000000084f00000, 0x0000000084f00000|100%| O|  |TAMS 0x0000000084f00000, 0x0000000084f00000| Untracked 
|  79|0x0000000084f00000, 0x0000000085000000, 0x0000000085000000|100%| O|  |TAMS 0x0000000085000000, 0x0000000085000000| Untracked 
|  80|0x0000000085000000, 0x0000000085100000, 0x0000000085100000|100%| O|  |TAMS 0x0000000085100000, 0x0000000085100000| Untracked 
|  81|0x0000000085100000, 0x0000000085200000, 0x0000000085200000|100%| O|  |TAMS 0x0000000085167200, 0x0000000085200000| Untracked 
|  82|0x0000000085200000, 0x0000000085300000, 0x0000000085300000|100%| O|  |TAMS 0x0000000085200000, 0x0000000085300000| Untracked 
|  83|0x0000000085300000, 0x0000000085300000, 0x0000000085400000|  0%| F|  |TAMS 0x0000000085300000, 0x0000000085300000| Untracked 
|  84|0x0000000085400000, 0x0000000085400000, 0x0000000085500000|  0%| F|  |TAMS 0x0000000085400000, 0x0000000085400000| Untracked 
|  85|0x0000000085500000, 0x0000000085500000, 0x0000000085600000|  0%| F|  |TAMS 0x0000000085500000, 0x0000000085500000| Untracked 
|  86|0x0000000085600000, 0x0000000085700000, 0x0000000085700000|100%| O|  |TAMS 0x0000000085700000, 0x0000000085700000| Untracked 
|  87|0x0000000085700000, 0x0000000085800000, 0x0000000085800000|100%| O|  |TAMS 0x0000000085800000, 0x0000000085800000| Untracked 
|  88|0x0000000085800000, 0x0000000085900000, 0x0000000085900000|100%|HS|  |TAMS 0x0000000085900000, 0x0000000085900000| Complete 
|  89|0x0000000085900000, 0x0000000085a00000, 0x0000000085a00000|100%|HC|  |TAMS 0x0000000085a00000, 0x0000000085a00000| Complete 
|  90|0x0000000085a00000, 0x0000000085b00000, 0x0000000085b00000|100%| O|  |TAMS 0x0000000085b00000, 0x0000000085b00000| Untracked 
|  91|0x0000000085b00000, 0x0000000085c00000, 0x0000000085c00000|100%| O|  |TAMS 0x0000000085c00000, 0x0000000085c00000| Untracked 
|  92|0x0000000085c00000, 0x0000000085d00000, 0x0000000085d00000|100%| O|  |TAMS 0x0000000085d00000, 0x0000000085d00000| Untracked 
|  93|0x0000000085d00000, 0x0000000085e00000, 0x0000000085e00000|100%| O|  |TAMS 0x0000000085e00000, 0x0000000085e00000| Untracked 
|  94|0x0000000085e00000, 0x0000000085f00000, 0x0000000085f00000|100%| O|  |TAMS 0x0000000085f00000, 0x0000000085f00000| Untracked 
|  95|0x0000000085f00000, 0x0000000086000000, 0x0000000086000000|100%| O|  |TAMS 0x0000000086000000, 0x0000000086000000| Untracked 
|  96|0x0000000086000000, 0x0000000086000000, 0x0000000086100000|  0%| F|  |TAMS 0x0000000086000000, 0x0000000086000000| Untracked 
|  97|0x0000000086100000, 0x0000000086200000, 0x0000000086200000|100%| O|  |TAMS 0x0000000086100000, 0x0000000086200000| Untracked 
|  98|0x0000000086200000, 0x0000000086300000, 0x0000000086300000|100%| O|  |TAMS 0x0000000086200000, 0x0000000086300000| Untracked 
|  99|0x0000000086300000, 0x0000000086400000, 0x0000000086400000|100%| O|  |TAMS 0x0000000086300000, 0x0000000086400000| Untracked 
| 100|0x0000000086400000, 0x0000000086500000, 0x0000000086500000|100%| O|  |TAMS 0x0000000086400000, 0x0000000086500000| Untracked 
| 101|0x0000000086500000, 0x0000000086600000, 0x0000000086600000|100%| O|  |TAMS 0x0000000086500000, 0x0000000086600000| Untracked 
| 102|0x0000000086600000, 0x0000000086700000, 0x0000000086700000|100%| O|  |TAMS 0x0000000086600000, 0x0000000086700000| Untracked 
| 103|0x0000000086700000, 0x0000000086800000, 0x0000000086800000|100%| O|  |TAMS 0x0000000086700000, 0x0000000086800000| Untracked 
| 104|0x0000000086800000, 0x0000000086900000, 0x0000000086900000|100%| O|  |TAMS 0x0000000086800000, 0x00000000868da800| Untracked 
| 105|0x0000000086900000, 0x0000000086900000, 0x0000000086a00000|  0%| F|  |TAMS 0x0000000086900000, 0x0000000086900000| Untracked 
| 106|0x0000000086a00000, 0x0000000086a00000, 0x0000000086b00000|  0%| F|  |TAMS 0x0000000086a00000, 0x0000000086a00000| Untracked 
| 107|0x0000000086b00000, 0x0000000086b00000, 0x0000000086c00000|  0%| F|  |TAMS 0x0000000086b00000, 0x0000000086b00000| Untracked 
| 108|0x0000000086c00000, 0x0000000086c00000, 0x0000000086d00000|  0%| F|  |TAMS 0x0000000086c00000, 0x0000000086c00000| Untracked 
| 109|0x0000000086d00000, 0x0000000086d00000, 0x0000000086e00000|  0%| F|  |TAMS 0x0000000086d00000, 0x0000000086d00000| Untracked 
| 110|0x0000000086e00000, 0x0000000086e00000, 0x0000000086f00000|  0%| F|  |TAMS 0x0000000086e00000, 0x0000000086e00000| Untracked 
| 111|0x0000000086f00000, 0x0000000086f00000, 0x0000000087000000|  0%| F|  |TAMS 0x0000000086f00000, 0x0000000086f00000| Untracked 
| 112|0x0000000087000000, 0x0000000087000000, 0x0000000087100000|  0%| F|  |TAMS 0x0000000087000000, 0x0000000087000000| Untracked 
| 113|0x0000000087100000, 0x0000000087100000, 0x0000000087200000|  0%| F|  |TAMS 0x0000000087100000, 0x0000000087100000| Untracked 
| 114|0x0000000087200000, 0x0000000087200000, 0x0000000087300000|  0%| F|  |TAMS 0x0000000087200000, 0x0000000087200000| Untracked 
| 115|0x0000000087300000, 0x0000000087300000, 0x0000000087400000|  0%| F|  |TAMS 0x0000000087300000, 0x0000000087300000| Untracked 
| 116|0x0000000087400000, 0x0000000087400000, 0x0000000087500000|  0%| F|  |TAMS 0x0000000087400000, 0x0000000087400000| Untracked 
| 117|0x0000000087500000, 0x0000000087500000, 0x0000000087600000|  0%| F|  |TAMS 0x0000000087500000, 0x0000000087500000| Untracked 
| 118|0x0000000087600000, 0x0000000087600000, 0x0000000087700000|  0%| F|  |TAMS 0x0000000087600000, 0x0000000087600000| Untracked 
| 119|0x0000000087700000, 0x0000000087700000, 0x0000000087800000|  0%| F|  |TAMS 0x0000000087700000, 0x0000000087700000| Untracked 
| 120|0x0000000087800000, 0x0000000087800000, 0x0000000087900000|  0%| F|  |TAMS 0x0000000087800000, 0x0000000087800000| Untracked 
| 121|0x0000000087900000, 0x0000000087900000, 0x0000000087a00000|  0%| F|  |TAMS 0x0000000087900000, 0x0000000087900000| Untracked 
| 122|0x0000000087a00000, 0x0000000087a00000, 0x0000000087b00000|  0%| F|  |TAMS 0x0000000087a00000, 0x0000000087a00000| Untracked 
| 123|0x0000000087b00000, 0x0000000087b00000, 0x0000000087c00000|  0%| F|  |TAMS 0x0000000087b00000, 0x0000000087b00000| Untracked 
| 124|0x0000000087c00000, 0x0000000087c00000, 0x0000000087d00000|  0%| F|  |TAMS 0x0000000087c00000, 0x0000000087c00000| Untracked 
| 125|0x0000000087d00000, 0x0000000087d00000, 0x0000000087e00000|  0%| F|  |TAMS 0x0000000087d00000, 0x0000000087d00000| Untracked 
| 126|0x0000000087e00000, 0x0000000087e00000, 0x0000000087f00000|  0%| F|  |TAMS 0x0000000087e00000, 0x0000000087e00000| Untracked 
| 127|0x0000000087f00000, 0x0000000087f00000, 0x0000000088000000|  0%| F|  |TAMS 0x0000000087f00000, 0x0000000087f00000| Untracked 
| 128|0x0000000088000000, 0x0000000088000000, 0x0000000088100000|  0%| F|  |TAMS 0x0000000088000000, 0x0000000088000000| Untracked 
| 129|0x0000000088100000, 0x0000000088100000, 0x0000000088200000|  0%| F|  |TAMS 0x0000000088100000, 0x0000000088100000| Untracked 
| 130|0x0000000088200000, 0x0000000088200000, 0x0000000088300000|  0%| F|  |TAMS 0x0000000088200000, 0x0000000088200000| Untracked 
| 131|0x0000000088300000, 0x00000000883b4500, 0x0000000088400000| 70%| S|CS|TAMS 0x0000000088300000, 0x0000000088300000| Complete 
| 132|0x0000000088400000, 0x0000000088500000, 0x0000000088500000|100%| S|CS|TAMS 0x0000000088400000, 0x0000000088400000| Complete 
| 133|0x0000000088500000, 0x0000000088500000, 0x0000000088600000|  0%| F|  |TAMS 0x0000000088500000, 0x0000000088500000| Untracked 
| 134|0x0000000088600000, 0x0000000088600000, 0x0000000088700000|  0%| F|  |TAMS 0x0000000088600000, 0x0000000088600000| Untracked 
| 135|0x0000000088700000, 0x0000000088700000, 0x0000000088800000|  0%| F|  |TAMS 0x0000000088700000, 0x0000000088700000| Untracked 
| 136|0x0000000088800000, 0x0000000088800000, 0x0000000088900000|  0%| F|  |TAMS 0x0000000088800000, 0x0000000088800000| Untracked 
| 137|0x0000000088900000, 0x0000000088900000, 0x0000000088a00000|  0%| F|  |TAMS 0x0000000088900000, 0x0000000088900000| Untracked 
| 138|0x0000000088a00000, 0x0000000088a00000, 0x0000000088b00000|  0%| F|  |TAMS 0x0000000088a00000, 0x0000000088a00000| Untracked 
| 139|0x0000000088b00000, 0x0000000088b00000, 0x0000000088c00000|  0%| F|  |TAMS 0x0000000088b00000, 0x0000000088b00000| Untracked 
| 140|0x0000000088c00000, 0x0000000088c00000, 0x0000000088d00000|  0%| F|  |TAMS 0x0000000088c00000, 0x0000000088c00000| Untracked 
| 141|0x0000000088d00000, 0x0000000088d00000, 0x0000000088e00000|  0%| F|  |TAMS 0x0000000088d00000, 0x0000000088d00000| Untracked 
| 142|0x0000000088e00000, 0x0000000088e00000, 0x0000000088f00000|  0%| F|  |TAMS 0x0000000088e00000, 0x0000000088e00000| Untracked 
| 143|0x0000000088f00000, 0x0000000088f00000, 0x0000000089000000|  0%| F|  |TAMS 0x0000000088f00000, 0x0000000088f00000| Untracked 
| 144|0x0000000089000000, 0x0000000089000000, 0x0000000089100000|  0%| F|  |TAMS 0x0000000089000000, 0x0000000089000000| Untracked 
| 145|0x0000000089100000, 0x0000000089100000, 0x0000000089200000|  0%| F|  |TAMS 0x0000000089100000, 0x0000000089100000| Untracked 
| 146|0x0000000089200000, 0x0000000089200000, 0x0000000089300000|  0%| F|  |TAMS 0x0000000089200000, 0x0000000089200000| Untracked 
| 147|0x0000000089300000, 0x0000000089300000, 0x0000000089400000|  0%| F|  |TAMS 0x0000000089300000, 0x0000000089300000| Untracked 
| 148|0x0000000089400000, 0x0000000089400000, 0x0000000089500000|  0%| F|  |TAMS 0x0000000089400000, 0x0000000089400000| Untracked 
| 149|0x0000000089500000, 0x0000000089500000, 0x0000000089600000|  0%| F|  |TAMS 0x0000000089500000, 0x0000000089500000| Untracked 
| 150|0x0000000089600000, 0x0000000089600000, 0x0000000089700000|  0%| F|  |TAMS 0x0000000089600000, 0x0000000089600000| Untracked 
| 151|0x0000000089700000, 0x0000000089700000, 0x0000000089800000|  0%| F|  |TAMS 0x0000000089700000, 0x0000000089700000| Untracked 

Card table byte_map: [0x0000018e36530000,0x0000018e36930000] _byte_map_base: 0x0000018e36130000

Marking Bits (Prev, Next): (CMBitMap*) 0x0000018e234b6570, (CMBitMap*) 0x0000018e234b6538
 Prev Bits: [0x0000018e38d30000, 0x0000018e3ad30000)
 Next Bits: [0x0000018e36d30000, 0x0000018e38d30000)

Polling page: 0x0000018e21440000

Metaspace:

Usage:
  Non-class:     96.33 MB capacity,    94.62 MB ( 98%) used,     1.38 MB (  1%) free+waste,   339.88 KB ( <1%) overhead. 
      Class:     15.04 MB capacity,    13.87 MB ( 92%) used,     1.01 MB (  7%) free+waste,   168.69 KB (  1%) overhead. 
       Both:    111.38 MB capacity,   108.49 MB ( 97%) used,     2.39 MB (  2%) free+waste,   508.56 KB ( <1%) overhead. 

Virtual space:
  Non-class space:       98.00 MB reserved,      96.50 MB ( 98%) committed 
      Class space:        1.00 GB reserved,      15.07 MB (  1%) committed 
             Both:        1.10 GB reserved,     111.57 MB ( 10%) committed 

Chunk freelists:
   Non-Class:  43.00 KB
       Class:  0 bytes
        Both:  43.00 KB

MaxMetaspaceSize: 17179869184.00 GB
CompressedClassSpaceSize: 1.00 GB

CodeHeap 'non-profiled nmethods': size=120000Kb used=8078Kb max_used=8078Kb free=111921Kb
 bounds [0x0000018e2e8c0000, 0x0000018e2f0b0000, 0x0000018e35df0000]
CodeHeap 'profiled nmethods': size=120000Kb used=29174Kb max_used=29174Kb free=90826Kb
 bounds [0x0000018e27390000, 0x0000018e29020000, 0x0000018e2e8c0000]
CodeHeap 'non-nmethods': size=5760Kb used=2312Kb max_used=2348Kb free=3448Kb
 bounds [0x0000018e26df0000, 0x0000018e27060000, 0x0000018e27390000]
 total_blobs=15003 nmethods=14081 adapters=832
 compilation: enabled
              stopped_count=0, restarted_count=0
 full_count=0

Compilation events (20 events):
Event: 1427.652 Thread 0x0000018e3e113000 nmethod 14982 0x0000018e29010210 code [0x0000018e290103e0, 0x0000018e29010598]
Event: 1427.653 Thread 0x0000018e3e113000 14997       2       java.util.BitSet::<init> (56 bytes)
Event: 1427.653 Thread 0x0000018e3e113000 nmethod 14997 0x0000018e29010710 code [0x0000018e29010920, 0x0000018e29010df8]
Event: 1427.653 Thread 0x0000018e3e113000 14993       2       com.android.tools.r8.v.b.o0::a (28 bytes)
Event: 1427.653 Thread 0x0000018e3e113000 nmethod 14993 0x0000018e29011010 code [0x0000018e290111c0, 0x0000018e290112b8]
Event: 1427.653 Thread 0x0000018e3e113000 14972       2       java.util.Collections$SetFromMap::iterator (10 bytes)
Event: 1427.653 Thread 0x0000018e3e113000 nmethod 14972 0x0000018e29011390 code [0x0000018e29011540, 0x0000018e29011668]
Event: 1427.653 Thread 0x0000018e3e113000 14999       1       com.android.tools.r8.dex.P$k::c (5 bytes)
Event: 1427.653 Thread 0x0000018e3e113000 nmethod 14999 0x0000018e2f0a3590 code [0x0000018e2f0a3740, 0x0000018e2f0a37d8]
Event: 1427.653 Thread 0x0000018e3e113000 15000       1       com.android.tools.r8.dex.P$k::f (5 bytes)
Event: 1427.653 Thread 0x0000018e3e113000 nmethod 15000 0x0000018e2f0a3890 code [0x0000018e2f0a3a40, 0x0000018e2f0a3ad8]
Event: 1427.653 Thread 0x0000018e3e113000 14995       2       com.android.tools.r8.ir.regalloc.b::a (27 bytes)
Event: 1427.654 Thread 0x0000018e3e113000 nmethod 14995 0x0000018e29011710 code [0x0000018e290118c0, 0x0000018e29011a28]
Event: 1427.654 Thread 0x0000018e3e113000 14976       2       java.lang.Integer::compareTo (9 bytes)
Event: 1427.656 Thread 0x0000018e3e113000 nmethod 14976 0x0000018e29011b90 code [0x0000018e29011d40, 0x0000018e29011eb8]
Event: 1427.656 Thread 0x0000018e3e113000 14977       2       java.lang.Integer::compareTo (12 bytes)
Event: 1427.656 Thread 0x0000018e3e113000 nmethod 14977 0x0000018e29011f90 code [0x0000018e29012140, 0x0000018e29012278]
Event: 1427.656 Thread 0x0000018e3e113000 14974       2       java.util.BitSet::initWords (15 bytes)
Event: 1427.656 Thread 0x0000018e3e113000 nmethod 14974 0x0000018e29012310 code [0x0000018e290124c0, 0x0000018e290126b8]
Event: 1427.656 Thread 0x0000018e3e113000 14984       2       com.android.tools.r8.v.b.p::previous (13 bytes)

GC Heap History (20 events):
Event: 1426.692 GC heap after
{Heap after GC invocations=49 (full 0):
 garbage-first heap   total 129024K, used 92810K [0x0000000080000000, 0x0000000100000000)
  region size 1024K, 2 young (2048K), 2 survivors (2048K)
 Metaspace       used 101898K, capacity 104179K, committed 104396K, reserved 1140736K
  class space    used 12714K, capacity 13504K, committed 13516K, reserved 1048576K
}
Event: 1426.723 GC heap before
{Heap before GC invocations=49 (full 0):
 garbage-first heap   total 129024K, used 95882K [0x0000000080000000, 0x0000000100000000)
  region size 1024K, 6 young (6144K), 2 survivors (2048K)
 Metaspace       used 102114K, capacity 104422K, committed 104524K, reserved 1140736K
  class space    used 12752K, capacity 13564K, committed 13644K, reserved 1048576K
}
Event: 1426.735 GC heap after
{Heap after GC invocations=50 (full 0):
 garbage-first heap   total 129024K, used 88544K [0x0000000080000000, 0x0000000100000000)
  region size 1024K, 1 young (1024K), 1 survivors (1024K)
 Metaspace       used 102114K, capacity 104422K, committed 104524K, reserved 1140736K
  class space    used 12752K, capacity 13564K, committed 13644K, reserved 1048576K
}
Event: 1426.955 GC heap before
{Heap before GC invocations=50 (full 0):
 garbage-first heap   total 129024K, used 101856K [0x0000000080000000, 0x0000000100000000)
  region size 1024K, 15 young (15360K), 1 survivors (1024K)
 Metaspace       used 104481K, capacity 106910K, committed 107212K, reserved 1142784K
  class space    used 13115K, capacity 13977K, committed 14028K, reserved 1048576K
}
Event: 1426.959 GC heap after
{Heap after GC invocations=51 (full 0):
 garbage-first heap   total 129024K, used 90453K [0x0000000080000000, 0x0000000100000000)
  region size 1024K, 2 young (2048K), 2 survivors (2048K)
 Metaspace       used 104481K, capacity 106910K, committed 107212K, reserved 1142784K
  class space    used 13115K, capacity 13977K, committed 14028K, reserved 1048576K
}
Event: 1427.027 GC heap before
{Heap before GC invocations=51 (full 0):
 garbage-first heap   total 129024K, used 103765K [0x0000000080000000, 0x0000000100000000)
  region size 1024K, 15 young (15360K), 2 survivors (2048K)
 Metaspace       used 104902K, capacity 107350K, committed 107596K, reserved 1142784K
  class space    used 13176K, capacity 14060K, committed 14156K, reserved 1048576K
}
Event: 1427.033 GC heap after
{Heap after GC invocations=52 (full 0):
 garbage-first heap   total 129024K, used 95489K [0x0000000080000000, 0x0000000100000000)
  region size 1024K, 2 young (2048K), 2 survivors (2048K)
 Metaspace       used 104902K, capacity 107350K, committed 107596K, reserved 1142784K
  class space    used 13176K, capacity 14060K, committed 14156K, reserved 1048576K
}
Event: 1427.061 GC heap before
{Heap before GC invocations=52 (full 0):
 garbage-first heap   total 129024K, used 105729K [0x0000000080000000, 0x0000000100000000)
  region size 1024K, 12 young (12288K), 2 survivors (2048K)
 Metaspace       used 104911K, capacity 107356K, committed 107596K, reserved 1142784K
  class space    used 13177K, capacity 14062K, committed 14156K, reserved 1048576K
}
Event: 1427.068 GC heap after
{Heap after GC invocations=53 (full 0):
 garbage-first heap   total 129024K, used 99740K [0x0000000080000000, 0x0000000100000000)
  region size 1024K, 2 young (2048K), 2 survivors (2048K)
 Metaspace       used 104911K, capacity 107356K, committed 107596K, reserved 1142784K
  class space    used 13177K, capacity 14062K, committed 14156K, reserved 1048576K
}
Event: 1427.108 GC heap before
{Heap before GC invocations=53 (full 0):
 garbage-first heap   total 129024K, used 107932K [0x0000000080000000, 0x0000000100000000)
  region size 1024K, 10 young (10240K), 2 survivors (2048K)
 Metaspace       used 104998K, capacity 107434K, committed 107596K, reserved 1142784K
  class space    used 13189K, capacity 14067K, committed 14156K, reserved 1048576K
}
Event: 1427.114 GC heap after
{Heap after GC invocations=54 (full 0):
 garbage-first heap   total 129024K, used 102754K [0x0000000080000000, 0x0000000100000000)
  region size 1024K, 2 young (2048K), 2 survivors (2048K)
 Metaspace       used 104998K, capacity 107434K, committed 107596K, reserved 1142784K
  class space    used 13189K, capacity 14067K, committed 14156K, reserved 1048576K
}
Event: 1427.166 GC heap before
{Heap before GC invocations=54 (full 0):
 garbage-first heap   total 129024K, used 107874K [0x0000000080000000, 0x0000000100000000)
  region size 1024K, 8 young (8192K), 2 survivors (2048K)
 Metaspace       used 105567K, capacity 108011K, committed 108236K, reserved 1142784K
  class space    used 13265K, capacity 14152K, committed 14284K, reserved 1048576K
}
Event: 1427.174 GC heap after
{Heap after GC invocations=55 (full 0):
 garbage-first heap   total 155648K, used 104245K [0x0000000080000000, 0x0000000100000000)
  region size 1024K, 1 young (1024K), 1 survivors (1024K)
 Metaspace       used 105567K, capacity 108011K, committed 108236K, reserved 1142784K
  class space    used 13265K, capacity 14152K, committed 14284K, reserved 1048576K
}
Event: 1427.382 GC heap before
{Heap before GC invocations=56 (full 0):
 garbage-first heap   total 155648K, used 118581K [0x0000000080000000, 0x0000000100000000)
  region size 1024K, 16 young (16384K), 1 survivors (1024K)
 Metaspace       used 108263K, capacity 111014K, committed 111180K, reserved 1144832K
  class space    used 13791K, capacity 14881K, committed 14924K, reserved 1048576K
}
Event: 1427.388 GC heap after
{Heap after GC invocations=57 (full 0):
 garbage-first heap   total 155648K, used 105901K [0x0000000080000000, 0x0000000100000000)
  region size 1024K, 2 young (2048K), 2 survivors (2048K)
 Metaspace       used 108263K, capacity 111014K, committed 111180K, reserved 1144832K
  class space    used 13791K, capacity 14881K, committed 14924K, reserved 1048576K
}
Event: 1427.440 GC heap before
{Heap before GC invocations=57 (full 0):
 garbage-first heap   total 155648K, used 109997K [0x0000000080000000, 0x0000000100000000)
  region size 1024K, 7 young (7168K), 2 survivors (2048K)
 Metaspace       used 109216K, capacity 112007K, committed 112076K, reserved 1146880K
  class space    used 13936K, capacity 15046K, committed 15052K, reserved 1048576K
}
Event: 1427.446 GC heap after
{Heap after GC invocations=58 (full 0):
 garbage-first heap   total 155648K, used 102070K [0x0000000080000000, 0x0000000100000000)
  region size 1024K, 1 young (1024K), 1 survivors (1024K)
 Metaspace       used 109216K, capacity 112007K, committed 112076K, reserved 1146880K
  class space    used 13936K, capacity 15046K, committed 15052K, reserved 1048576K
}
Event: 1427.546 GC heap before
{Heap before GC invocations=58 (full 0):
 garbage-first heap   total 155648K, used 118454K [0x0000000080000000, 0x0000000100000000)
  region size 1024K, 17 young (17408K), 1 survivors (1024K)
 Metaspace       used 110325K, capacity 113190K, committed 113356K, reserved 1146880K
  class space    used 14103K, capacity 15267K, committed 15308K, reserved 1048576K
}
Event: 1427.552 GC heap after
{Heap after GC invocations=59 (full 0):
 garbage-first heap   total 155648K, used 103053K [0x0000000080000000, 0x0000000100000000)
  region size 1024K, 2 young (2048K), 2 survivors (2048K)
 Metaspace       used 110325K, capacity 113190K, committed 113356K, reserved 1146880K
  class space    used 14103K, capacity 15267K, committed 15308K, reserved 1048576K
}
Event: 1427.656 GC heap before
{Heap before GC invocations=59 (full 0):
 garbage-first heap   total 155648K, used 120461K [0x0000000080000000, 0x0000000100000000)
  region size 1024K, 19 young (19456K), 2 survivors (2048K)
 Metaspace       used 111089K, capacity 114050K, committed 114252K, reserved 1148928K
  class space    used 14199K, capacity 15405K, committed 15436K, reserved 1048576K
}

Deoptimization events (20 events):
Event: 1427.479 Thread 0x0000018e41812000 DEOPT PACKING pc=0x0000018e2f040498 sp=0x000000380e1fc430
Event: 1427.479 Thread 0x0000018e41812000 DEOPT UNPACKING pc=0x0000018e26e174af sp=0x000000380e1fc3c8 mode 2
Event: 1427.509 Thread 0x0000018e41812000 Uncommon trap: trap_request=0xffffff4d fr.pc=0x0000018e2ed4b1a4 relative=0x0000000000001084
Event: 1427.509 Thread 0x0000018e41812000 Uncommon trap: reason=unstable_if action=reinterpret pc=0x0000018e2ed4b1a4 method=java.util.HashMap.computeIfAbsent(Ljava/lang/Object;Ljava/util/function/Function;)Ljava/lang/Object; @ 145 c2
Event: 1427.509 Thread 0x0000018e41812000 DEOPT PACKING pc=0x0000018e2ed4b1a4 sp=0x000000380e1fc3f0
Event: 1427.509 Thread 0x0000018e41812000 DEOPT UNPACKING pc=0x0000018e26e174af sp=0x000000380e1fc3d0 mode 2
Event: 1427.553 Thread 0x0000018e49c33800 DEOPT PACKING pc=0x0000018e28e0ab47 sp=0x000000380e9fbe60
Event: 1427.553 Thread 0x0000018e49c33800 DEOPT UNPACKING pc=0x0000018e26e172ce sp=0x000000380e9fb7a8 mode 0
Event: 1427.554 Thread 0x0000018e49c32800 DEOPT PACKING pc=0x0000018e28fceade sp=0x000000380ebfcc80
Event: 1427.554 Thread 0x0000018e49c32800 DEOPT UNPACKING pc=0x0000018e26e172ce sp=0x000000380ebfc128 mode 0
Event: 1427.558 Thread 0x0000018e49c32800 DEOPT PACKING pc=0x0000018e28fceade sp=0x000000380ebfcc80
Event: 1427.558 Thread 0x0000018e49c32800 DEOPT UNPACKING pc=0x0000018e26e172ce sp=0x000000380ebfc128 mode 0
Event: 1427.560 Thread 0x0000018e49c32800 DEOPT PACKING pc=0x0000018e28fceade sp=0x000000380ebfcc80
Event: 1427.560 Thread 0x0000018e49c32800 DEOPT UNPACKING pc=0x0000018e26e172ce sp=0x000000380ebfc128 mode 0
Event: 1427.588 Thread 0x0000018e49c31800 DEOPT PACKING pc=0x0000018e28fceade sp=0x000000380eafcb60
Event: 1427.588 Thread 0x0000018e49c31800 DEOPT UNPACKING pc=0x0000018e26e172ce sp=0x000000380eafc008 mode 0
Event: 1427.627 Thread 0x0000018e49c31000 Uncommon trap: trap_request=0xffffff4d fr.pc=0x0000018e2f08363c relative=0x000000000000017c
Event: 1427.627 Thread 0x0000018e49c31000 Uncommon trap: reason=unstable_if action=reinterpret pc=0x0000018e2f08363c method=com.android.tools.r8.ir.conversion.o.e(I)Lcom/android/tools/r8/graph/z; @ 4 c2
Event: 1427.627 Thread 0x0000018e49c31000 DEOPT PACKING pc=0x0000018e2f08363c sp=0x000000380e7fc230
Event: 1427.627 Thread 0x0000018e49c31000 DEOPT UNPACKING pc=0x0000018e26e174af sp=0x000000380e7fc1d0 mode 2

Classes redefined (0 events):
No events

Internal exceptions (20 events):
Event: 1427.293 Thread 0x0000018e49c2d800 Exception <a 'java/lang/NoSuchMethodError'{0x00000000890713c8}: 'java.lang.Object java.lang.invoke.DirectMethodHandle$Holder.invokeStatic(java.lang.Object, int, java.lang.Object, java.lang.Object)'> (0x00000000890713c8) thrown at [./src/hotspot/share/interpreter/linkResolver.cpp, line 773]
Event: 1427.293 Thread 0x0000018e49c32800 Exception <a 'java/lang/NoSuchMethodError'{0x0000000089077ec0}: 'java.lang.Object java.lang.invoke.DirectMethodHandle$Holder.invokeStatic(java.lang.Object, int, java.lang.Object, java.lang.Object)'> (0x0000000089077ec0) thrown at [./src/hotspot/share/interpreter/linkResolver.cpp, line 773]
Event: 1427.293 Thread 0x0000018e49c33800 Exception <a 'java/lang/NoSuchMethodError'{0x0000000089055820}: 'java.lang.Object java.lang.invoke.DirectMethodHandle$Holder.invokeStatic(java.lang.Object, int, java.lang.Object, java.lang.Object)'> (0x0000000089055820) thrown at [./src/hotspot/share/interpreter/linkResolver.cpp, line 773]
Event: 1427.293 Thread 0x0000018e49c31000 Exception <a 'java/lang/NoSuchMethodError'{0x000000008906a748}: 'java.lang.Object java.lang.invoke.DirectMethodHandle$Holder.invokeStatic(java.lang.Object, int, java.lang.Object, java.lang.Object)'> (0x000000008906a748) thrown at [./src/hotspot/share/interpreter/linkResolver.cpp, line 773]
Event: 1427.293 Thread 0x0000018e49c31800 Exception <a 'java/lang/NoSuchMethodError'{0x000000008905fda0}: 'java.lang.Object java.lang.invoke.DirectMethodHandle$Holder.invokeStatic(java.lang.Object, int, java.lang.Object, java.lang.Object)'> (0x000000008905fda0) thrown at [./src/hotspot/share/interpreter/linkResolver.cpp, line 773]
Event: 1427.293 Thread 0x0000018e41812000 Exception <a 'java/lang/NoSuchMethodError'{0x000000008904a6b0}: 'java.lang.Object java.lang.invoke.DirectMethodHandle$Holder.invokeStatic(java.lang.Object, int, java.lang.Object, java.lang.Object)'> (0x000000008904a6b0) thrown at [./src/hotspot/share/interpreter/linkResolver.cpp, line 773]
Event: 1427.306 Thread 0x0000018e49c32800 Exception <a 'java/lang/NoSuchMethodError'{0x0000000088e8e328}: 'void java.lang.invoke.DirectMethodHandle$Holder.invokeSpecial(java.lang.Object, java.lang.Object, int, java.lang.Object)'> (0x0000000088e8e328) thrown at [./src/hotspot/share/interpreter/linkResolver.cpp, line 773]
Event: 1427.306 Thread 0x0000018e49c31000 Exception <a 'java/lang/NoSuchMethodError'{0x0000000088ec88b8}: 'void java.lang.invoke.DirectMethodHandle$Holder.invokeSpecial(java.lang.Object, java.lang.Object, int, java.lang.Object)'> (0x0000000088ec88b8) thrown at [./src/hotspot/share/interpreter/linkResolver.cpp, line 773]
Event: 1427.306 Thread 0x0000018e41812000 Exception <a 'java/lang/NoSuchMethodError'{0x0000000088e9ee30}: 'void java.lang.invoke.DirectMethodHandle$Holder.invokeSpecial(java.lang.Object, java.lang.Object, int, java.lang.Object)'> (0x0000000088e9ee30) thrown at [./src/hotspot/share/interpreter/linkResolver.cpp, line 773]
Event: 1427.306 Thread 0x0000018e49c2d800 Exception <a 'java/lang/NoSuchMethodError'{0x0000000088ead9c0}: 'void java.lang.invoke.DirectMethodHandle$Holder.invokeSpecial(java.lang.Object, java.lang.Object, int, java.lang.Object)'> (0x0000000088ead9c0) thrown at [./src/hotspot/share/interpreter/linkResolver.cpp, line 773]
Event: 1427.372 Thread 0x0000018e49c33800 Exception <a 'java/lang/NoSuchMethodError'{0x000000008893f2f8}: 'java.lang.Object java.lang.invoke.DirectMethodHandle$Holder.invokeVirtual(java.lang.Object, java.lang.Object, int, java.lang.Object)'> (0x000000008893f2f8) thrown at [./src/hotspot/share/interpreter/linkResolver.cpp, line 773]
Event: 1427.389 Thread 0x0000018e49c31000 Implicit null exception at 0x0000018e2eae6e0e to 0x0000018e2eaeba08
Event: 1427.393 Thread 0x0000018e49c33800 Exception <a 'java/lang/NoSuchMethodError'{0x000000008976bf40}: 'void java.lang.invoke.DirectMethodHandle$Holder.invokeVirtual(java.lang.Object, java.lang.Object, int, java.lang.Object)'> (0x000000008976bf40) thrown at [./src/hotspot/share/interpreter/linkResolver.cpp, line 773]
Event: 1427.393 Thread 0x0000018e49c2d800 Exception <a 'java/lang/NoSuchMethodError'{0x000000008975fb08}: 'void java.lang.invoke.DirectMethodHandle$Holder.invokeVirtual(java.lang.Object, java.lang.Object, int, java.lang.Object)'> (0x000000008975fb08) thrown at [./src/hotspot/share/interpreter/linkResolver.cpp, line 773]
Event: 1427.436 Thread 0x0000018e49c33800 Exception <a 'java/lang/NoSuchMethodError'{0x00000000894dee40}: 'int java.lang.invoke.DirectMethodHandle$Holder.invokeSpecial(java.lang.Object, java.lang.Object, java.lang.Object, int, java.lang.Object)'> (0x00000000894dee40) thrown at [./src/hotspot/share/interpreter/linkResolver.cpp, line 773]
Event: 1427.436 Thread 0x0000018e49c31000 Exception <a 'java/lang/NoSuchMethodError'{0x0000000089303468}: 'int java.lang.invoke.DirectMethodHandle$Holder.invokeSpecial(java.lang.Object, java.lang.Object, java.lang.Object, int, java.lang.Object)'> (0x0000000089303468) thrown at [./src/hotspot/share/interpreter/linkResolver.cpp, line 773]
Event: 1427.436 Thread 0x0000018e49c32800 Exception <a 'java/lang/NoSuchMethodError'{0x00000000893456d8}: 'int java.lang.invoke.DirectMethodHandle$Holder.invokeSpecial(java.lang.Object, java.lang.Object, java.lang.Object, int, java.lang.Object)'> (0x00000000893456d8) thrown at [./src/hotspot/share/interpreter/linkResolver.cpp, line 773]
Event: 1427.570 Thread 0x0000018e49c2d800 Exception <a 'java/lang/NoSuchMethodError'{0x00000000895390d8}: 'java.lang.Object java.lang.invoke.DirectMethodHandle$Holder.invokeSpecial(java.lang.Object, java.lang.Object, java.lang.Object, java.lang.Object, java.lang.Object, java.lang.Object, java.lang.Object, java.lang.Object, java.lang.Object, java.lang.Object)'> (0x00000000895390d8) thrown at [./src/hotspot/share/interpreter/linkResolver.cpp, line 773]
Event: 1427.570 Thread 0x0000018e49c2d800 Exception <a 'java/lang/NoSuchMethodError'{0x000000008953d1c8}: 'java.lang.Object java.lang.invoke.Invokers$Holder.linkToTargetMethod(java.lang.Object, java.lang.Object, java.lang.Object, java.lang.Object, java.lang.Object, java.lang.Object, java.lang.Object, java.lang.Object, java.lang.Object)'> (0x000000008953d1c8) thrown at [./src/hotspot/share/interpreter/linkResolver.cpp, line 773]
Event: 1427.572 Thread 0x0000018e49c31000 Exception <a 'java/lang/NoSuchMethodError'{0x000000008956e690}: 'java.lang.Object java.lang.invoke.DirectMethodHandle$Holder.invokeInterface(java.lang.Object, java.lang.Object, int)'> (0x000000008956e690) thrown at [./src/hotspot/share/interpreter/linkResolver.cpp, line 773]

Events (20 events):
Event: 1427.646 loading class com/android/tools/r8/graph/n0 done
Event: 1427.646 loading class com/android/tools/r8/dex/P$f
Event: 1427.646 loading class com/android/tools/r8/dex/P$f done
Event: 1427.647 loading class com/android/tools/r8/graph/n0
Event: 1427.647 loading class com/android/tools/r8/graph/n0 done
Event: 1427.649 loading class com/android/tools/r8/dex/P$i
Event: 1427.649 loading class com/android/tools/r8/dex/P$i done
Event: 1427.650 loading class com/android/tools/r8/dex/P$j
Event: 1427.650 loading class com/android/tools/r8/dex/P$j done
Event: 1427.651 loading class com/android/tools/r8/s/a/a/b/F0
Event: 1427.651 loading class com/android/tools/r8/s/a/a/b/F0 done
Event: 1427.651 loading class com/android/tools/r8/s/a/a/b/N0
Event: 1427.651 loading class com/android/tools/r8/s/a/a/b/N0 done
Event: 1427.651 loading class com/android/tools/r8/s/a/a/b/J0
Event: 1427.651 loading class com/android/tools/r8/s/a/a/b/J0 done
Event: 1427.653 Executing VM operation: RevokeBias
Event: 1427.654 Executing VM operation: RevokeBias done
Event: 1427.654 Executing VM operation: RevokeBias
Event: 1427.655 Executing VM operation: RevokeBias done
Event: 1427.656 Executing VM operation: G1CollectForAllocation


Dynamic libraries:
0x00007ff7bec00000 - 0x00007ff7bec0a000 	D:\Android\jre\bin\java.exe
0x00007ffefc0f0000 - 0x00007ffefc2e5000 	C:\WINDOWS\SYSTEM32\ntdll.dll
0x00007ffeaedc0000 - 0x00007ffeaedd3000 	C:\Program Files\Avast Software\Avast\aswhook.dll
0x00007ffefbdf0000 - 0x00007ffefbead000 	C:\WINDOWS\System32\KERNEL32.DLL
0x00007ffef9830000 - 0x00007ffef9af8000 	C:\WINDOWS\System32\KERNELBASE.dll
0x00007ffef9b00000 - 0x00007ffef9c00000 	C:\WINDOWS\System32\ucrtbase.dll
0x00007ffede6a0000 - 0x00007ffede6b9000 	D:\Android\jre\bin\jli.dll
0x00007ffede6c0000 - 0x00007ffede6d7000 	D:\Android\jre\bin\VCRUNTIME140.dll
0x00007ffefbeb0000 - 0x00007ffefc050000 	C:\WINDOWS\System32\USER32.dll
0x00007ffef9de0000 - 0x00007ffef9e02000 	C:\WINDOWS\System32\win32u.dll
0x00007ffee0d00000 - 0x00007ffee0f9a000 	C:\WINDOWS\WinSxS\amd64_microsoft.windows.common-controls_6595b64144ccf1df_6.0.19041.844_none_ca00b6081b84eb1d\COMCTL32.dll
0x00007ffefaa10000 - 0x00007ffefaa3a000 	C:\WINDOWS\System32\GDI32.dll
0x00007ffef9fa0000 - 0x00007ffefa0ab000 	C:\WINDOWS\System32\gdi32full.dll
0x00007ffefae40000 - 0x00007ffefaede000 	C:\WINDOWS\System32\msvcrt.dll
0x00007ffefa0b0000 - 0x00007ffefa14d000 	C:\WINDOWS\System32\msvcp_win.dll
0x00007ffefaaa0000 - 0x00007ffefaad0000 	C:\WINDOWS\System32\IMM32.DLL
0x00007ffed57e0000 - 0x00007ffed587d000 	D:\Android\jre\bin\msvcp140.dll
0x00007ffee2740000 - 0x00007ffee31fc000 	D:\Android\jre\bin\server\jvm.dll
0x00007ffefa660000 - 0x00007ffefa70c000 	C:\WINDOWS\System32\ADVAPI32.dll
0x00007ffefa3c0000 - 0x00007ffefa45b000 	C:\WINDOWS\System32\sechost.dll
0x00007ffefb4b0000 - 0x00007ffefb5db000 	C:\WINDOWS\System32\RPCRT4.dll
0x00007ffefa300000 - 0x00007ffefa308000 	C:\WINDOWS\System32\PSAPI.DLL
0x00007ffed21b0000 - 0x00007ffed21b9000 	C:\WINDOWS\SYSTEM32\WSOCK32.dll
0x00007ffeebc60000 - 0x00007ffeebc87000 	C:\WINDOWS\SYSTEM32\WINMM.dll
0x00007ffefaf40000 - 0x00007ffefafab000 	C:\WINDOWS\System32\WS2_32.dll
0x00007ffef1720000 - 0x00007ffef172a000 	C:\WINDOWS\SYSTEM32\VERSION.dll
0x00007ffef7950000 - 0x00007ffef7962000 	C:\WINDOWS\SYSTEM32\kernel.appcore.dll
0x00007ffef4ae0000 - 0x00007ffef4af1000 	D:\Android\jre\bin\verify.dll
0x00007ffef7520000 - 0x00007ffef7704000 	C:\WINDOWS\SYSTEM32\DBGHELP.DLL
0x00007ffee17e0000 - 0x00007ffee180c000 	C:\WINDOWS\SYSTEM32\dbgcore.DLL
0x00007ffef9e10000 - 0x00007ffef9e90000 	C:\WINDOWS\System32\bcryptPrimitives.dll
0x00007ffef2ec0000 - 0x00007ffef2ee9000 	D:\Android\jre\bin\java.dll
0x00007ffef4d40000 - 0x00007ffef4d4b000 	D:\Android\jre\bin\jimage.dll
0x00007ffef4ab0000 - 0x00007ffef4ac8000 	D:\Android\jre\bin\zip.dll
0x00007ffefb5e0000 - 0x00007ffefbd22000 	C:\WINDOWS\System32\SHELL32.dll
0x00007ffef7970000 - 0x00007ffef8101000 	C:\WINDOWS\SYSTEM32\windows.storage.dll
0x00007ffefaae0000 - 0x00007ffefae35000 	C:\WINDOWS\System32\combase.dll
0x00007ffef92a0000 - 0x00007ffef92cc000 	C:\WINDOWS\SYSTEM32\Wldp.dll
0x00007ffefbd30000 - 0x00007ffefbdde000 	C:\WINDOWS\System32\SHCORE.dll
0x00007ffefaa40000 - 0x00007ffefaa95000 	C:\WINDOWS\System32\shlwapi.dll
0x00007ffef9770000 - 0x00007ffef978f000 	C:\WINDOWS\SYSTEM32\profapi.dll
0x00007ffef3690000 - 0x00007ffef36aa000 	D:\Android\jre\bin\net.dll
0x00007ffef27d0000 - 0x00007ffef28db000 	C:\WINDOWS\SYSTEM32\WINHTTP.dll
0x00007ffef9010000 - 0x00007ffef907a000 	C:\WINDOWS\system32\mswsock.dll
0x00007ffef2ea0000 - 0x00007ffef2eb4000 	D:\Android\jre\bin\nio.dll
0x00007ffee9d30000 - 0x00007ffee9d57000 	C:\Users\Kacper\.gradle\native\fdc75f09e3144964f2cf3f50f0aa648679c211496f362492102eb8c894070792\windows-amd64\native-platform.dll
0x00007ffeae7a0000 - 0x00007ffeae936000 	C:\Users\Kacper\.gradle\native\12488b8bf47d2d4c9fbf2f6322a914ad602e24e48041cd04a747c6da556b65c4\windows-amd64\native-platform-file-events.dll
0x00007ffef4b30000 - 0x00007ffef4b3a000 	D:\Android\jre\bin\management.dll
0x00007ffef30c0000 - 0x00007ffef30cc000 	D:\Android\jre\bin\management_ext.dll
0x00007ffef91f0000 - 0x00007ffef9208000 	C:\WINDOWS\SYSTEM32\CRYPTSP.dll
0x00007ffef8940000 - 0x00007ffef8974000 	C:\WINDOWS\system32\rsaenh.dll
0x00007ffef9db0000 - 0x00007ffef9dd7000 	C:\WINDOWS\System32\bcrypt.dll
0x00007ffef96f0000 - 0x00007ffef971e000 	C:\WINDOWS\SYSTEM32\USERENV.dll
0x00007ffef91e0000 - 0x00007ffef91ec000 	C:\WINDOWS\SYSTEM32\CRYPTBASE.dll
0x00007ffef8cb0000 - 0x00007ffef8ceb000 	C:\WINDOWS\SYSTEM32\IPHLPAPI.DLL
0x00007ffefbde0000 - 0x00007ffefbde8000 	C:\WINDOWS\System32\NSI.dll
0x00007ffef5ef0000 - 0x00007ffef5f07000 	C:\WINDOWS\SYSTEM32\dhcpcsvc6.DLL
0x00007ffef5240000 - 0x00007ffef525d000 	C:\WINDOWS\SYSTEM32\dhcpcsvc.DLL
0x00007ffef8cf0000 - 0x00007ffef8dbc000 	C:\WINDOWS\SYSTEM32\DNSAPI.dll
0x00007ffef2370000 - 0x00007ffef237b000 	C:\WINDOWS\SYSTEM32\WINNSI.DLL

dbghelp: loaded successfully - version: 4.0.5 - missing functions: none
symbol engine: initialized successfully - sym options: 0x614 - pdb path: .;D:\Android\jre\bin;C:\WINDOWS\SYSTEM32;C:\Program Files\Avast Software\Avast;C:\WINDOWS\WinSxS\amd64_microsoft.windows.common-controls_6595b64144ccf1df_6.0.19041.844_none_ca00b6081b84eb1d;D:\Android\jre\bin\server;C:\Users\Kacper\.gradle\native\fdc75f09e3144964f2cf3f50f0aa648679c211496f362492102eb8c894070792\windows-amd64;C:\Users\Kacper\.gradle\native\12488b8bf47d2d4c9fbf2f6322a914ad602e24e48041cd04a747c6da556b65c4\windows-amd64

VM Arguments:
jvm_args: --add-opens=java.base/java.util=ALL-UNNAMED --add-opens=java.base/java.lang=ALL-UNNAMED --add-opens=java.base/java.lang.invoke=ALL-UNNAMED --add-opens=java.prefs/java.util.prefs=ALL-UNNAMED -Xmx2048m -Dfile.encoding=UTF-8 -Duser.country=PL -Duser.language=pl -Duser.variant 
java_command: org.gradle.launcher.daemon.bootstrap.GradleDaemon 6.7.1
java_class_path (initial): C:\Users\Kacper\.gradle\wrapper\dists\gradle-6.7.1-bin\bwlcbys1h7rz3272sye1xwiv6\gradle-6.7.1\lib\gradle-launcher-6.7.1.jar
Launcher Type: SUN_STANDARD

[Global flags]
     intx CICompilerCount                          = 4                                         {product} {ergonomic}
     uint ConcGCThreads                            = 2                                         {product} {ergonomic}
     uint G1ConcRefinementThreads                  = 8                                         {product} {ergonomic}
   size_t G1HeapRegionSize                         = 1048576                                   {product} {ergonomic}
    uintx GCDrainStackTargetSize                   = 64                                        {product} {ergonomic}
   size_t InitialHeapSize                          = 132120576                                 {product} {ergonomic}
   size_t MarkStackSize                            = 4194304                                   {product} {ergonomic}
   size_t MaxHeapSize                              = 2147483648                                {product} {command line}
   size_t MaxNewSize                               = 1287651328                                {product} {ergonomic}
   size_t MinHeapDeltaBytes                        = 1048576                                   {product} {ergonomic}
    uintx NonNMethodCodeHeapSize                   = 5836300                                {pd product} {ergonomic}
    uintx NonProfiledCodeHeapSize                  = 122910970                              {pd product} {ergonomic}
    uintx ProfiledCodeHeapSize                     = 122910970                              {pd product} {ergonomic}
    uintx ReservedCodeCacheSize                    = 251658240                              {pd product} {ergonomic}
     bool SegmentedCodeCache                       = true                                      {product} {ergonomic}
     bool UseCompressedClassPointers               = true                                 {lp64_product} {ergonomic}
     bool UseCompressedOops                        = true                                 {lp64_product} {ergonomic}
     bool UseG1GC                                  = true                                      {product} {ergonomic}
     bool UseLargePagesIndividualAllocation        = false                                  {pd product} {ergonomic}

Logging:
Log output configuration:
 #0: stdout all=warning uptime,level,tags
 #1: stderr all=off uptime,level,tags

Environment Variables:
PATH=C:\Program Files (x86)\Common Files\Oracle\Java\javapath;C:\Windows\system32;C:\Windows;C:\Windows\System32\Wbem;C:\Windows\System32\WindowsPowerShell\v1.0\;C:\Windows\System32\OpenSSH\;C:\Program Files (x86)\NVIDIA Corporation\PhysX\Common;C:\Program Files\NVIDIA Corporation\NVIDIA NvDLISR;C:\Program Files\dotnet\;C:\Program Files\Microsoft SQL Server\Client SDK\ODBC\130\Tools\Binn\;C:\Program Files\Azure Data Studio\bin;C:\Program Files\Microsoft SQL Server\Client SDK\ODBC\170\Tools\Binn\;C:\Program Files (x86)\Microsoft SQL Server\150\Tools\Binn\;C:\Program Files\Microsoft SQL Server\150\Tools\Binn\;C:\Program Files\Microsoft SQL Server\150\DTS\Binn\;D:\;C:\Program Files (x86)\dotnet\;C:\xampp\php;C:\ProgramData\ComposerSetup\bin;C:\Program Files\Git\cmd;C:\Program Files\nodejs\;C:\WINDOWS\system32;C:\WINDOWS;C:\WINDOWS\System32\Wbem;C:\WINDOWS\System32\WindowsPowerShell\v1.0\;C:\WINDOWS\System32\OpenSSH\;C:\Program Files (x86)\Microsoft SQL Server\150\DTS\Binn\;C:\Program Files\Microsoft SQL Server\130\Tools\Binn\;C:\Users\Kacper\AppData\Local\Microsoft\WindowsApps;C:\Users\Kacper\AppData\Local\Programs\Microsoft VS Code\bin;C:\Users\Kacper\AppData\Local\Programs\Azure Data Studio\bin;C:\Program Files\Azure Data Studio\bin;C:\Users\Kacper\.dotnet\tools;C:\Users\Kacper\AppData\Roaming\Composer\vendor\bin;C:\Users\Kacper\AppData\Roaming\npm;
USERNAME=Kacper
OS=Windows_NT
PROCESSOR_IDENTIFIER=Intel64 Family 6 Model 158 Stepping 10, GenuineIntel



---------------  S Y S T E M  ---------------

OS: Windows 10 , 64 bit Build 19041 (10.0.19041.928)
OS uptime: 0 days 6:18 hours

CPU:total 8 (initial active 8) (4 cores per cpu, 2 threads per core) family 6 model 158 stepping 10, cmov, cx8, fxsr, mmx, sse, sse2, sse3, ssse3, sse4.1, sse4.2, popcnt, avx, avx2, aes, clmul, erms, 3dnowpref, lzcnt, ht, tsc, tscinvbit, bmi1, bmi2, adx, fma

Memory: 4k page, system-wide physical 8000M (384M free)
TotalPageFile size 16192M (AvailPageFile size 27M)
current process WorkingSet (physical memory assigned to process): 382M, peak: 382M
current process commit charge ("private bytes"): 490M, peak: 558M

vm_info: OpenJDK 64-Bit Server VM (11.0.8+10-b944.6842174) for windows-amd64 JRE (11.0.8+10-b944.6842174), built on Sep 19 2020 01:11:42 by "builder" with MS VC++ 14.0 (VS2015)

END.
