#
# There is insufficient memory for the Java Runtime Environment to continue.
# Native memory allocation (malloc) failed to allocate 1166416 bytes for Chunk::new
# Possible reasons:
#   The system is out of physical RAM or swap space
#   The process is running with CompressedOops enabled, and the Java Heap may be blocking the growth of the native heap
# Possible solutions:
#   Reduce memory load on the system
#   Increase physical memory or swap space
#   Check if swap backing store is full
#   Decrease Java heap size (-Xmx/-Xms)
#   Decrease number of Java threads
#   Decrease Java thread stack sizes (-Xss)
#   Set larger code cache with -XX:ReservedCodeCacheSize=
#   JVM is running with Unscaled Compressed Oops mode in which the Java heap is
#     placed in the first 4GB address space. The Java Heap base address is the
#     maximum limit for the native heap growth. Please use -XX:HeapBaseMinAddress
#     to set the Java Heap base and to place the Java Heap above 4GB virtual address.
# This output file may be truncated or incomplete.
#
#  Out of Memory Error (./src/hotspot/share/memory/arena.cpp:197), pid=17200, tid=7604
#
# JRE version: OpenJDK Runtime Environment (11.0.8+10) (build 11.0.8+10-b944.6842174)
# Java VM: OpenJDK 64-Bit Server VM (11.0.8+10-b944.6842174, mixed mode, tiered, compressed oops, g1 gc, windows-amd64)
# No core dump will be written. Minidumps are not enabled by default on client versions of Windows
#

---------------  S U M M A R Y ------------

Command Line: --add-opens=java.base/java.util=ALL-UNNAMED --add-opens=java.base/java.lang=ALL-UNNAMED --add-opens=java.base/java.lang.invoke=ALL-UNNAMED --add-opens=java.prefs/java.util.prefs=ALL-UNNAMED -Xmx2048m -Dfile.encoding=UTF-8 -Duser.country=PL -Duser.language=pl -Duser.variant org.gradle.launcher.daemon.bootstrap.GradleDaemon 6.7.1

Host: Intel(R) Core(TM) i5-9300H CPU @ 2.40GHz, 8 cores, 7G,  Windows 10 , 64 bit Build 19041 (10.0.19041.928)
Time: Thu May  6 14:20:06 2021 Œrodkowoeuropejski czas letni elapsed time: 16 seconds (0d 0h 0m 16s)

---------------  T H R E A D  ---------------

Current thread (0x000001f2252d4000):  JavaThread "C2 CompilerThread0" daemon [_thread_in_native, id=7604, stack(0x000000648c200000,0x000000648c300000)]


Current CompileTask:
C2:  16437 3171       4       org.objectweb.asm.Frame::execute (2318 bytes)

Stack: [0x000000648c200000,0x000000648c300000]
Native frames: (J=compiled Java code, j=interpreted, Vv=VM code, C=native code)
V  [jvm.dll+0x5de50a]
V  [jvm.dll+0x7122f5]
V  [jvm.dll+0x71384d]
V  [jvm.dll+0x713f03]
V  [jvm.dll+0x23e728]
V  [jvm.dll+0xb899c]
V  [jvm.dll+0xb8e9c]
V  [jvm.dll+0x2b20e4]
V  [jvm.dll+0x502098]
V  [jvm.dll+0x1ff393]
V  [jvm.dll+0x1f917c]
V  [jvm.dll+0x1f685f]
V  [jvm.dll+0x17f32c]
V  [jvm.dll+0x205047]
V  [jvm.dll+0x203891]
V  [jvm.dll+0x6dad3f]
V  [jvm.dll+0x6d3895]
V  [jvm.dll+0x5dd4a6]
C  [ucrtbase.dll+0x21bb2]
C  [KERNEL32.DLL+0x17034]
C  [ntdll.dll+0x52651]


---------------  P R O C E S S  ---------------

Threads class SMR info:
_java_thread_list=0x000001f227f629d0, length=30, elements={
0x000001f20a68f800, 0x000001f2249ad000, 0x000001f22498c000, 0x000001f2252d0800,
0x000001f2252d3000, 0x000001f2252d4000, 0x000001f2252d9000, 0x000001f225321800,
0x000001f225488000, 0x000001f2254bd000, 0x000001f227854800, 0x000001f227a04800,
0x000001f226c16000, 0x000001f2275bb800, 0x000001f2275bc800, 0x000001f2266f2000,
0x000001f22798d800, 0x000001f22798e000, 0x000001f226c50000, 0x000001f226c51000,
0x000001f226bdf800, 0x000001f226be0000, 0x000001f226bdc000, 0x000001f226bde800,
0x000001f226bdd000, 0x000001f226be1000, 0x000001f226bdb800, 0x000001f226be2000,
0x000001f2275e0800, 0x000001f2275e5800
}

Java Threads: ( => current thread )
  0x000001f20a68f800 JavaThread "main" [_thread_blocked, id=10208, stack(0x000000648b700000,0x000000648b800000)]
  0x000001f2249ad000 JavaThread "Reference Handler" daemon [_thread_blocked, id=10032, stack(0x000000648be00000,0x000000648bf00000)]
  0x000001f22498c000 JavaThread "Finalizer" daemon [_thread_blocked, id=6152, stack(0x000000648bf00000,0x000000648c000000)]
  0x000001f2252d0800 JavaThread "Signal Dispatcher" daemon [_thread_blocked, id=1632, stack(0x000000648c000000,0x000000648c100000)]
  0x000001f2252d3000 JavaThread "Attach Listener" daemon [_thread_blocked, id=3144, stack(0x000000648c100000,0x000000648c200000)]
=>0x000001f2252d4000 JavaThread "C2 CompilerThread0" daemon [_thread_in_native, id=7604, stack(0x000000648c200000,0x000000648c300000)]
  0x000001f2252d9000 JavaThread "C1 CompilerThread0" daemon [_thread_blocked, id=19480, stack(0x000000648c300000,0x000000648c400000)]
  0x000001f225321800 JavaThread "Sweeper thread" daemon [_thread_blocked, id=17644, stack(0x000000648c400000,0x000000648c500000)]
  0x000001f225488000 JavaThread "Common-Cleaner" daemon [_thread_blocked, id=18712, stack(0x000000648c500000,0x000000648c600000)]
  0x000001f2254bd000 JavaThread "Service Thread" daemon [_thread_blocked, id=2992, stack(0x000000648c600000,0x000000648c700000)]
  0x000001f227854800 JavaThread "Daemon health stats" [_thread_blocked, id=14400, stack(0x000000648cb00000,0x000000648cc00000)]
  0x000001f227a04800 JavaThread "Incoming local TCP Connector on port 57763" [_thread_in_native, id=18988, stack(0x000000648cd00000,0x000000648ce00000)]
  0x000001f226c16000 JavaThread "Daemon periodic checks" [_thread_blocked, id=10120, stack(0x000000648ce00000,0x000000648cf00000)]
  0x000001f2275bb800 JavaThread "Daemon" [_thread_blocked, id=11164, stack(0x000000648cf00000,0x000000648d000000)]
  0x000001f2275bc800 JavaThread "Handler for socket connection from /127.0.0.1:57763 to /127.0.0.1:57764" [_thread_in_native, id=17676, stack(0x000000648d000000,0x000000648d100000)]
  0x000001f2266f2000 JavaThread "Cancel handler" [_thread_blocked, id=5468, stack(0x000000648d100000,0x000000648d200000)]
  0x000001f22798d800 JavaThread "Daemon worker" [_thread_in_vm, id=11276, stack(0x000000648d200000,0x000000648d300000)]
  0x000001f22798e000 JavaThread "Asynchronous log dispatcher for DefaultDaemonConnection: socket connection from /127.0.0.1:57763 to /127.0.0.1:57764" [_thread_blocked, id=1612, stack(0x000000648d300000,0x000000648d400000)]
  0x000001f226c50000 JavaThread "Stdin handler" [_thread_blocked, id=9848, stack(0x000000648d400000,0x000000648d500000)]
  0x000001f226c51000 JavaThread "Thread-8" [_thread_blocked, id=6808, stack(0x000000648d500000,0x000000648d600000)]
  0x000001f226bdf800 JavaThread "Cache worker for file hash cache (C:\Users\Kacper\.gradle\caches\6.7.1\fileHashes)" [_thread_blocked, id=13060, stack(0x000000648db00000,0x000000648dc00000)]
  0x000001f226be0000 JavaThread "File lock request listener" [_thread_in_native, id=18904, stack(0x000000648dc00000,0x000000648dd00000)]
  0x000001f226bdc000 JavaThread "Cache worker for journal cache (C:\Users\Kacper\.gradle\caches\journal-1)" [_thread_blocked, id=17460, stack(0x000000648de00000,0x000000648df00000)]
  0x000001f226bde800 JavaThread "Cache worker for file hash cache (C:\Users\Kacper\AndroidStudioProjects\FindNerbyPlaces\.gradle\6.7.1\fileHashes)" [_thread_blocked, id=14320, stack(0x000000648df00000,0x000000648e000000)]
  0x000001f226bdd000 JavaThread "Cache worker for checksums cache (C:\Users\Kacper\AndroidStudioProjects\FindNerbyPlaces\.gradle\checksums)" [_thread_blocked, id=8876, stack(0x000000648e000000,0x000000648e100000)]
  0x000001f226be1000 JavaThread "Cache worker for cache directory md-supplier (C:\Users\Kacper\.gradle\caches\6.7.1\md-supplier)" [_thread_blocked, id=16280, stack(0x000000648e100000,0x000000648e200000)]
  0x000001f226bdb800 JavaThread "Cache worker for cache directory md-rule (C:\Users\Kacper\.gradle\caches\6.7.1\md-rule)" [_thread_blocked, id=8516, stack(0x000000648e200000,0x000000648e300000)]
  0x000001f226be2000 JavaThread "Cache worker for execution history cache (C:\Users\Kacper\.gradle\caches\6.7.1\executionHistory)" [_thread_blocked, id=5580, stack(0x000000648e300000,0x000000648e400000)]
  0x000001f2275e0800 JavaThread "jar transforms" [_thread_blocked, id=1812, stack(0x000000648e400000,0x000000648e500000)]
  0x000001f2275e5800 JavaThread "Cache worker for file content cache (C:\Users\Kacper\.gradle\caches\6.7.1\fileContent)" [_thread_blocked, id=16412, stack(0x000000648e500000,0x000000648e600000)]

Other Threads:
  0x000001f224989800 VMThread "VM Thread" [stack: 0x000000648bd00000,0x000000648be00000] [id=15068]
  0x000001f2254be000 WatcherThread [stack: 0x000000648c700000,0x000000648c800000] [id=12792]
  0x000001f20a6a6000 GCTaskThread "GC Thread#0" [stack: 0x000000648b800000,0x000000648b900000] [id=4668]
  0x000001f226278000 GCTaskThread "GC Thread#1" [stack: 0x000000648c900000,0x000000648ca00000] [id=19568]
  0x000001f2261c8800 GCTaskThread "GC Thread#2" [stack: 0x000000648ca00000,0x000000648cb00000] [id=1528]
  0x000001f2274fc800 GCTaskThread "GC Thread#3" [stack: 0x000000648d600000,0x000000648d700000] [id=17020]
  0x000001f226694800 GCTaskThread "GC Thread#4" [stack: 0x000000648d700000,0x000000648d800000] [id=20012]
  0x000001f226be9800 GCTaskThread "GC Thread#5" [stack: 0x000000648d800000,0x000000648d900000] [id=13028]
  0x000001f226960800 GCTaskThread "GC Thread#6" [stack: 0x000000648d900000,0x000000648da00000] [id=18604]
  0x000001f2264c5000 GCTaskThread "GC Thread#7" [stack: 0x000000648da00000,0x000000648db00000] [id=19348]
  0x000001f20a6de800 ConcurrentGCThread "G1 Main Marker" [stack: 0x000000648b900000,0x000000648ba00000] [id=20460]
  0x000001f20a6e1000 ConcurrentGCThread "G1 Conc#0" [stack: 0x000000648ba00000,0x000000648bb00000] [id=14084]
  0x000001f22716b800 ConcurrentGCThread "G1 Conc#1" [stack: 0x000000648dd00000,0x000000648de00000] [id=12060]
  0x000001f2247d2800 ConcurrentGCThread "G1 Refine#0" [stack: 0x000000648bb00000,0x000000648bc00000] [id=14572]
  0x000001f2247d3000 ConcurrentGCThread "G1 Young RemSet Sampling" [stack: 0x000000648bc00000,0x000000648bd00000] [id=3852]

Threads with active compile tasks:
C2 CompilerThread0  16582 3171       4       org.objectweb.asm.Frame::execute (2318 bytes)

VM state:not at safepoint (normal execution)

VM Mutex/Monitor currently owned by a thread: None

Heap address: 0x0000000080000000, size: 2048 MB, Compressed Oops mode: 32-bit
Narrow klass base: 0x0000000000000000, Narrow klass shift: 3
Compressed class space size: 1073741824 Address: 0x0000000100000000

Heap:
 garbage-first heap   total 129024K, used 83538K [0x0000000080000000, 0x0000000100000000)
  region size 1024K, 65 young (66560K), 6 survivors (6144K)
 Metaspace       used 40957K, capacity 41902K, committed 42240K, reserved 1085440K
  class space    used 5237K, capacity 5536K, committed 5632K, reserved 1048576K
Heap Regions: E=young(eden), S=young(survivor), O=old, HS=humongous(starts), HC=humongous(continues), CS=collection set, F=free, A=archive, TAMS=top-at-mark-start (previous, next)
|   0|0x0000000080000000, 0x0000000080100000, 0x0000000080100000|100%| O|  |TAMS 0x0000000080100000, 0x0000000080000000| Untracked 
|   1|0x0000000080100000, 0x0000000080200000, 0x0000000080200000|100%| O|  |TAMS 0x0000000080200000, 0x0000000080100000| Untracked 
|   2|0x0000000080200000, 0x0000000080300000, 0x0000000080300000|100%| O|  |TAMS 0x0000000080300000, 0x0000000080200000| Untracked 
|   3|0x0000000080300000, 0x0000000080400000, 0x0000000080400000|100%|HS|  |TAMS 0x0000000080400000, 0x0000000080300000| Complete 
|   4|0x0000000080400000, 0x0000000080500000, 0x0000000080500000|100%|HC|  |TAMS 0x0000000080500000, 0x0000000080400000| Complete 
|   5|0x0000000080500000, 0x0000000080600000, 0x0000000080600000|100%|HC|  |TAMS 0x0000000080600000, 0x0000000080500000| Complete 
|   6|0x0000000080600000, 0x0000000080700000, 0x0000000080700000|100%| O|  |TAMS 0x0000000080700000, 0x0000000080600000| Untracked 
|   7|0x0000000080700000, 0x0000000080800000, 0x0000000080800000|100%| O|  |TAMS 0x0000000080800000, 0x0000000080700000| Untracked 
|   8|0x0000000080800000, 0x0000000080900000, 0x0000000080900000|100%| O|  |TAMS 0x0000000080900000, 0x0000000080800000| Untracked 
|   9|0x0000000080900000, 0x0000000080a00000, 0x0000000080a00000|100%| O|  |TAMS 0x0000000080a00000, 0x0000000080900000| Untracked 
|  10|0x0000000080a00000, 0x0000000080b00000, 0x0000000080b00000|100%| O|  |TAMS 0x0000000080b00000, 0x0000000080a00000| Untracked 
|  11|0x0000000080b00000, 0x0000000080c00000, 0x0000000080c00000|100%| O|  |TAMS 0x0000000080c00000, 0x0000000080b00000| Untracked 
|  12|0x0000000080c00000, 0x0000000080d00000, 0x0000000080d00000|100%| O|  |TAMS 0x0000000080d00000, 0x0000000080c00000| Untracked 
|  13|0x0000000080d00000, 0x0000000080e00000, 0x0000000080e00000|100%| O|  |TAMS 0x0000000080e00000, 0x0000000080d00000| Untracked 
|  14|0x0000000080e00000, 0x0000000080ef7000, 0x0000000080f00000| 96%| O|  |TAMS 0x0000000080ef7000, 0x0000000080e00000| Untracked 
|  15|0x0000000080f00000, 0x0000000081000000, 0x0000000081000000|100%|HS|  |TAMS 0x0000000080f00000, 0x0000000080f00000| Complete 
|  16|0x0000000081000000, 0x0000000081100000, 0x0000000081100000|100%|HS|  |TAMS 0x0000000081000000, 0x0000000081000000| Complete 
|  17|0x0000000081100000, 0x0000000081200000, 0x0000000081200000|100%|HC|  |TAMS 0x0000000081100000, 0x0000000081100000| Complete 
|  18|0x0000000081200000, 0x0000000081300000, 0x0000000081300000|100%|HS|  |TAMS 0x0000000081200000, 0x0000000081200000| Complete 
|  19|0x0000000081300000, 0x0000000081300000, 0x0000000081400000|  0%| F|  |TAMS 0x0000000081300000, 0x0000000081300000| Untracked 
|  20|0x0000000081400000, 0x0000000081400000, 0x0000000081500000|  0%| F|  |TAMS 0x0000000081400000, 0x0000000081400000| Untracked 
|  21|0x0000000081500000, 0x0000000081500000, 0x0000000081600000|  0%| F|  |TAMS 0x0000000081500000, 0x0000000081500000| Untracked 
|  22|0x0000000081600000, 0x0000000081600000, 0x0000000081700000|  0%| F|  |TAMS 0x0000000081600000, 0x0000000081600000| Untracked 
|  23|0x0000000081700000, 0x0000000081700000, 0x0000000081800000|  0%| F|  |TAMS 0x0000000081700000, 0x0000000081700000| Untracked 
|  24|0x0000000081800000, 0x0000000081800000, 0x0000000081900000|  0%| F|  |TAMS 0x0000000081800000, 0x0000000081800000| Untracked 
|  25|0x0000000081900000, 0x0000000081900000, 0x0000000081a00000|  0%| F|  |TAMS 0x0000000081900000, 0x0000000081900000| Untracked 
|  26|0x0000000081a00000, 0x0000000081a00000, 0x0000000081b00000|  0%| F|  |TAMS 0x0000000081a00000, 0x0000000081a00000| Untracked 
|  27|0x0000000081b00000, 0x0000000081b00000, 0x0000000081c00000|  0%| F|  |TAMS 0x0000000081b00000, 0x0000000081b00000| Untracked 
|  28|0x0000000081c00000, 0x0000000081c00000, 0x0000000081d00000|  0%| F|  |TAMS 0x0000000081c00000, 0x0000000081c00000| Untracked 
|  29|0x0000000081d00000, 0x0000000081d00000, 0x0000000081e00000|  0%| F|  |TAMS 0x0000000081d00000, 0x0000000081d00000| Untracked 
|  30|0x0000000081e00000, 0x0000000081e00000, 0x0000000081f00000|  0%| F|  |TAMS 0x0000000081e00000, 0x0000000081e00000| Untracked 
|  31|0x0000000081f00000, 0x0000000081f00000, 0x0000000082000000|  0%| F|  |TAMS 0x0000000081f00000, 0x0000000081f00000| Untracked 
|  32|0x0000000082000000, 0x0000000082000000, 0x0000000082100000|  0%| F|  |TAMS 0x0000000082000000, 0x0000000082000000| Untracked 
|  33|0x0000000082100000, 0x0000000082100000, 0x0000000082200000|  0%| F|  |TAMS 0x0000000082100000, 0x0000000082100000| Untracked 
|  34|0x0000000082200000, 0x0000000082200000, 0x0000000082300000|  0%| F|  |TAMS 0x0000000082200000, 0x0000000082200000| Untracked 
|  35|0x0000000082300000, 0x0000000082300000, 0x0000000082400000|  0%| F|  |TAMS 0x0000000082300000, 0x0000000082300000| Untracked 
|  36|0x0000000082400000, 0x0000000082400000, 0x0000000082500000|  0%| F|  |TAMS 0x0000000082400000, 0x0000000082400000| Untracked 
|  37|0x0000000082500000, 0x0000000082500000, 0x0000000082600000|  0%| F|  |TAMS 0x0000000082500000, 0x0000000082500000| Untracked 
|  38|0x0000000082600000, 0x0000000082600000, 0x0000000082700000|  0%| F|  |TAMS 0x0000000082600000, 0x0000000082600000| Untracked 
|  39|0x0000000082700000, 0x0000000082700000, 0x0000000082800000|  0%| F|  |TAMS 0x0000000082700000, 0x0000000082700000| Untracked 
|  40|0x0000000082800000, 0x0000000082800000, 0x0000000082900000|  0%| F|  |TAMS 0x0000000082800000, 0x0000000082800000| Untracked 
|  41|0x0000000082900000, 0x0000000082900000, 0x0000000082a00000|  0%| F|  |TAMS 0x0000000082900000, 0x0000000082900000| Untracked 
|  42|0x0000000082a00000, 0x0000000082a00000, 0x0000000082b00000|  0%| F|  |TAMS 0x0000000082a00000, 0x0000000082a00000| Untracked 
|  43|0x0000000082b00000, 0x0000000082b00000, 0x0000000082c00000|  0%| F|  |TAMS 0x0000000082b00000, 0x0000000082b00000| Untracked 
|  44|0x0000000082c00000, 0x0000000082c00000, 0x0000000082d00000|  0%| F|  |TAMS 0x0000000082c00000, 0x0000000082c00000| Untracked 
|  45|0x0000000082d00000, 0x0000000082d00000, 0x0000000082e00000|  0%| F|  |TAMS 0x0000000082d00000, 0x0000000082d00000| Untracked 
|  46|0x0000000082e00000, 0x0000000082e00000, 0x0000000082f00000|  0%| F|  |TAMS 0x0000000082e00000, 0x0000000082e00000| Untracked 
|  47|0x0000000082f00000, 0x0000000082f00000, 0x0000000083000000|  0%| F|  |TAMS 0x0000000082f00000, 0x0000000082f00000| Untracked 
|  48|0x0000000083000000, 0x0000000083000000, 0x0000000083100000|  0%| F|  |TAMS 0x0000000083000000, 0x0000000083000000| Untracked 
|  49|0x0000000083100000, 0x0000000083100000, 0x0000000083200000|  0%| F|  |TAMS 0x0000000083100000, 0x0000000083100000| Untracked 
|  50|0x0000000083200000, 0x0000000083200000, 0x0000000083300000|  0%| F|  |TAMS 0x0000000083200000, 0x0000000083200000| Untracked 
|  51|0x0000000083300000, 0x0000000083300000, 0x0000000083400000|  0%| F|  |TAMS 0x0000000083300000, 0x0000000083300000| Untracked 
|  52|0x0000000083400000, 0x0000000083400000, 0x0000000083500000|  0%| F|  |TAMS 0x0000000083400000, 0x0000000083400000| Untracked 
|  53|0x0000000083500000, 0x0000000083500000, 0x0000000083600000|  0%| F|  |TAMS 0x0000000083500000, 0x0000000083500000| Untracked 
|  54|0x0000000083600000, 0x0000000083600000, 0x0000000083700000|  0%| F|  |TAMS 0x0000000083600000, 0x0000000083600000| Untracked 
|  55|0x0000000083700000, 0x0000000083700000, 0x0000000083800000|  0%| F|  |TAMS 0x0000000083700000, 0x0000000083700000| Untracked 
|  56|0x0000000083800000, 0x0000000083800000, 0x0000000083900000|  0%| F|  |TAMS 0x0000000083800000, 0x0000000083800000| Untracked 
|  57|0x0000000083900000, 0x0000000083900000, 0x0000000083a00000|  0%| F|  |TAMS 0x0000000083900000, 0x0000000083900000| Untracked 
|  58|0x0000000083a00000, 0x0000000083a00000, 0x0000000083b00000|  0%| F|  |TAMS 0x0000000083a00000, 0x0000000083a00000| Untracked 
|  59|0x0000000083b00000, 0x0000000083b00000, 0x0000000083c00000|  0%| F|  |TAMS 0x0000000083b00000, 0x0000000083b00000| Untracked 
|  60|0x0000000083c00000, 0x0000000083c00000, 0x0000000083d00000|  0%| F|  |TAMS 0x0000000083c00000, 0x0000000083c00000| Untracked 
|  61|0x0000000083d00000, 0x0000000083e00000, 0x0000000083e00000|100%| E|  |TAMS 0x0000000083d00000, 0x0000000083d00000| Complete 
|  62|0x0000000083e00000, 0x0000000083f00000, 0x0000000083f00000|100%| E|CS|TAMS 0x0000000083e00000, 0x0000000083e00000| Complete 
|  63|0x0000000083f00000, 0x0000000084000000, 0x0000000084000000|100%| E|CS|TAMS 0x0000000083f00000, 0x0000000083f00000| Complete 
|  64|0x0000000084000000, 0x0000000084100000, 0x0000000084100000|100%| E|CS|TAMS 0x0000000084000000, 0x0000000084000000| Complete 
|  65|0x0000000084100000, 0x0000000084200000, 0x0000000084200000|100%| E|CS|TAMS 0x0000000084100000, 0x0000000084100000| Complete 
|  66|0x0000000084200000, 0x0000000084300000, 0x0000000084300000|100%| E|CS|TAMS 0x0000000084200000, 0x0000000084200000| Complete 
|  67|0x0000000084300000, 0x0000000084400000, 0x0000000084400000|100%| E|CS|TAMS 0x0000000084300000, 0x0000000084300000| Complete 
|  68|0x0000000084400000, 0x0000000084500000, 0x0000000084500000|100%| E|CS|TAMS 0x0000000084400000, 0x0000000084400000| Complete 
|  69|0x0000000084500000, 0x0000000084600000, 0x0000000084600000|100%| E|CS|TAMS 0x0000000084500000, 0x0000000084500000| Complete 
|  70|0x0000000084600000, 0x0000000084700000, 0x0000000084700000|100%| E|CS|TAMS 0x0000000084600000, 0x0000000084600000| Complete 
|  71|0x0000000084700000, 0x0000000084800000, 0x0000000084800000|100%| E|CS|TAMS 0x0000000084700000, 0x0000000084700000| Complete 
|  72|0x0000000084800000, 0x0000000084900000, 0x0000000084900000|100%| E|CS|TAMS 0x0000000084800000, 0x0000000084800000| Complete 
|  73|0x0000000084900000, 0x0000000084a00000, 0x0000000084a00000|100%| E|CS|TAMS 0x0000000084900000, 0x0000000084900000| Complete 
|  74|0x0000000084a00000, 0x0000000084b00000, 0x0000000084b00000|100%| E|CS|TAMS 0x0000000084a00000, 0x0000000084a00000| Complete 
|  75|0x0000000084b00000, 0x0000000084b9da80, 0x0000000084c00000| 61%| S|CS|TAMS 0x0000000084b00000, 0x0000000084b00000| Complete 
|  76|0x0000000084c00000, 0x0000000084d00000, 0x0000000084d00000|100%| S|CS|TAMS 0x0000000084c00000, 0x0000000084c00000| Complete 
|  77|0x0000000084d00000, 0x0000000084e00000, 0x0000000084e00000|100%| S|CS|TAMS 0x0000000084d00000, 0x0000000084d00000| Complete 
|  78|0x0000000084e00000, 0x0000000084f00000, 0x0000000084f00000|100%| S|CS|TAMS 0x0000000084e00000, 0x0000000084e00000| Complete 
|  79|0x0000000084f00000, 0x0000000085000000, 0x0000000085000000|100%| S|CS|TAMS 0x0000000084f00000, 0x0000000084f00000| Complete 
|  80|0x0000000085000000, 0x0000000085100000, 0x0000000085100000|100%| S|CS|TAMS 0x0000000085000000, 0x0000000085000000| Complete 
|  81|0x0000000085100000, 0x0000000085200000, 0x0000000085200000|100%| E|CS|TAMS 0x0000000085100000, 0x0000000085100000| Complete 
|  82|0x0000000085200000, 0x0000000085300000, 0x0000000085300000|100%| E|CS|TAMS 0x0000000085200000, 0x0000000085200000| Complete 
|  83|0x0000000085300000, 0x0000000085400000, 0x0000000085400000|100%| E|CS|TAMS 0x0000000085300000, 0x0000000085300000| Complete 
|  84|0x0000000085400000, 0x0000000085500000, 0x0000000085500000|100%| E|CS|TAMS 0x0000000085400000, 0x0000000085400000| Complete 
|  85|0x0000000085500000, 0x0000000085600000, 0x0000000085600000|100%| E|CS|TAMS 0x0000000085500000, 0x0000000085500000| Complete 
|  86|0x0000000085600000, 0x0000000085700000, 0x0000000085700000|100%| E|CS|TAMS 0x0000000085600000, 0x0000000085600000| Complete 
|  87|0x0000000085700000, 0x0000000085800000, 0x0000000085800000|100%| E|CS|TAMS 0x0000000085700000, 0x0000000085700000| Complete 
|  88|0x0000000085800000, 0x0000000085900000, 0x0000000085900000|100%| E|CS|TAMS 0x0000000085800000, 0x0000000085800000| Complete 
|  89|0x0000000085900000, 0x0000000085a00000, 0x0000000085a00000|100%| E|CS|TAMS 0x0000000085900000, 0x0000000085900000| Complete 
|  90|0x0000000085a00000, 0x0000000085b00000, 0x0000000085b00000|100%| E|CS|TAMS 0x0000000085a00000, 0x0000000085a00000| Complete 
|  91|0x0000000085b00000, 0x0000000085c00000, 0x0000000085c00000|100%| E|CS|TAMS 0x0000000085b00000, 0x0000000085b00000| Complete 
|  92|0x0000000085c00000, 0x0000000085d00000, 0x0000000085d00000|100%| E|CS|TAMS 0x0000000085c00000, 0x0000000085c00000| Complete 
|  93|0x0000000085d00000, 0x0000000085e00000, 0x0000000085e00000|100%| E|CS|TAMS 0x0000000085d00000, 0x0000000085d00000| Complete 
|  94|0x0000000085e00000, 0x0000000085f00000, 0x0000000085f00000|100%| E|CS|TAMS 0x0000000085e00000, 0x0000000085e00000| Complete 
|  95|0x0000000085f00000, 0x0000000086000000, 0x0000000086000000|100%| E|CS|TAMS 0x0000000085f00000, 0x0000000085f00000| Complete 
|  96|0x0000000086000000, 0x0000000086100000, 0x0000000086100000|100%| E|CS|TAMS 0x0000000086000000, 0x0000000086000000| Complete 
|  97|0x0000000086100000, 0x0000000086200000, 0x0000000086200000|100%| E|CS|TAMS 0x0000000086100000, 0x0000000086100000| Complete 
|  98|0x0000000086200000, 0x0000000086300000, 0x0000000086300000|100%| E|CS|TAMS 0x0000000086200000, 0x0000000086200000| Complete 
|  99|0x0000000086300000, 0x0000000086400000, 0x0000000086400000|100%| E|CS|TAMS 0x0000000086300000, 0x0000000086300000| Complete 
| 100|0x0000000086400000, 0x0000000086500000, 0x0000000086500000|100%| E|CS|TAMS 0x0000000086400000, 0x0000000086400000| Complete 
| 101|0x0000000086500000, 0x0000000086600000, 0x0000000086600000|100%| E|CS|TAMS 0x0000000086500000, 0x0000000086500000| Complete 
| 102|0x0000000086600000, 0x0000000086700000, 0x0000000086700000|100%| E|CS|TAMS 0x0000000086600000, 0x0000000086600000| Complete 
| 103|0x0000000086700000, 0x0000000086800000, 0x0000000086800000|100%| E|CS|TAMS 0x0000000086700000, 0x0000000086700000| Complete 
| 104|0x0000000086800000, 0x0000000086900000, 0x0000000086900000|100%| E|CS|TAMS 0x0000000086800000, 0x0000000086800000| Complete 
| 105|0x0000000086900000, 0x0000000086a00000, 0x0000000086a00000|100%| E|CS|TAMS 0x0000000086900000, 0x0000000086900000| Complete 
| 106|0x0000000086a00000, 0x0000000086b00000, 0x0000000086b00000|100%| E|CS|TAMS 0x0000000086a00000, 0x0000000086a00000| Complete 
| 107|0x0000000086b00000, 0x0000000086c00000, 0x0000000086c00000|100%| E|CS|TAMS 0x0000000086b00000, 0x0000000086b00000| Complete 
| 108|0x0000000086c00000, 0x0000000086d00000, 0x0000000086d00000|100%| E|CS|TAMS 0x0000000086c00000, 0x0000000086c00000| Complete 
| 109|0x0000000086d00000, 0x0000000086e00000, 0x0000000086e00000|100%| E|CS|TAMS 0x0000000086d00000, 0x0000000086d00000| Complete 
| 110|0x0000000086e00000, 0x0000000086f00000, 0x0000000086f00000|100%| E|CS|TAMS 0x0000000086e00000, 0x0000000086e00000| Complete 
| 111|0x0000000086f00000, 0x0000000087000000, 0x0000000087000000|100%| E|CS|TAMS 0x0000000086f00000, 0x0000000086f00000| Complete 
| 112|0x0000000087000000, 0x0000000087100000, 0x0000000087100000|100%| E|CS|TAMS 0x0000000087000000, 0x0000000087000000| Complete 
| 113|0x0000000087100000, 0x0000000087200000, 0x0000000087200000|100%| E|CS|TAMS 0x0000000087100000, 0x0000000087100000| Complete 
| 114|0x0000000087200000, 0x0000000087300000, 0x0000000087300000|100%| E|CS|TAMS 0x0000000087200000, 0x0000000087200000| Complete 
| 115|0x0000000087300000, 0x0000000087400000, 0x0000000087400000|100%| E|CS|TAMS 0x0000000087300000, 0x0000000087300000| Complete 
| 116|0x0000000087400000, 0x0000000087500000, 0x0000000087500000|100%| E|CS|TAMS 0x0000000087400000, 0x0000000087400000| Complete 
| 117|0x0000000087500000, 0x0000000087600000, 0x0000000087600000|100%| E|CS|TAMS 0x0000000087500000, 0x0000000087500000| Complete 
| 118|0x0000000087600000, 0x0000000087700000, 0x0000000087700000|100%| E|  |TAMS 0x0000000087600000, 0x0000000087600000| Complete 
| 119|0x0000000087700000, 0x0000000087800000, 0x0000000087800000|100%| E|CS|TAMS 0x0000000087700000, 0x0000000087700000| Complete 
| 120|0x0000000087800000, 0x0000000087900000, 0x0000000087900000|100%| E|CS|TAMS 0x0000000087800000, 0x0000000087800000| Complete 
| 121|0x0000000087900000, 0x0000000087a00000, 0x0000000087a00000|100%| E|CS|TAMS 0x0000000087900000, 0x0000000087900000| Complete 
| 122|0x0000000087a00000, 0x0000000087b00000, 0x0000000087b00000|100%| E|CS|TAMS 0x0000000087a00000, 0x0000000087a00000| Complete 
| 123|0x0000000087b00000, 0x0000000087c00000, 0x0000000087c00000|100%| E|CS|TAMS 0x0000000087b00000, 0x0000000087b00000| Complete 
| 124|0x0000000087c00000, 0x0000000087d00000, 0x0000000087d00000|100%| E|CS|TAMS 0x0000000087c00000, 0x0000000087c00000| Complete 
| 125|0x0000000087d00000, 0x0000000087e00000, 0x0000000087e00000|100%| E|CS|TAMS 0x0000000087d00000, 0x0000000087d00000| Complete 

Card table byte_map: [0x000001f21d740000,0x000001f21db40000] _byte_map_base: 0x000001f21d340000

Marking Bits (Prev, Next): (CMBitMap*) 0x000001f20a6d5d18, (CMBitMap*) 0x000001f20a6d5d50
 Prev Bits: [0x000001f21df40000, 0x000001f21ff40000)
 Next Bits: [0x000001f21ff40000, 0x000001f221f40000)

Polling page: 0x000001f209e70000

Metaspace:

Usage:
  Non-class:     35.51 MB capacity,    34.89 MB ( 98%) used,   559.95 KB (  2%) free+waste,    78.00 KB ( <1%) overhead. 
      Class:      5.41 MB capacity,     5.12 MB ( 95%) used,   258.80 KB (  5%) free+waste,    37.31 KB ( <1%) overhead. 
       Both:     40.92 MB capacity,    40.01 MB ( 98%) used,   818.76 KB (  2%) free+waste,   115.31 KB ( <1%) overhead. 

Virtual space:
  Non-class space:       36.00 MB reserved,      35.75 MB (>99%) committed 
      Class space:        1.00 GB reserved,       5.50 MB ( <1%) committed 
             Both:        1.04 GB reserved,      41.25 MB (  4%) committed 

Chunk freelists:
   Non-Class:  50.00 KB
       Class:  0 bytes
        Both:  50.00 KB

MaxMetaspaceSize: 17179869184.00 GB
CompressedClassSpaceSize: 1.00 GB

CodeHeap 'non-profiled nmethods': size=120000Kb used=1679Kb max_used=1679Kb free=118320Kb
 bounds [0x000001f215ae0000, 0x000001f215d50000, 0x000001f21d010000]
CodeHeap 'profiled nmethods': size=120000Kb used=6335Kb max_used=6335Kb free=113664Kb
 bounds [0x000001f20e5b0000, 0x000001f20ebf0000, 0x000001f215ae0000]
CodeHeap 'non-nmethods': size=5760Kb used=2183Kb max_used=2226Kb free=3576Kb
 bounds [0x000001f20e010000, 0x000001f20e280000, 0x000001f20e5b0000]
 total_blobs=3737 nmethods=2994 adapters=654
 compilation: enabled
              stopped_count=0, restarted_count=0
 full_count=0

Compilation events (20 events):
Event: 16.319 Thread 0x000001f2252d4000 nmethod 3161 0x000001f215c81910 code [0x000001f215c81ac0, 0x000001f215c81c48]
Event: 16.319 Thread 0x000001f2252d4000 3160       4       org.objectweb.asm.SymbolTable::put (150 bytes)
Event: 16.327 Thread 0x000001f2252d4000 nmethod 3160 0x000001f215c81d90 code [0x000001f215c81f40, 0x000001f215c826f8]
Event: 16.327 Thread 0x000001f2252d4000 3073       4       java.lang.Class::getInterfaces (49 bytes)
Event: 16.332 Thread 0x000001f2252d4000 nmethod 3073 0x000001f215c82a10 code [0x000001f215c82be0, 0x000001f215c83268]
Event: 16.347 Thread 0x000001f2252d9000 3165       3       org.gradle.internal.instantiation.generator.AbstractClassGenerator$PropertyTypePropertyHandler::visitProperty (29 bytes)
Event: 16.348 Thread 0x000001f2252d4000 3171       4       org.objectweb.asm.Frame::execute (2318 bytes)
Event: 16.348 Thread 0x000001f2252d9000 nmethod 3165 0x000001f20ebccc10 code [0x000001f20ebcce60, 0x000001f20ebcd738]
Event: 16.348 Thread 0x000001f2252d9000 3169       3       org.gradle.internal.instantiation.generator.AbstractClassGenerator$ExtensibleTypePropertyHandler::claimPropertyImplementation (95 bytes)
Event: 16.349 Thread 0x000001f2252d9000 nmethod 3169 0x000001f20ebcda90 code [0x000001f20ebcdd00, 0x000001f20ebce618]
Event: 16.349 Thread 0x000001f2252d9000 3166       3       org.gradle.internal.instantiation.generator.AbstractClassGenerator$ManagedPropertiesHandler::visitProperty (19 bytes)
Event: 16.349 Thread 0x000001f2252d9000 nmethod 3166 0x000001f20ebce910 code [0x000001f20ebceae0, 0x000001f20ebced78]
Event: 16.349 Thread 0x000001f2252d9000 3167       3       org.gradle.internal.instantiation.generator.AbstractClassGenerator::access$1700 (5 bytes)
Event: 16.349 Thread 0x000001f2252d9000 nmethod 3167 0x000001f20ebcee90 code [0x000001f20ebcf0c0, 0x000001f20ebcf808]
Event: 16.349 Thread 0x000001f2252d9000 3168       3       org.gradle.internal.instantiation.generator.AbstractClassGenerator::isEagerAttachProperty (33 bytes)
Event: 16.351 Thread 0x000001f2252d9000 nmethod 3168 0x000001f20ebcfa10 code [0x000001f20ebcfcc0, 0x000001f20ebd0a38]
Event: 16.351 Thread 0x000001f2252d9000 3170       3       org.gradle.internal.instantiation.generator.AbstractClassGenerator$DslMixInPropertyType::claimPropertyImplementation (21 bytes)
Event: 16.351 Thread 0x000001f2252d9000 nmethod 3170 0x000001f20ebd0e10 code [0x000001f20ebd0fe0, 0x000001f20ebd11a8]
Event: 16.354 Thread 0x000001f2252d9000 3173       3       java.lang.ThreadLocal$ThreadLocalMap::getEntryAfterMiss (63 bytes)
Event: 16.354 Thread 0x000001f2252d9000 nmethod 3173 0x000001f20ebd1290 code [0x000001f20ebd1480, 0x000001f20ebd19c8]

GC Heap History (10 events):
Event: 1.062 GC heap before
{Heap before GC invocations=0 (full 0):
 garbage-first heap   total 129024K, used 29696K [0x0000000080000000, 0x0000000100000000)
  region size 1024K, 24 young (24576K), 0 survivors (0K)
 Metaspace       used 10678K, capacity 10996K, committed 11264K, reserved 1058816K
  class space    used 1130K, capacity 1200K, committed 1280K, reserved 1048576K
}
Event: 1.066 GC heap after
{Heap after GC invocations=1 (full 0):
 garbage-first heap   total 129024K, used 8651K [0x0000000080000000, 0x0000000100000000)
  region size 1024K, 3 young (3072K), 3 survivors (3072K)
 Metaspace       used 10678K, capacity 10996K, committed 11264K, reserved 1058816K
  class space    used 1130K, capacity 1200K, committed 1280K, reserved 1048576K
}
Event: 4.091 GC heap before
{Heap before GC invocations=1 (full 0):
 garbage-first heap   total 129024K, used 81355K [0x0000000080000000, 0x0000000100000000)
  region size 1024K, 75 young (76800K), 3 survivors (3072K)
 Metaspace       used 18972K, capacity 19454K, committed 19712K, reserved 1067008K
  class space    used 2302K, capacity 2458K, committed 2560K, reserved 1048576K
}
Event: 4.102 GC heap after
{Heap after GC invocations=2 (full 0):
 garbage-first heap   total 129024K, used 15370K [0x0000000080000000, 0x0000000100000000)
  region size 1024K, 10 young (10240K), 10 survivors (10240K)
 Metaspace       used 18972K, capacity 19454K, committed 19712K, reserved 1067008K
  class space    used 2302K, capacity 2458K, committed 2560K, reserved 1048576K
}
Event: 4.584 GC heap before
{Heap before GC invocations=2 (full 0):
 garbage-first heap   total 129024K, used 26634K [0x0000000080000000, 0x0000000100000000)
  region size 1024K, 22 young (22528K), 10 survivors (10240K)
 Metaspace       used 20580K, capacity 21095K, committed 21248K, reserved 1067008K
  class space    used 2527K, capacity 2712K, committed 2816K, reserved 1048576K
}
Event: 4.590 GC heap after
{Heap after GC invocations=3 (full 0):
 garbage-first heap   total 129024K, used 16200K [0x0000000080000000, 0x0000000100000000)
  region size 1024K, 1 young (1024K), 1 survivors (1024K)
 Metaspace       used 20580K, capacity 21095K, committed 21248K, reserved 1067008K
  class space    used 2527K, capacity 2712K, committed 2816K, reserved 1048576K
}
Event: 8.890 GC heap before
{Heap before GC invocations=4 (full 0):
 garbage-first heap   total 129024K, used 70472K [0x0000000080000000, 0x0000000100000000)
  region size 1024K, 54 young (55296K), 1 survivors (1024K)
 Metaspace       used 26579K, capacity 27204K, committed 27264K, reserved 1073152K
  class space    used 3486K, capacity 3710K, committed 3712K, reserved 1048576K
}
Event: 8.893 GC heap after
{Heap after GC invocations=5 (full 0):
 garbage-first heap   total 129024K, used 17904K [0x0000000080000000, 0x0000000100000000)
  region size 1024K, 3 young (3072K), 3 survivors (3072K)
 Metaspace       used 26579K, capacity 27204K, committed 27264K, reserved 1073152K
  class space    used 3486K, capacity 3710K, committed 3712K, reserved 1048576K
}
Event: 13.764 GC heap before
{Heap before GC invocations=5 (full 0):
 garbage-first heap   total 129024K, used 61936K [0x0000000080000000, 0x0000000100000000)
  region size 1024K, 48 young (49152K), 3 survivors (3072K)
 Metaspace       used 35065K, capacity 35803K, committed 35840K, reserved 1081344K
  class space    used 4564K, capacity 4854K, committed 4864K, reserved 1048576K
}
Event: 13.773 GC heap after
{Heap after GC invocations=6 (full 0):
 garbage-first heap   total 129024K, used 21074K [0x0000000080000000, 0x0000000100000000)
  region size 1024K, 6 young (6144K), 6 survivors (6144K)
 Metaspace       used 35065K, capacity 35803K, committed 35840K, reserved 1081344K
  class space    used 4564K, capacity 4854K, committed 4864K, reserved 1048576K
}

Deoptimization events (20 events):
Event: 15.095 Thread 0x000001f22798d800 Uncommon trap: trap_request=0xffffff4d fr.pc=0x000001f215c4a8c8 relative=0x00000000000006c8
Event: 15.095 Thread 0x000001f22798d800 Uncommon trap: reason=unstable_if action=reinterpret pc=0x000001f215c4a8c8 method=java.util.HashMap.putVal(ILjava/lang/Object;Ljava/lang/Object;ZZ)Ljava/lang/Object; @ 85 c2
Event: 15.095 Thread 0x000001f22798d800 DEOPT PACKING pc=0x000001f215c4a8c8 sp=0x000000648d2f9100
Event: 15.095 Thread 0x000001f22798d800 DEOPT UNPACKING pc=0x000001f20e0374af sp=0x000000648d2f90b8 mode 2
Event: 15.105 Thread 0x000001f22798d800 Uncommon trap: trap_request=0xffffff4d fr.pc=0x000001f215c37e80 relative=0x0000000000000320
Event: 15.105 Thread 0x000001f22798d800 Uncommon trap: reason=unstable_if action=reinterpret pc=0x000001f215c37e80 method=org.gradle.internal.reflect.PropertyAccessorType.isGetGetterName(Ljava/lang/String;)Z @ 14 c2
Event: 15.105 Thread 0x000001f22798d800 DEOPT PACKING pc=0x000001f215c37e80 sp=0x000000648d2f9a40
Event: 15.105 Thread 0x000001f22798d800 DEOPT UNPACKING pc=0x000001f20e0374af sp=0x000000648d2f9998 mode 2
Event: 15.181 Thread 0x000001f22798d800 Uncommon trap: trap_request=0xffffff4d fr.pc=0x000001f215c14288 relative=0x00000000000000e8
Event: 15.181 Thread 0x000001f22798d800 Uncommon trap: reason=unstable_if action=reinterpret pc=0x000001f215c14288 method=org.objectweb.asm.ByteVector.putShort(I)Lorg/objectweb/asm/ByteVector; @ 13 c2
Event: 15.181 Thread 0x000001f22798d800 DEOPT PACKING pc=0x000001f215c14288 sp=0x000000648d2f9650
Event: 15.181 Thread 0x000001f22798d800 DEOPT UNPACKING pc=0x000001f20e0374af sp=0x000000648d2f95e8 mode 2
Event: 15.810 Thread 0x000001f22798d800 Uncommon trap: trap_request=0xffffff4d fr.pc=0x000001f215bf3c70 relative=0x0000000000005e10
Event: 15.810 Thread 0x000001f22798d800 Uncommon trap: reason=unstable_if action=reinterpret pc=0x000001f215bf3c70 method=java.net.URLClassLoader.defineClass(Ljava/lang/String;Ljdk/internal/loader/Resource;)Ljava/lang/Class; @ 21 c2
Event: 15.810 Thread 0x000001f22798d800 DEOPT PACKING pc=0x000001f215bf3c70 sp=0x000000648d2f8e60
Event: 15.810 Thread 0x000001f22798d800 DEOPT UNPACKING pc=0x000001f20e0374af sp=0x000000648d2f8e18 mode 2
Event: 15.973 Thread 0x000001f22798d800 Uncommon trap: trap_request=0xffffff4d fr.pc=0x000001f215c6b4b4 relative=0x0000000000001d94
Event: 15.973 Thread 0x000001f22798d800 Uncommon trap: reason=unstable_if action=reinterpret pc=0x000001f215c6b4b4 method=org.codehaus.groovy.runtime.metaclass.MetaMethodIndex.addMethodToList(Ljava/lang/Object;Lgroovy/lang/MetaMethod;)Ljava/lang/Object; @ 226 c2
Event: 15.973 Thread 0x000001f22798d800 DEOPT PACKING pc=0x000001f215c6b4b4 sp=0x000000648d2f6e10
Event: 15.973 Thread 0x000001f22798d800 DEOPT UNPACKING pc=0x000001f20e0374af sp=0x000000648d2f6dd0 mode 2

Classes redefined (0 events):
No events

Internal exceptions (20 events):
Event: 15.853 Thread 0x000001f22798d800 Exception <a 'java/lang/ClassNotFoundException'{0x0000000085ad3a78}: groovy/lang/Closure$1Customizer> (0x0000000085ad3a78) thrown at [./src/hotspot/share/classfile/systemDictionary.cpp, line 231]
Event: 15.960 Thread 0x000001f22798d800 Exception <a 'java/lang/ClassNotFoundException'{0x000000008570b360}: org/gradle/internal/metaobject/ConfigureDelegateBeanInfo> (0x000000008570b360) thrown at [./src/hotspot/share/classfile/systemDictionary.cpp, line 231]
Event: 15.961 Thread 0x000001f22798d800 Exception <a 'java/lang/ClassNotFoundException'{0x0000000085729bc0}: org/gradle/internal/metaobject/ConfigureDelegateCustomizer> (0x0000000085729bc0) thrown at [./src/hotspot/share/classfile/systemDictionary.cpp, line 231]
Event: 15.966 Thread 0x000001f22798d800 Exception <a 'java/lang/ClassNotFoundException'{0x000000008577ef08}: org/gradle/api/internal/initialization/DefaultScriptHandlerBeanInfo> (0x000000008577ef08) thrown at [./src/hotspot/share/classfile/systemDictionary.cpp, line 231]
Event: 15.967 Thread 0x000001f22798d800 Exception <a 'java/lang/ClassNotFoundException'{0x00000000857a12b8}: org/gradle/api/internal/initialization/DefaultScriptHandlerCustomizer> (0x00000000857a12b8) thrown at [./src/hotspot/share/classfile/systemDictionary.cpp, line 231]
Event: 16.010 Thread 0x000001f22798d800 Exception <a 'java/lang/ClassNotFoundException'{0x00000000853ce440}: org/gradle/api/internal/artifacts/dsl/DefaultRepositoryHandler_DecoratedBeanInfo> (0x00000000853ce440) thrown at [./src/hotspot/share/classfile/systemDictionary.cpp, line 231]
Event: 16.011 Thread 0x000001f22798d800 Exception <a 'java/lang/ClassNotFoundException'{0x00000000853feb58}: org/gradle/api/internal/artifacts/dsl/DefaultRepositoryHandlerBeanInfo> (0x00000000853feb58) thrown at [./src/hotspot/share/classfile/systemDictionary.cpp, line 231]
Event: 16.012 Thread 0x000001f22798d800 Exception <a 'java/lang/ClassNotFoundException'{0x0000000085231ae8}: org/gradle/api/internal/artifacts/DefaultArtifactRepositoryContainerBeanInfo> (0x0000000085231ae8) thrown at [./src/hotspot/share/classfile/systemDictionary.cpp, line 231]
Event: 16.013 Thread 0x000001f22798d800 Exception <a 'java/lang/ClassNotFoundException'{0x0000000085254918}: org/gradle/api/internal/DefaultNamedDomainObjectListBeanInfo> (0x0000000085254918) thrown at [./src/hotspot/share/classfile/systemDictionary.cpp, line 231]
Event: 16.014 Thread 0x000001f22798d800 Exception <a 'java/lang/ClassNotFoundException'{0x00000000852784e0}: org/gradle/api/internal/DefaultNamedDomainObjectCollectionBeanInfo> (0x00000000852784e0) thrown at [./src/hotspot/share/classfile/systemDictionary.cpp, line 231]
Event: 16.015 Thread 0x000001f22798d800 Exception <a 'java/lang/ClassNotFoundException'{0x000000008529b590}: org/gradle/api/internal/DefaultDomainObjectCollectionBeanInfo> (0x000000008529b590) thrown at [./src/hotspot/share/classfile/systemDictionary.cpp, line 231]
Event: 16.015 Thread 0x000001f22798d800 Exception <a 'java/lang/ClassNotFoundException'{0x00000000852a1038}: java/util/AbstractCollectionBeanInfo> (0x00000000852a1038) thrown at [./src/hotspot/share/classfile/systemDictionary.cpp, line 231]
Event: 16.016 Thread 0x000001f22798d800 Exception <a 'java/lang/ClassNotFoundException'{0x00000000852a6a48}: java/util/AbstractCollectionCustomizer> (0x00000000852a6a48) thrown at [./src/hotspot/share/classfile/systemDictionary.cpp, line 231]
Event: 16.018 Thread 0x000001f22798d800 Exception <a 'java/lang/ClassNotFoundException'{0x00000000852d2c50}: org/gradle/api/internal/DefaultDomainObjectCollectionCustomizer> (0x00000000852d2c50) thrown at [./src/hotspot/share/classfile/systemDictionary.cpp, line 231]
Event: 16.020 Thread 0x000001f22798d800 Exception <a 'java/lang/ClassNotFoundException'{0x0000000085114190}: org/gradle/api/internal/DefaultNamedDomainObjectCollectionCustomizer> (0x0000000085114190) thrown at [./src/hotspot/share/classfile/systemDictionary.cpp, line 231]
Event: 16.023 Thread 0x000001f22798d800 Exception <a 'java/lang/ClassNotFoundException'{0x0000000085168a40}: org/gradle/api/internal/DefaultNamedDomainObjectListCustomizer> (0x0000000085168a40) thrown at [./src/hotspot/share/classfile/systemDictionary.cpp, line 231]
Event: 16.024 Thread 0x000001f22798d800 Exception <a 'java/lang/ClassNotFoundException'{0x00000000851b4bd8}: org/gradle/api/internal/artifacts/DefaultArtifactRepositoryContainerCustomizer> (0x00000000851b4bd8) thrown at [./src/hotspot/share/classfile/systemDictionary.cpp, line 231]
Event: 16.026 Thread 0x000001f22798d800 Exception <a 'java/lang/ClassNotFoundException'{0x00000000851f6720}: org/gradle/api/internal/artifacts/dsl/DefaultRepositoryHandlerCustomizer> (0x00000000851f6720) thrown at [./src/hotspot/share/classfile/systemDictionary.cpp, line 231]
Event: 16.030 Thread 0x000001f22798d800 Exception <a 'java/lang/ClassNotFoundException'{0x0000000084a49d98}: org/gradle/api/internal/artifacts/dsl/DefaultRepositoryHandler_DecoratedCustomizer> (0x0000000084a49d98) thrown at [./src/hotspot/share/classfile/systemDictionary.cpp, line 231]
Event: 16.128 Thread 0x000001f22798d800 Exception <a 'java/lang/NoSuchMethodError'{0x00000000847c8550}: 'int java.lang.invoke.DirectMethodHandle$Holder.invokeStaticInit(java.lang.Object, java.lang.Object, java.lang.Object, java.lang.Object)'> (0x00000000847c8550) thrown at [./src/hotspot/share/interpreter/linkResolver.cpp, line 773]

Events (20 events):
Event: 16.391 loading class org/gradle/api/internal/artifacts/DefaultDependencyFactory
Event: 16.391 loading class org/gradle/api/internal/artifacts/DefaultDependencyFactory done
Event: 16.392 loading class org/gradle/api/internal/notations/DependencyNotationParser
Event: 16.392 loading class org/gradle/api/internal/notations/DependencyNotationParser done
Event: 16.393 loading class org/gradle/api/internal/artifacts/dependencies/DefaultExternalModuleDependency
Event: 16.393 loading class org/gradle/api/internal/artifacts/dependencies/DefaultExternalModuleDependency done
Event: 16.394 loading class org/gradle/api/artifacts/ExternalModuleDependency
Event: 16.394 loading class org/gradle/api/artifacts/ExternalModuleDependency done
Event: 16.395 loading class org/gradle/api/artifacts/ExternalDependency
Event: 16.395 loading class org/gradle/api/artifacts/ExternalDependency done
Event: 16.396 loading class org/gradle/api/internal/artifacts/dependencies/AbstractExternalModuleDependency
Event: 16.396 loading class org/gradle/api/internal/artifacts/dependencies/AbstractExternalModuleDependency done
Event: 16.399 loading class org/gradle/api/internal/artifacts/dependencies/AbstractModuleDependency
Event: 16.399 loading class org/gradle/api/internal/artifacts/dependencies/AbstractModuleDependency done
Event: 16.400 loading class org/gradle/api/internal/artifacts/dependencies/AbstractDependency
Event: 16.400 loading class org/gradle/api/internal/artifacts/dependencies/AbstractDependency done
Event: 16.401 loading class org/gradle/api/internal/artifacts/ResolvableDependency
Event: 16.401 loading class org/gradle/api/internal/artifacts/ResolvableDependency done
Event: 16.401 loading class org/gradle/api/internal/notations/DependencyFilesNotationConverter
Event: 16.401 loading class org/gradle/api/internal/notations/DependencyFilesNotationConverter done


Dynamic libraries:
0x00007ff6cad80000 - 0x00007ff6cad8a000 	D:\Android\jre\bin\java.exe
0x00007ffefc0f0000 - 0x00007ffefc2e5000 	C:\WINDOWS\SYSTEM32\ntdll.dll
0x00007ffeaedc0000 - 0x00007ffeaedd3000 	C:\Program Files\Avast Software\Avast\aswhook.dll
0x00007ffefbdf0000 - 0x00007ffefbead000 	C:\WINDOWS\System32\KERNEL32.DLL
0x00007ffef9830000 - 0x00007ffef9af8000 	C:\WINDOWS\System32\KERNELBASE.dll
0x00007ffef9b00000 - 0x00007ffef9c00000 	C:\WINDOWS\System32\ucrtbase.dll
0x00007ffee7b10000 - 0x00007ffee7b29000 	D:\Android\jre\bin\jli.dll
0x00007ffee9330000 - 0x00007ffee9347000 	D:\Android\jre\bin\VCRUNTIME140.dll
0x00007ffefbeb0000 - 0x00007ffefc050000 	C:\WINDOWS\System32\USER32.dll
0x00007ffef9de0000 - 0x00007ffef9e02000 	C:\WINDOWS\System32\win32u.dll
0x00007ffefaa10000 - 0x00007ffefaa3a000 	C:\WINDOWS\System32\GDI32.dll
0x00007ffee0d00000 - 0x00007ffee0f9a000 	C:\WINDOWS\WinSxS\amd64_microsoft.windows.common-controls_6595b64144ccf1df_6.0.19041.844_none_ca00b6081b84eb1d\COMCTL32.dll
0x00007ffef9fa0000 - 0x00007ffefa0ab000 	C:\WINDOWS\System32\gdi32full.dll
0x00007ffefae40000 - 0x00007ffefaede000 	C:\WINDOWS\System32\msvcrt.dll
0x00007ffefa0b0000 - 0x00007ffefa14d000 	C:\WINDOWS\System32\msvcp_win.dll
0x00007ffefaaa0000 - 0x00007ffefaad0000 	C:\WINDOWS\System32\IMM32.DLL
0x00007ffed4e00000 - 0x00007ffed4e9d000 	D:\Android\jre\bin\msvcp140.dll
0x00007ffee2740000 - 0x00007ffee31fc000 	D:\Android\jre\bin\server\jvm.dll
0x00007ffefa660000 - 0x00007ffefa70c000 	C:\WINDOWS\System32\ADVAPI32.dll
0x00007ffefa3c0000 - 0x00007ffefa45b000 	C:\WINDOWS\System32\sechost.dll
0x00007ffefb4b0000 - 0x00007ffefb5db000 	C:\WINDOWS\System32\RPCRT4.dll
0x00007ffefa300000 - 0x00007ffefa308000 	C:\WINDOWS\System32\PSAPI.DLL
0x00007ffeebc60000 - 0x00007ffeebc87000 	C:\WINDOWS\SYSTEM32\WINMM.dll
0x00007ffed21b0000 - 0x00007ffed21b9000 	C:\WINDOWS\SYSTEM32\WSOCK32.dll
0x00007ffef1720000 - 0x00007ffef172a000 	C:\WINDOWS\SYSTEM32\VERSION.dll
0x00007ffefaf40000 - 0x00007ffefafab000 	C:\WINDOWS\System32\WS2_32.dll
0x00007ffef7950000 - 0x00007ffef7962000 	C:\WINDOWS\SYSTEM32\kernel.appcore.dll
0x00007ffef6c10000 - 0x00007ffef6c21000 	D:\Android\jre\bin\verify.dll
0x00007ffef7520000 - 0x00007ffef7704000 	C:\WINDOWS\SYSTEM32\DBGHELP.DLL
0x00007ffee17e0000 - 0x00007ffee180c000 	C:\WINDOWS\SYSTEM32\dbgcore.DLL
0x00007ffef9e10000 - 0x00007ffef9e90000 	C:\WINDOWS\System32\bcryptPrimitives.dll
0x00007ffef4aa0000 - 0x00007ffef4ac9000 	D:\Android\jre\bin\java.dll
0x00007ffef6c60000 - 0x00007ffef6c6b000 	D:\Android\jre\bin\jimage.dll
0x00007ffef3b10000 - 0x00007ffef3b28000 	D:\Android\jre\bin\zip.dll
0x00007ffefb5e0000 - 0x00007ffefbd22000 	C:\WINDOWS\System32\SHELL32.dll
0x00007ffef7970000 - 0x00007ffef8101000 	C:\WINDOWS\SYSTEM32\windows.storage.dll
0x00007ffefaae0000 - 0x00007ffefae35000 	C:\WINDOWS\System32\combase.dll
0x00007ffef92a0000 - 0x00007ffef92cc000 	C:\WINDOWS\SYSTEM32\Wldp.dll
0x00007ffefbd30000 - 0x00007ffefbdde000 	C:\WINDOWS\System32\SHCORE.dll
0x00007ffefaa40000 - 0x00007ffefaa95000 	C:\WINDOWS\System32\shlwapi.dll
0x00007ffef9770000 - 0x00007ffef978f000 	C:\WINDOWS\SYSTEM32\profapi.dll
0x00007ffef3690000 - 0x00007ffef36aa000 	D:\Android\jre\bin\net.dll
0x00007ffef27d0000 - 0x00007ffef28db000 	C:\WINDOWS\SYSTEM32\WINHTTP.dll
0x00007ffef9010000 - 0x00007ffef907a000 	C:\WINDOWS\system32\mswsock.dll
0x00007ffef2ed0000 - 0x00007ffef2ee4000 	D:\Android\jre\bin\nio.dll
0x00007ffee9300000 - 0x00007ffee9327000 	C:\Users\Kacper\.gradle\native\fdc75f09e3144964f2cf3f50f0aa648679c211496f362492102eb8c894070792\windows-amd64\native-platform.dll
0x00007ffebe020000 - 0x00007ffebe1b6000 	C:\Users\Kacper\.gradle\native\12488b8bf47d2d4c9fbf2f6322a914ad602e24e48041cd04a747c6da556b65c4\windows-amd64\native-platform-file-events.dll
0x00007ffef4d40000 - 0x00007ffef4d4a000 	D:\Android\jre\bin\management.dll
0x00007ffef4b30000 - 0x00007ffef4b3c000 	D:\Android\jre\bin\management_ext.dll
0x00007ffef91f0000 - 0x00007ffef9208000 	C:\WINDOWS\SYSTEM32\CRYPTSP.dll
0x00007ffef8940000 - 0x00007ffef8974000 	C:\WINDOWS\system32\rsaenh.dll
0x00007ffef9db0000 - 0x00007ffef9dd7000 	C:\WINDOWS\System32\bcrypt.dll
0x00007ffef96f0000 - 0x00007ffef971e000 	C:\WINDOWS\SYSTEM32\USERENV.dll
0x00007ffef91e0000 - 0x00007ffef91ec000 	C:\WINDOWS\SYSTEM32\CRYPTBASE.dll
0x00007ffef8cb0000 - 0x00007ffef8ceb000 	C:\WINDOWS\SYSTEM32\IPHLPAPI.DLL
0x00007ffefbde0000 - 0x00007ffefbde8000 	C:\WINDOWS\System32\NSI.dll
0x00007ffef5ef0000 - 0x00007ffef5f07000 	C:\WINDOWS\SYSTEM32\dhcpcsvc6.DLL
0x00007ffef5240000 - 0x00007ffef525d000 	C:\WINDOWS\SYSTEM32\dhcpcsvc.DLL
0x00007ffef8cf0000 - 0x00007ffef8dbc000 	C:\WINDOWS\SYSTEM32\DNSAPI.dll
0x00007ffef2370000 - 0x00007ffef237b000 	C:\WINDOWS\SYSTEM32\WINNSI.DLL

dbghelp: loaded successfully - version: 4.0.5 - missing functions: none
symbol engine: initialized successfully - sym options: 0x614 - pdb path: .;D:\Android\jre\bin;C:\WINDOWS\SYSTEM32;C:\Program Files\Avast Software\Avast;C:\WINDOWS\WinSxS\amd64_microsoft.windows.common-controls_6595b64144ccf1df_6.0.19041.844_none_ca00b6081b84eb1d;D:\Android\jre\bin\server;C:\Users\Kacper\.gradle\native\fdc75f09e3144964f2cf3f50f0aa648679c211496f362492102eb8c894070792\windows-amd64;C:\Users\Kacper\.gradle\native\12488b8bf47d2d4c9fbf2f6322a914ad602e24e48041cd04a747c6da556b65c4\windows-amd64

VM Arguments:
jvm_args: --add-opens=java.base/java.util=ALL-UNNAMED --add-opens=java.base/java.lang=ALL-UNNAMED --add-opens=java.base/java.lang.invoke=ALL-UNNAMED --add-opens=java.prefs/java.util.prefs=ALL-UNNAMED -Xmx2048m -Dfile.encoding=UTF-8 -Duser.country=PL -Duser.language=pl -Duser.variant 
java_command: org.gradle.launcher.daemon.bootstrap.GradleDaemon 6.7.1
java_class_path (initial): C:\Users\Kacper\.gradle\wrapper\dists\gradle-6.7.1-bin\bwlcbys1h7rz3272sye1xwiv6\gradle-6.7.1\lib\gradle-launcher-6.7.1.jar
Launcher Type: SUN_STANDARD

[Global flags]
     intx CICompilerCount                          = 4                                         {product} {ergonomic}
     uint ConcGCThreads                            = 2                                         {product} {ergonomic}
     uint G1ConcRefinementThreads                  = 8                                         {product} {ergonomic}
   size_t G1HeapRegionSize                         = 1048576                                   {product} {ergonomic}
    uintx GCDrainStackTargetSize                   = 64                                        {product} {ergonomic}
   size_t InitialHeapSize                          = 132120576                                 {product} {ergonomic}
   size_t MarkStackSize                            = 4194304                                   {product} {ergonomic}
   size_t MaxHeapSize                              = 2147483648                                {product} {command line}
   size_t MaxNewSize                               = 1287651328                                {product} {ergonomic}
   size_t MinHeapDeltaBytes                        = 1048576                                   {product} {ergonomic}
    uintx NonNMethodCodeHeapSize                   = 5836300                                {pd product} {ergonomic}
    uintx NonProfiledCodeHeapSize                  = 122910970                              {pd product} {ergonomic}
    uintx ProfiledCodeHeapSize                     = 122910970                              {pd product} {ergonomic}
    uintx ReservedCodeCacheSize                    = 251658240                              {pd product} {ergonomic}
     bool SegmentedCodeCache                       = true                                      {product} {ergonomic}
     bool UseCompressedClassPointers               = true                                 {lp64_product} {ergonomic}
     bool UseCompressedOops                        = true                                 {lp64_product} {ergonomic}
     bool UseG1GC                                  = true                                      {product} {ergonomic}
     bool UseLargePagesIndividualAllocation        = false                                  {pd product} {ergonomic}

Logging:
Log output configuration:
 #0: stdout all=warning uptime,level,tags
 #1: stderr all=off uptime,level,tags

Environment Variables:
PATH=C:\Program Files (x86)\Common Files\Oracle\Java\javapath;C:\Windows\system32;C:\Windows;C:\Windows\System32\Wbem;C:\Windows\System32\WindowsPowerShell\v1.0\;C:\Windows\System32\OpenSSH\;C:\Program Files (x86)\NVIDIA Corporation\PhysX\Common;C:\Program Files\NVIDIA Corporation\NVIDIA NvDLISR;C:\Program Files\dotnet\;C:\Program Files\Microsoft SQL Server\Client SDK\ODBC\130\Tools\Binn\;C:\Program Files\Azure Data Studio\bin;C:\Program Files\Microsoft SQL Server\Client SDK\ODBC\170\Tools\Binn\;C:\Program Files (x86)\Microsoft SQL Server\150\Tools\Binn\;C:\Program Files\Microsoft SQL Server\150\Tools\Binn\;C:\Program Files\Microsoft SQL Server\150\DTS\Binn\;D:\;C:\Program Files (x86)\dotnet\;C:\xampp\php;C:\ProgramData\ComposerSetup\bin;C:\Program Files\Git\cmd;C:\Program Files\nodejs\;C:\WINDOWS\system32;C:\WINDOWS;C:\WINDOWS\System32\Wbem;C:\WINDOWS\System32\WindowsPowerShell\v1.0\;C:\WINDOWS\System32\OpenSSH\;C:\Program Files (x86)\Microsoft SQL Server\150\DTS\Binn\;C:\Program Files\Microsoft SQL Server\130\Tools\Binn\;C:\Users\Kacper\AppData\Local\Microsoft\WindowsApps;C:\Users\Kacper\AppData\Local\Programs\Microsoft VS Code\bin;C:\Users\Kacper\AppData\Local\Programs\Azure Data Studio\bin;C:\Program Files\Azure Data Studio\bin;C:\Users\Kacper\.dotnet\tools;C:\Users\Kacper\AppData\Roaming\Composer\vendor\bin;C:\Users\Kacper\AppData\Roaming\npm;
USERNAME=Kacper
OS=Windows_NT
PROCESSOR_IDENTIFIER=Intel64 Family 6 Model 158 Stepping 10, GenuineIntel



---------------  S Y S T E M  ---------------

OS: Windows 10 , 64 bit Build 19041 (10.0.19041.928)
OS uptime: 0 days 6:23 hours

CPU:total 8 (initial active 8) (4 cores per cpu, 2 threads per core) family 6 model 158 stepping 10, cmov, cx8, fxsr, mmx, sse, sse2, sse3, ssse3, sse4.1, sse4.2, popcnt, avx, avx2, aes, clmul, erms, 3dnowpref, lzcnt, ht, tsc, tscinvbit, bmi1, bmi2, adx, fma

Memory: 4k page, system-wide physical 8000M (187M free)
TotalPageFile size 16192M (AvailPageFile size 0M)
current process WorkingSet (physical memory assigned to process): 209M, peak: 214M
current process commit charge ("private bytes"): 295M, peak: 296M

vm_info: OpenJDK 64-Bit Server VM (11.0.8+10-b944.6842174) for windows-amd64 JRE (11.0.8+10-b944.6842174), built on Sep 19 2020 01:11:42 by "builder" with MS VC++ 14.0 (VS2015)

END.
