#
# There is insufficient memory for the Java Runtime Environment to continue.
# Native memory allocation (malloc) failed to allocate 32744 bytes for ChunkPool::allocate
# Possible reasons:
#   The system is out of physical RAM or swap space
#   The process is running with CompressedOops enabled, and the Java Heap may be blocking the growth of the native heap
# Possible solutions:
#   Reduce memory load on the system
#   Increase physical memory or swap space
#   Check if swap backing store is full
#   Decrease Java heap size (-Xmx/-Xms)
#   Decrease number of Java threads
#   Decrease Java thread stack sizes (-Xss)
#   Set larger code cache with -XX:ReservedCodeCacheSize=
#   JVM is running with Unscaled Compressed Oops mode in which the Java heap is
#     placed in the first 4GB address space. The Java Heap base address is the
#     maximum limit for the native heap growth. Please use -XX:HeapBaseMinAddress
#     to set the Java Heap base and to place the Java Heap above 4GB virtual address.
# This output file may be truncated or incomplete.
#
#  Out of Memory Error (./src/hotspot/share/memory/arena.cpp:81), pid=12432, tid=3200
#
# JRE version: OpenJDK Runtime Environment (11.0.8+10) (build 11.0.8+10-b944.6842174)
# Java VM: OpenJDK 64-Bit Server VM (11.0.8+10-b944.6842174, mixed mode, tiered, compressed oops, g1 gc, windows-amd64)
# No core dump will be written. Minidumps are not enabled by default on client versions of Windows
#

---------------  S U M M A R Y ------------

Command Line: --add-opens=java.base/java.util=ALL-UNNAMED --add-opens=java.base/java.lang=ALL-UNNAMED --add-opens=java.base/java.lang.invoke=ALL-UNNAMED --add-opens=java.prefs/java.util.prefs=ALL-UNNAMED -Xmx2048m -Dfile.encoding=UTF-8 -Duser.country=PL -Duser.language=pl -Duser.variant org.gradle.launcher.daemon.bootstrap.GradleDaemon 6.7.1

Host: Intel(R) Core(TM) i5-9300H CPU @ 2.40GHz, 8 cores, 7G,  Windows 10 , 64 bit Build 19041 (10.0.19041.928)
Time: Thu May  6 16:48:29 2021 Œrodkowoeuropejski czas letni elapsed time: 794 seconds (0d 0h 13m 14s)

---------------  T H R E A D  ---------------

Current thread (0x000001d67f3f7000):  JavaThread "C2 CompilerThread0" daemon [_thread_in_native, id=3200, stack(0x000000b811b00000,0x000000b811c00000)]


Current CompileTask:
C2: 794882 17926       4       org.gradle.internal.logging.sink.OutputEventTransformer::onOutput (399 bytes)

Stack: [0x000000b811b00000,0x000000b811c00000]
Native frames: (J=compiled Java code, j=interpreted, Vv=VM code, C=native code)
V  [jvm.dll+0x5de50a]
V  [jvm.dll+0x7122f5]
V  [jvm.dll+0x71384d]
V  [jvm.dll+0x713f03]
V  [jvm.dll+0x23e728]
V  [jvm.dll+0xb8beb]
V  [jvm.dll+0xb8e9c]
V  [jvm.dll+0x5bcfa6]
V  [jvm.dll+0x5bc89e]
V  [jvm.dll+0xc2d1a]
V  [jvm.dll+0x32ac18]
V  [jvm.dll+0x5f7ec6]
V  [jvm.dll+0x5fb7c2]
V  [jvm.dll+0x5f364a]
V  [jvm.dll+0x5f2cb8]
V  [jvm.dll+0x5f0cb2]
V  [jvm.dll+0x181b0c]
V  [jvm.dll+0x2b11b3]
V  [jvm.dll+0x5fb7e9]
V  [jvm.dll+0x5f364a]
V  [jvm.dll+0x5f2cb8]
V  [jvm.dll+0x5f0cb2]
V  [jvm.dll+0x181b0c]
V  [jvm.dll+0x2b11b3]
V  [jvm.dll+0x5fb7e9]
V  [jvm.dll+0x5f364a]
V  [jvm.dll+0x5f2cb8]
V  [jvm.dll+0x5f0cb2]
V  [jvm.dll+0x181b0c]
V  [jvm.dll+0x182869]
V  [jvm.dll+0x2b11b3]
V  [jvm.dll+0x5fb7e9]
V  [jvm.dll+0x5f364a]
V  [jvm.dll+0x5f2cb8]
V  [jvm.dll+0x5f0cb2]
V  [jvm.dll+0x181b0c]
V  [jvm.dll+0x182869]
V  [jvm.dll+0x2b11b3]
V  [jvm.dll+0x5fb7e9]
V  [jvm.dll+0x5f364a]
V  [jvm.dll+0x5f2cb8]
V  [jvm.dll+0x5f0cb2]
V  [jvm.dll+0x181b0c]
V  [jvm.dll+0x1f65f5]
V  [jvm.dll+0x17f32c]
V  [jvm.dll+0x205047]
V  [jvm.dll+0x203891]
V  [jvm.dll+0x6dad3f]
V  [jvm.dll+0x6d3895]
V  [jvm.dll+0x5dd4a6]
C  [ucrtbase.dll+0x21bb2]
C  [KERNEL32.DLL+0x17034]
C  [ntdll.dll+0x52651]


---------------  P R O C E S S  ---------------

Threads class SMR info:
_java_thread_list=0x000001d61f3847c0, length=138, elements={
0x000001d67d032000, 0x000001d67eace800, 0x000001d67ead4000, 0x000001d67f3f3800,
0x000001d67f3f6800, 0x000001d67f3f7000, 0x000001d67f44a000, 0x000001d67f451000,
0x000001d67f5a7800, 0x000001d67f5b0800, 0x000001d61a18a800, 0x000001d61a667000,
0x000001d619639000, 0x000001d61963b000, 0x000001d61a07a800, 0x000001d61a078800,
0x000001d61a079800, 0x000001d61a081000, 0x000001d618b62000, 0x000001d61e962800,
0x000001d61e45f000, 0x000001d61e45a000, 0x000001d61e45a800, 0x000001d61e45b800,
0x000001d61e45c800, 0x000001d61e45d000, 0x000001d61e459000, 0x000001d61e45e000,
0x000001d61e458000, 0x000001d61e45f800, 0x000001d61e465800, 0x000001d61e461000,
0x000001d61e463000, 0x000001d61e466000, 0x000001d61e462000, 0x000001d61e463800,
0x000001d61e460800, 0x000001d61e464800, 0x000001d61e467000, 0x000001d61e957800,
0x000001d61e956000, 0x000001d61e957000, 0x000001d61e955800, 0x000001d61e958800,
0x000001d61e959800, 0x000001d61e95a000, 0x000001d61e954800, 0x000001d61e95b000,
0x000001d61e960000, 0x000001d61e960800, 0x000001d61e95d800, 0x000001d61e961800,
0x000001d61e95c000, 0x000001d61e95c800, 0x000001d61e963000, 0x000001d61e95f000,
0x000001d61e95e800, 0x000001d61a87b000, 0x000001d61a879800, 0x000001d61a876800,
0x000001d61a878800, 0x000001d61a87c000, 0x000001d61a877000, 0x000001d61a878000,
0x000001d61a87d000, 0x000001d61a87d800, 0x000001d61a87e800, 0x000001d61a87a800,
0x000001d61a883800, 0x000001d61a882800, 0x000001d61a881800, 0x000001d61a884000,
0x000001d61a885000, 0x000001d61a87f800, 0x000001d61a881000, 0x000001d618b5d000,
0x000001d618b5b000, 0x000001d618b5a800, 0x000001d618b58000, 0x000001d618b5c000,
0x000001d618b5e800, 0x000001d618b5d800, 0x000001d618b59000, 0x000001d618b59800,
0x000001d618b64000, 0x000001d618b65000, 0x000001d618b62800, 0x000001d618b60000,
0x000001d618b5f800, 0x000001d618b66000, 0x000001d618b66800, 0x000001d618b61000,
0x000001d61a07e800, 0x000001d61a07c000, 0x000001d61a07c800, 0x000001d61a085000,
0x000001d61a080000, 0x000001d61a084000, 0x000001d61a081800, 0x000001d61a082800,
0x000001d61a07f000, 0x000001d61a085800, 0x000001d61a086800, 0x000001d61a087800,
0x000001d619637800, 0x000001d619634800, 0x000001d619635000, 0x000001d619636000,
0x000001d619636800, 0x000001d619638800, 0x000001d61963a000, 0x000001d61db2a000,
0x000001d61db2d800, 0x000001d61db2e000, 0x000001d61db2b000, 0x000001d61db2b800,
0x000001d61db28800, 0x000001d61db2c800, 0x000001d61db2f000, 0x000001d61db29800,
0x000001d61db31800, 0x000001d61db32800, 0x000001d61db30800, 0x000001d61db35800,
0x000001d61db33000, 0x000001d61db34000, 0x000001d61db34800, 0x000001d61db30000,
0x000001d61db36800, 0x000001d61db37000, 0x000001d61cdda800, 0x000001d61cddb800,
0x000001d61cddc800, 0x000001d61cdd8800, 0x000001d61cdda000, 0x000001d61cddd000,
0x000001d61cddf000, 0x000001d61cdde000
}

Java Threads: ( => current thread )
  0x000001d67d032000 JavaThread "main" [_thread_blocked, id=1612, stack(0x000000b811000000,0x000000b811100000)]
  0x000001d67eace800 JavaThread "Reference Handler" daemon [_thread_blocked, id=4156, stack(0x000000b811700000,0x000000b811800000)]
  0x000001d67ead4000 JavaThread "Finalizer" daemon [_thread_blocked, id=9416, stack(0x000000b811800000,0x000000b811900000)]
  0x000001d67f3f3800 JavaThread "Signal Dispatcher" daemon [_thread_blocked, id=5868, stack(0x000000b811900000,0x000000b811a00000)]
  0x000001d67f3f6800 JavaThread "Attach Listener" daemon [_thread_blocked, id=10984, stack(0x000000b811a00000,0x000000b811b00000)]
=>0x000001d67f3f7000 JavaThread "C2 CompilerThread0" daemon [_thread_in_native, id=3200, stack(0x000000b811b00000,0x000000b811c00000)]
  0x000001d67f44a000 JavaThread "C1 CompilerThread0" daemon [_thread_blocked, id=14048, stack(0x000000b811c00000,0x000000b811d00000)]
  0x000001d67f451000 JavaThread "Sweeper thread" daemon [_thread_blocked, id=8984, stack(0x000000b811d00000,0x000000b811e00000)]
  0x000001d67f5a7800 JavaThread "Common-Cleaner" daemon [_thread_blocked, id=14436, stack(0x000000b811e00000,0x000000b811f00000)]
  0x000001d67f5b0800 JavaThread "Service Thread" daemon [_thread_blocked, id=5740, stack(0x000000b811f00000,0x000000b812000000)]
  0x000001d61a18a800 JavaThread "Daemon health stats" [_thread_blocked, id=6664, stack(0x000000b812500000,0x000000b812600000)]
  0x000001d61a667000 JavaThread "Incoming local TCP Connector on port 63964" [_thread_in_native, id=6792, stack(0x000000b812600000,0x000000b812700000)]
  0x000001d619639000 JavaThread "Daemon periodic checks" [_thread_blocked, id=13360, stack(0x000000b812700000,0x000000b812800000)]
  0x000001d61963b000 JavaThread "Cache worker for file hash cache (C:\Users\Kacper\.gradle\caches\6.7.1\fileHashes)" [_thread_blocked, id=10476, stack(0x000000b813400000,0x000000b813500000)]
  0x000001d61a07a800 JavaThread "File lock request listener" [_thread_in_native, id=8352, stack(0x000000b813500000,0x000000b813600000)]
  0x000001d61a078800 JavaThread "Cache worker for journal cache (C:\Users\Kacper\.gradle\caches\journal-1)" [_thread_blocked, id=15488, stack(0x000000b813700000,0x000000b813800000)]
  0x000001d61a079800 JavaThread "Cache worker for execution history cache (C:\Users\Kacper\.gradle\caches\6.7.1\executionHistory)" [_thread_blocked, id=11304, stack(0x000000b813900000,0x000000b813a00000)]
  0x000001d61a081000 JavaThread "Cache worker for file content cache (C:\Users\Kacper\.gradle\caches\6.7.1\fileContent)" [_thread_blocked, id=6772, stack(0x000000b813e00000,0x000000b813f00000)]
  0x000001d618b62000 JavaThread "Memory manager" [_thread_blocked, id=17096, stack(0x000000b814800000,0x000000b814900000)]
  0x000001d61e962800 JavaThread "Cache worker for Java compile cache (C:\Users\Kacper\.gradle\caches\6.7.1\javaCompile)" [_thread_blocked, id=13868, stack(0x000000b81b000000,0x000000b81b100000)]
  0x000001d61e45f000 JavaThread "ForkJoinPool.commonPool-worker-5" daemon [_thread_blocked, id=16756, stack(0x000000b81b200000,0x000000b81b300000)]
  0x000001d61e45a000 JavaThread "Daemon Thread 4" [_thread_blocked, id=4504, stack(0x000000b810d00000,0x000000b810e00000)]
  0x000001d61e45a800 JavaThread "Handler for socket connection from /127.0.0.1:63964 to /127.0.0.1:64672" [_thread_in_native, id=6820, stack(0x000000b810e00000,0x000000b810f00000)]
  0x000001d61e45b800 JavaThread "Cancel handler" [_thread_blocked, id=10220, stack(0x000000b810f00000,0x000000b811000000)]
  0x000001d61e45c800 JavaThread "Daemon worker Thread 4" [_thread_in_vm, id=17488, stack(0x000000b812100000,0x000000b812200000)]
  0x000001d61e45d000 JavaThread "Asynchronous log dispatcher for DefaultDaemonConnection: socket connection from /127.0.0.1:63964 to /127.0.0.1:64672" [_thread_blocked, id=20276, stack(0x000000b812400000,0x000000b812500000)]
  0x000001d61e459000 JavaThread "Stdin handler" [_thread_blocked, id=1628, stack(0x000000b812800000,0x000000b812900000)]
  0x000001d61e45e000 JavaThread "Thread-418" [_thread_blocked, id=6796, stack(0x000000b812900000,0x000000b812a00000)]
  0x000001d61e458000 JavaThread "Cache worker for file hash cache (C:\Users\Kacper\AndroidStudioProjects\FindNerbyPlaces\.gradle\6.7.1\fileHashes)" [_thread_blocked, id=8020, stack(0x000000b812a00000,0x000000b812b00000)]
  0x000001d61e45f800 JavaThread "Cache worker for checksums cache (C:\Users\Kacper\AndroidStudioProjects\FindNerbyPlaces\.gradle\checksums)" [_thread_blocked, id=18252, stack(0x000000b812b00000,0x000000b812c00000)]
  0x000001d61e465800 JavaThread "Cache worker for cache directory md-supplier (C:\Users\Kacper\.gradle\caches\6.7.1\md-supplier)" [_thread_blocked, id=17436, stack(0x000000b812c00000,0x000000b812d00000)]
  0x000001d61e461000 JavaThread "Cache worker for cache directory md-rule (C:\Users\Kacper\.gradle\caches\6.7.1\md-rule)" [_thread_blocked, id=19808, stack(0x000000b812d00000,0x000000b812e00000)]
  0x000001d61e463000 JavaThread "Cache worker for Build Output Cleanup Cache (C:\Users\Kacper\AndroidStudioProjects\FindNerbyPlaces\.gradle\buildOutputCleanup)" [_thread_blocked, id=13724, stack(0x000000b812e00000,0x000000b812f00000)]
  0x000001d61e466000 JavaThread "Build operations" [_thread_blocked, id=17256, stack(0x000000b813800000,0x000000b813900000)]
  0x000001d61e462000 JavaThread "Build operations Thread 2" [_thread_blocked, id=1492, stack(0x000000b813a00000,0x000000b813b00000)]
  0x000001d61e463800 JavaThread "Build operations Thread 3" [_thread_blocked, id=19384, stack(0x000000b813b00000,0x000000b813c00000)]
  0x000001d61e460800 JavaThread "Build operations Thread 4" [_thread_blocked, id=15756, stack(0x000000b813c00000,0x000000b813d00000)]
  0x000001d61e464800 JavaThread "Build operations Thread 5" [_thread_blocked, id=9864, stack(0x000000b813d00000,0x000000b813e00000)]
  0x000001d61e467000 JavaThread "Build operations Thread 6" [_thread_blocked, id=1824, stack(0x000000b813f00000,0x000000b814000000)]
  0x000001d61e957800 JavaThread "Build operations Thread 7" [_thread_blocked, id=3344, stack(0x000000b814000000,0x000000b814100000)]
  0x000001d61e956000 JavaThread "Build operations Thread 8" [_thread_blocked, id=18936, stack(0x000000b814100000,0x000000b814200000)]
  0x000001d61e957000 JavaThread "jar transforms Thread 292" [_thread_blocked, id=5424, stack(0x000000b814200000,0x000000b814300000)]
  0x000001d61e955800 JavaThread "jar transforms Thread 293" [_thread_blocked, id=13812, stack(0x000000b814300000,0x000000b814400000)]
  0x000001d61e958800 JavaThread "jar transforms Thread 294" [_thread_blocked, id=5620, stack(0x000000b814400000,0x000000b814500000)]
  0x000001d61e959800 JavaThread "jar transforms Thread 295" [_thread_blocked, id=15660, stack(0x000000b814500000,0x000000b814600000)]
  0x000001d61e95a000 JavaThread "jar transforms Thread 296" [_thread_blocked, id=19368, stack(0x000000b814600000,0x000000b814700000)]
  0x000001d61e954800 JavaThread "jar transforms Thread 297" [_thread_blocked, id=13596, stack(0x000000b814700000,0x000000b814800000)]
  0x000001d61e95b000 JavaThread "jar transforms Thread 298" [_thread_blocked, id=19000, stack(0x000000b814900000,0x000000b814a00000)]
  0x000001d61e960000 JavaThread "jar transforms Thread 299" [_thread_blocked, id=16452, stack(0x000000b814a00000,0x000000b814b00000)]
  0x000001d61e960800 JavaThread "jar transforms Thread 300" [_thread_blocked, id=10756, stack(0x000000b814b00000,0x000000b814c00000)]
  0x000001d61e95d800 JavaThread "jar transforms Thread 301" [_thread_blocked, id=14712, stack(0x000000b814c00000,0x000000b814d00000)]
  0x000001d61e961800 JavaThread "jar transforms Thread 302" [_thread_blocked, id=13936, stack(0x000000b814d00000,0x000000b814e00000)]
  0x000001d61e95c000 JavaThread "jar transforms Thread 303" [_thread_blocked, id=10116, stack(0x000000b815000000,0x000000b815100000)]
  0x000001d61e95c800 JavaThread "jar transforms Thread 304" [_thread_blocked, id=5616, stack(0x000000b815100000,0x000000b815200000)]
  0x000001d61e963000 JavaThread "jar transforms Thread 305" [_thread_blocked, id=3536, stack(0x000000b815200000,0x000000b815300000)]
  0x000001d61e95f000 JavaThread "jar transforms Thread 306" [_thread_blocked, id=1668, stack(0x000000b815300000,0x000000b815400000)]
  0x000001d61e95e800 JavaThread "jar transforms Thread 307" [_thread_blocked, id=18648, stack(0x000000b815400000,0x000000b815500000)]
  0x000001d61a87b000 JavaThread "jar transforms Thread 308" [_thread_blocked, id=5212, stack(0x000000b815500000,0x000000b815600000)]
  0x000001d61a879800 JavaThread "jar transforms Thread 309" [_thread_blocked, id=6412, stack(0x000000b815600000,0x000000b815700000)]
  0x000001d61a876800 JavaThread "jar transforms Thread 310" [_thread_blocked, id=8444, stack(0x000000b815700000,0x000000b815800000)]
  0x000001d61a878800 JavaThread "jar transforms Thread 311" [_thread_blocked, id=20076, stack(0x000000b815800000,0x000000b815900000)]
  0x000001d61a87c000 JavaThread "jar transforms Thread 312" [_thread_blocked, id=16548, stack(0x000000b815900000,0x000000b815a00000)]
  0x000001d61a877000 JavaThread "jar transforms Thread 313" [_thread_blocked, id=14076, stack(0x000000b815a00000,0x000000b815b00000)]
  0x000001d61a878000 JavaThread "jar transforms Thread 314" [_thread_blocked, id=18972, stack(0x000000b815b00000,0x000000b815c00000)]
  0x000001d61a87d000 JavaThread "jar transforms Thread 315" [_thread_blocked, id=16824, stack(0x000000b815c00000,0x000000b815d00000)]
  0x000001d61a87d800 JavaThread "jar transforms Thread 316" [_thread_blocked, id=17852, stack(0x000000b815d00000,0x000000b815e00000)]
  0x000001d61a87e800 JavaThread "jar transforms Thread 317" [_thread_blocked, id=15260, stack(0x000000b815e00000,0x000000b815f00000)]
  0x000001d61a87a800 JavaThread "jar transforms Thread 318" [_thread_blocked, id=3976, stack(0x000000b815f00000,0x000000b816000000)]
  0x000001d61a883800 JavaThread "jar transforms Thread 319" [_thread_blocked, id=17336, stack(0x000000b816000000,0x000000b816100000)]
  0x000001d61a882800 JavaThread "jar transforms Thread 320" [_thread_blocked, id=8524, stack(0x000000b816100000,0x000000b816200000)]
  0x000001d61a881800 JavaThread "jar transforms Thread 321" [_thread_blocked, id=8756, stack(0x000000b816200000,0x000000b816300000)]
  0x000001d61a884000 JavaThread "jar transforms Thread 322" [_thread_blocked, id=8796, stack(0x000000b816300000,0x000000b816400000)]
  0x000001d61a885000 JavaThread "jar transforms Thread 323" [_thread_blocked, id=9328, stack(0x000000b816400000,0x000000b816500000)]
  0x000001d61a87f800 JavaThread "jar transforms Thread 324" [_thread_blocked, id=16164, stack(0x000000b816500000,0x000000b816600000)]
  0x000001d61a881000 JavaThread "jar transforms Thread 325" [_thread_blocked, id=4544, stack(0x000000b816600000,0x000000b816700000)]
  0x000001d618b5d000 JavaThread "jar transforms Thread 326" [_thread_blocked, id=9624, stack(0x000000b816700000,0x000000b816800000)]
  0x000001d618b5b000 JavaThread "jar transforms Thread 327" [_thread_blocked, id=10524, stack(0x000000b816800000,0x000000b816900000)]
  0x000001d618b5a800 JavaThread "jar transforms Thread 328" [_thread_blocked, id=17596, stack(0x000000b816900000,0x000000b816a00000)]
  0x000001d618b58000 JavaThread "jar transforms Thread 329" [_thread_blocked, id=11096, stack(0x000000b816a00000,0x000000b816b00000)]
  0x000001d618b5c000 JavaThread "jar transforms Thread 330" [_thread_blocked, id=3944, stack(0x000000b816b00000,0x000000b816c00000)]
  0x000001d618b5e800 JavaThread "jar transforms Thread 331" [_thread_blocked, id=14704, stack(0x000000b816c00000,0x000000b816d00000)]
  0x000001d618b5d800 JavaThread "jar transforms Thread 332" [_thread_blocked, id=18628, stack(0x000000b816d00000,0x000000b816e00000)]
  0x000001d618b59000 JavaThread "jar transforms Thread 333" [_thread_blocked, id=3888, stack(0x000000b816e00000,0x000000b816f00000)]
  0x000001d618b59800 JavaThread "jar transforms Thread 334" [_thread_blocked, id=8668, stack(0x000000b816f00000,0x000000b817000000)]
  0x000001d618b64000 JavaThread "jar transforms Thread 335" [_thread_blocked, id=16312, stack(0x000000b817000000,0x000000b817100000)]
  0x000001d618b65000 JavaThread "jar transforms Thread 336" [_thread_blocked, id=20144, stack(0x000000b817100000,0x000000b817200000)]
  0x000001d618b62800 JavaThread "jar transforms Thread 337" [_thread_blocked, id=12384, stack(0x000000b817200000,0x000000b817300000)]
  0x000001d618b60000 JavaThread "jar transforms Thread 338" [_thread_blocked, id=18788, stack(0x000000b817300000,0x000000b817400000)]
  0x000001d618b5f800 JavaThread "jar transforms Thread 339" [_thread_blocked, id=15384, stack(0x000000b817400000,0x000000b817500000)]
  0x000001d618b66000 JavaThread "jar transforms Thread 340" [_thread_blocked, id=3284, stack(0x000000b817500000,0x000000b817600000)]
  0x000001d618b66800 JavaThread "jar transforms Thread 341" [_thread_blocked, id=19628, stack(0x000000b817600000,0x000000b817700000)]
  0x000001d618b61000 JavaThread "jar transforms Thread 342" [_thread_blocked, id=14212, stack(0x000000b817700000,0x000000b817800000)]
  0x000001d61a07e800 JavaThread "jar transforms Thread 343" [_thread_blocked, id=10064, stack(0x000000b817800000,0x000000b817900000)]
  0x000001d61a07c000 JavaThread "jar transforms Thread 344" [_thread_blocked, id=16276, stack(0x000000b817900000,0x000000b817a00000)]
  0x000001d61a07c800 JavaThread "jar transforms Thread 345" [_thread_blocked, id=15992, stack(0x000000b817a00000,0x000000b817b00000)]
  0x000001d61a085000 JavaThread "jar transforms Thread 346" [_thread_blocked, id=15108, stack(0x000000b817b00000,0x000000b817c00000)]
  0x000001d61a080000 JavaThread "jar transforms Thread 347" [_thread_blocked, id=8084, stack(0x000000b817c00000,0x000000b817d00000)]
  0x000001d61a084000 JavaThread "jar transforms Thread 348" [_thread_blocked, id=9636, stack(0x000000b817d00000,0x000000b817e00000)]
  0x000001d61a081800 JavaThread "jar transforms Thread 349" [_thread_blocked, id=10572, stack(0x000000b817e00000,0x000000b817f00000)]
  0x000001d61a082800 JavaThread "jar transforms Thread 350" [_thread_blocked, id=5356, stack(0x000000b817f00000,0x000000b818000000)]
  0x000001d61a07f000 JavaThread "jar transforms Thread 351" [_thread_blocked, id=6128, stack(0x000000b818000000,0x000000b818100000)]
  0x000001d61a085800 JavaThread "jar transforms Thread 352" [_thread_blocked, id=6684, stack(0x000000b818100000,0x000000b818200000)]
  0x000001d61a086800 JavaThread "jar transforms Thread 353" [_thread_blocked, id=5420, stack(0x000000b818200000,0x000000b818300000)]
  0x000001d61a087800 JavaThread "jar transforms Thread 354" [_thread_blocked, id=4340, stack(0x000000b818300000,0x000000b818400000)]
  0x000001d619637800 JavaThread "jar transforms Thread 355" [_thread_blocked, id=6400, stack(0x000000b818400000,0x000000b818500000)]
  0x000001d619634800 JavaThread "jar transforms Thread 356" [_thread_blocked, id=17400, stack(0x000000b818500000,0x000000b818600000)]
  0x000001d619635000 JavaThread "jar transforms Thread 357" [_thread_blocked, id=7124, stack(0x000000b818600000,0x000000b818700000)]
  0x000001d619636000 JavaThread "jar transforms Thread 358" [_thread_blocked, id=11428, stack(0x000000b818700000,0x000000b818800000)]
  0x000001d619636800 JavaThread "jar transforms Thread 359" [_thread_blocked, id=14412, stack(0x000000b818800000,0x000000b818900000)]
  0x000001d619638800 JavaThread "jar transforms Thread 360" [_thread_blocked, id=9876, stack(0x000000b818900000,0x000000b818a00000)]
  0x000001d61963a000 JavaThread "jar transforms Thread 361" [_thread_blocked, id=16724, stack(0x000000b818a00000,0x000000b818b00000)]
  0x000001d61db2a000 JavaThread "jar transforms Thread 362" [_thread_blocked, id=15128, stack(0x000000b818b00000,0x000000b818c00000)]
  0x000001d61db2d800 JavaThread "jar transforms Thread 363" [_thread_blocked, id=19520, stack(0x000000b818c00000,0x000000b818d00000)]
  0x000001d61db2e000 JavaThread "jar transforms Thread 364" [_thread_blocked, id=17524, stack(0x000000b818d00000,0x000000b818e00000)]
  0x000001d61db2b000 JavaThread "jar transforms Thread 365" [_thread_blocked, id=6052, stack(0x000000b818e00000,0x000000b818f00000)]
  0x000001d61db2b800 JavaThread "jar transforms Thread 366" [_thread_blocked, id=4388, stack(0x000000b818f00000,0x000000b819000000)]
  0x000001d61db28800 JavaThread "jar transforms Thread 367" [_thread_blocked, id=3352, stack(0x000000b819000000,0x000000b819100000)]
  0x000001d61db2c800 JavaThread "jar transforms Thread 368" [_thread_blocked, id=4076, stack(0x000000b819100000,0x000000b819200000)]
  0x000001d61db2f000 JavaThread "jar transforms Thread 369" [_thread_blocked, id=12712, stack(0x000000b819200000,0x000000b819300000)]
  0x000001d61db29800 JavaThread "jar transforms Thread 370" [_thread_blocked, id=2400, stack(0x000000b819300000,0x000000b819400000)]
  0x000001d61db31800 JavaThread "jar transforms Thread 371" [_thread_blocked, id=6296, stack(0x000000b819400000,0x000000b819500000)]
  0x000001d61db32800 JavaThread "jar transforms Thread 372" [_thread_blocked, id=6060, stack(0x000000b819500000,0x000000b819600000)]
  0x000001d61db30800 JavaThread "jar transforms Thread 373" [_thread_blocked, id=20104, stack(0x000000b819600000,0x000000b819700000)]
  0x000001d61db35800 JavaThread "jar transforms Thread 374" [_thread_blocked, id=2216, stack(0x000000b819700000,0x000000b819800000)]
  0x000001d61db33000 JavaThread "jar transforms Thread 375" [_thread_blocked, id=16116, stack(0x000000b819800000,0x000000b819900000)]
  0x000001d61db34000 JavaThread "jar transforms Thread 376" [_thread_blocked, id=9680, stack(0x000000b819900000,0x000000b819a00000)]
  0x000001d61db34800 JavaThread "jar transforms Thread 377" [_thread_blocked, id=20336, stack(0x000000b819a00000,0x000000b819b00000)]
  0x000001d61db30000 JavaThread "jar transforms Thread 378" [_thread_blocked, id=9836, stack(0x000000b819b00000,0x000000b819c00000)]
  0x000001d61db36800 JavaThread "jar transforms Thread 379" [_thread_blocked, id=3464, stack(0x000000b819c00000,0x000000b819d00000)]
  0x000001d61db37000 JavaThread "jar transforms Thread 380" [_thread_blocked, id=11408, stack(0x000000b819d00000,0x000000b819e00000)]
  0x000001d61cdda800 JavaThread "jar transforms Thread 381" [_thread_blocked, id=2196, stack(0x000000b819e00000,0x000000b819f00000)]
  0x000001d61cddb800 JavaThread "jar transforms Thread 382" [_thread_blocked, id=18948, stack(0x000000b819f00000,0x000000b81a000000)]
  0x000001d61cddc800 JavaThread "jar transforms Thread 383" [_thread_blocked, id=17308, stack(0x000000b81a000000,0x000000b81a100000)]
  0x000001d61cdd8800 JavaThread "jar transforms Thread 384" [_thread_blocked, id=4124, stack(0x000000b81a100000,0x000000b81a200000)]
  0x000001d61cdda000 JavaThread "jar transforms Thread 385" [_thread_blocked, id=2836, stack(0x000000b81a200000,0x000000b81a300000)]
  0x000001d61cddd000 JavaThread "jar transforms Thread 386" [_thread_blocked, id=17260, stack(0x000000b81a300000,0x000000b81a400000)]
  0x000001d61cddf000 JavaThread "jar transforms Thread 387" [_thread_blocked, id=16624, stack(0x000000b81a400000,0x000000b81a500000)]
  0x000001d61cdde000 JavaThread "jar transforms Thread 388" [_thread_blocked, id=840, stack(0x000000b81a500000,0x000000b81a600000)]

Other Threads:
  0x000001d67eaaa000 VMThread "VM Thread" [stack: 0x000000b811600000,0x000000b811700000] [id=4888]
  0x000001d67f5d3800 WatcherThread [stack: 0x000000b812000000,0x000000b812100000] [id=16744]
  0x000001d67d046000 GCTaskThread "GC Thread#0" [stack: 0x000000b811100000,0x000000b811200000] [id=19632]
  0x000001d618df4800 GCTaskThread "GC Thread#1" [stack: 0x000000b812200000,0x000000b812300000] [id=16632]
  0x000001d67fd1d800 GCTaskThread "GC Thread#2" [stack: 0x000000b812300000,0x000000b812400000] [id=3380]
  0x000001d619268000 GCTaskThread "GC Thread#3" [stack: 0x000000b812f00000,0x000000b813000000] [id=15484]
  0x000001d61aa0a000 GCTaskThread "GC Thread#4" [stack: 0x000000b813000000,0x000000b813100000] [id=7076]
  0x000001d619334000 GCTaskThread "GC Thread#5" [stack: 0x000000b813100000,0x000000b813200000] [id=7640]
  0x000001d619335000 GCTaskThread "GC Thread#6" [stack: 0x000000b813200000,0x000000b813300000] [id=16388]
  0x000001d619337000 GCTaskThread "GC Thread#7" [stack: 0x000000b813300000,0x000000b813400000] [id=15768]
  0x000001d67d07f800 ConcurrentGCThread "G1 Main Marker" [stack: 0x000000b811200000,0x000000b811300000] [id=14468]
  0x000001d67d081000 ConcurrentGCThread "G1 Conc#0" [stack: 0x000000b811300000,0x000000b811400000] [id=18904]
  0x000001d619332000 ConcurrentGCThread "G1 Conc#1" [stack: 0x000000b813600000,0x000000b813700000] [id=12364]
  0x000001d67e8f4800 ConcurrentGCThread "G1 Refine#0" [stack: 0x000000b811400000,0x000000b811500000] [id=468]
  0x000001d623838800 ConcurrentGCThread "G1 Refine#1" [stack: 0x000000b81c300000,0x000000b81c400000] [id=3280]
  0x000001d622d07800 ConcurrentGCThread "G1 Refine#2" [stack: 0x000000b81c400000,0x000000b81c500000] [id=1592]
  0x000001d67e8f5000 ConcurrentGCThread "G1 Young RemSet Sampling" [stack: 0x000000b811500000,0x000000b811600000] [id=17468]

Threads with active compile tasks:
C2 CompilerThread0 795356 17926       4       org.gradle.internal.logging.sink.OutputEventTransformer::onOutput (399 bytes)

VM state:not at safepoint (normal execution)

VM Mutex/Monitor currently owned by a thread: None

Heap address: 0x0000000080000000, size: 2048 MB, Compressed Oops mode: 32-bit
Narrow klass base: 0x0000000000000000, Narrow klass shift: 3
Compressed class space size: 1073741824 Address: 0x0000000100000000

Heap:
 garbage-first heap   total 292864K, used 178600K [0x0000000080000000, 0x0000000100000000)
  region size 1024K, 26 young (26624K), 2 survivors (2048K)
 Metaspace       used 107712K, capacity 110500K, committed 110668K, reserved 1144832K
  class space    used 13601K, capacity 14604K, committed 14668K, reserved 1048576K
Heap Regions: E=young(eden), S=young(survivor), O=old, HS=humongous(starts), HC=humongous(continues), CS=collection set, F=free, A=archive, TAMS=top-at-mark-start (previous, next)
|   0|0x0000000080000000, 0x0000000080100000, 0x0000000080100000|100%| O|  |TAMS 0x0000000080100000, 0x0000000080000000| Untracked 
|   1|0x0000000080100000, 0x0000000080200000, 0x0000000080200000|100%| O|  |TAMS 0x0000000080200000, 0x0000000080100000| Untracked 
|   2|0x0000000080200000, 0x0000000080300000, 0x0000000080300000|100%| O|  |TAMS 0x0000000080300000, 0x0000000080200000| Untracked 
|   3|0x0000000080300000, 0x0000000080400000, 0x0000000080400000|100%|HS|  |TAMS 0x0000000080400000, 0x0000000080300000| Complete 
|   4|0x0000000080400000, 0x0000000080500000, 0x0000000080500000|100%|HC|  |TAMS 0x0000000080500000, 0x0000000080400000| Complete 
|   5|0x0000000080500000, 0x0000000080600000, 0x0000000080600000|100%|HC|  |TAMS 0x0000000080600000, 0x0000000080500000| Complete 
|   6|0x0000000080600000, 0x0000000080700000, 0x0000000080700000|100%| O|  |TAMS 0x0000000080700000, 0x0000000080600000| Untracked 
|   7|0x0000000080700000, 0x0000000080800000, 0x0000000080800000|100%| O|  |TAMS 0x0000000080800000, 0x0000000080700000| Untracked 
|   8|0x0000000080800000, 0x0000000080900000, 0x0000000080900000|100%| O|  |TAMS 0x0000000080900000, 0x0000000080800000| Untracked 
|   9|0x0000000080900000, 0x0000000080a00000, 0x0000000080a00000|100%| O|  |TAMS 0x0000000080a00000, 0x0000000080900000| Untracked 
|  10|0x0000000080a00000, 0x0000000080b00000, 0x0000000080b00000|100%| O|  |TAMS 0x0000000080b00000, 0x0000000080a00000| Untracked 
|  11|0x0000000080b00000, 0x0000000080c00000, 0x0000000080c00000|100%| O|  |TAMS 0x0000000080c00000, 0x0000000080b00000| Untracked 
|  12|0x0000000080c00000, 0x0000000080d00000, 0x0000000080d00000|100%| O|  |TAMS 0x0000000080d00000, 0x0000000080c00000| Untracked 
|  13|0x0000000080d00000, 0x0000000080e00000, 0x0000000080e00000|100%| O|  |TAMS 0x0000000080e00000, 0x0000000080d00000| Untracked 
|  14|0x0000000080e00000, 0x0000000080f00000, 0x0000000080f00000|100%| O|  |TAMS 0x0000000080f00000, 0x0000000080e00000| Untracked 
|  15|0x0000000080f00000, 0x0000000081000000, 0x0000000081000000|100%| O|  |TAMS 0x0000000081000000, 0x0000000080f00000| Untracked 
|  16|0x0000000081000000, 0x0000000081100000, 0x0000000081100000|100%| O|  |TAMS 0x0000000081100000, 0x0000000081000000| Untracked 
|  17|0x0000000081100000, 0x0000000081200000, 0x0000000081200000|100%| O|  |TAMS 0x0000000081200000, 0x0000000081100000| Untracked 
|  18|0x0000000081200000, 0x0000000081300000, 0x0000000081300000|100%| O|  |TAMS 0x0000000081300000, 0x0000000081200000| Untracked 
|  19|0x0000000081300000, 0x0000000081400000, 0x0000000081400000|100%|HS|  |TAMS 0x0000000081400000, 0x0000000081300000| Complete 
|  20|0x0000000081400000, 0x0000000081500000, 0x0000000081500000|100%| O|  |TAMS 0x0000000081500000, 0x0000000081400000| Untracked 
|  21|0x0000000081500000, 0x0000000081600000, 0x0000000081600000|100%| O|  |TAMS 0x0000000081600000, 0x0000000081500000| Untracked 
|  22|0x0000000081600000, 0x0000000081700000, 0x0000000081700000|100%|HS|  |TAMS 0x0000000081700000, 0x0000000081600000| Complete 
|  23|0x0000000081700000, 0x0000000081800000, 0x0000000081800000|100%|HC|  |TAMS 0x0000000081800000, 0x0000000081700000| Complete 
|  24|0x0000000081800000, 0x0000000081900000, 0x0000000081900000|100%| O|  |TAMS 0x0000000081900000, 0x0000000081800000| Untracked 
|  25|0x0000000081900000, 0x0000000081a00000, 0x0000000081a00000|100%| O|  |TAMS 0x0000000081a00000, 0x0000000081900000| Untracked 
|  26|0x0000000081a00000, 0x0000000081b00000, 0x0000000081b00000|100%| O|  |TAMS 0x0000000081b00000, 0x0000000081a00000| Untracked 
|  27|0x0000000081b00000, 0x0000000081c00000, 0x0000000081c00000|100%| O|  |TAMS 0x0000000081c00000, 0x0000000081b00000| Untracked 
|  28|0x0000000081c00000, 0x0000000081d00000, 0x0000000081d00000|100%| O|  |TAMS 0x0000000081d00000, 0x0000000081c00000| Untracked 
|  29|0x0000000081d00000, 0x0000000081e00000, 0x0000000081e00000|100%| O|  |TAMS 0x0000000081e00000, 0x0000000081d00000| Untracked 
|  30|0x0000000081e00000, 0x0000000081f00000, 0x0000000081f00000|100%|HS|  |TAMS 0x0000000081e00000, 0x0000000081e00000| Complete 
|  31|0x0000000081f00000, 0x0000000082000000, 0x0000000082000000|100%| O|  |TAMS 0x0000000082000000, 0x0000000081f00000| Untracked 
|  32|0x0000000082000000, 0x0000000082100000, 0x0000000082100000|100%| O|  |TAMS 0x0000000082100000, 0x0000000082000000| Untracked 
|  33|0x0000000082100000, 0x0000000082200000, 0x0000000082200000|100%| O|  |TAMS 0x0000000082200000, 0x0000000082100000| Untracked 
|  34|0x0000000082200000, 0x0000000082300000, 0x0000000082300000|100%| O|  |TAMS 0x0000000082300000, 0x0000000082200000| Untracked 
|  35|0x0000000082300000, 0x0000000082400000, 0x0000000082400000|100%| O|  |TAMS 0x0000000082400000, 0x0000000082300000| Untracked 
|  36|0x0000000082400000, 0x0000000082500000, 0x0000000082500000|100%| O|  |TAMS 0x0000000082500000, 0x0000000082400000| Untracked 
|  37|0x0000000082500000, 0x0000000082600000, 0x0000000082600000|100%| O|  |TAMS 0x0000000082600000, 0x0000000082500000| Untracked 
|  38|0x0000000082600000, 0x0000000082700000, 0x0000000082700000|100%| O|  |TAMS 0x0000000082700000, 0x0000000082600000| Untracked 
|  39|0x0000000082700000, 0x0000000082800000, 0x0000000082800000|100%| O|  |TAMS 0x0000000082800000, 0x0000000082700000| Untracked 
|  40|0x0000000082800000, 0x0000000082900000, 0x0000000082900000|100%|HS|  |TAMS 0x0000000082800000, 0x0000000082800000| Complete 
|  41|0x0000000082900000, 0x0000000082a00000, 0x0000000082a00000|100%| O|  |TAMS 0x0000000082a00000, 0x0000000082900000| Untracked 
|  42|0x0000000082a00000, 0x0000000082b00000, 0x0000000082b00000|100%| O|  |TAMS 0x0000000082b00000, 0x0000000082a00000| Untracked 
|  43|0x0000000082b00000, 0x0000000082c00000, 0x0000000082c00000|100%| O|  |TAMS 0x0000000082c00000, 0x0000000082b00000| Untracked 
|  44|0x0000000082c00000, 0x0000000082d00000, 0x0000000082d00000|100%| O|  |TAMS 0x0000000082d00000, 0x0000000082c00000| Untracked 
|  45|0x0000000082d00000, 0x0000000082e00000, 0x0000000082e00000|100%| O|  |TAMS 0x0000000082e00000, 0x0000000082d00000| Untracked 
|  46|0x0000000082e00000, 0x0000000082f00000, 0x0000000082f00000|100%| O|  |TAMS 0x0000000082f00000, 0x0000000082e00000| Untracked 
|  47|0x0000000082f00000, 0x0000000083000000, 0x0000000083000000|100%| O|  |TAMS 0x0000000083000000, 0x0000000082f00000| Untracked 
|  48|0x0000000083000000, 0x0000000083100000, 0x0000000083100000|100%| O|  |TAMS 0x0000000083100000, 0x0000000083000000| Untracked 
|  49|0x0000000083100000, 0x0000000083200000, 0x0000000083200000|100%| O|  |TAMS 0x0000000083200000, 0x0000000083100000| Untracked 
|  50|0x0000000083200000, 0x0000000083300000, 0x0000000083300000|100%|HS|  |TAMS 0x0000000083200000, 0x0000000083200000| Complete 
|  51|0x0000000083300000, 0x0000000083300000, 0x0000000083400000|  0%| F|  |TAMS 0x0000000083300000, 0x0000000083300000| Untracked 
|  52|0x0000000083400000, 0x0000000083500000, 0x0000000083500000|100%| O|  |TAMS 0x0000000083500000, 0x0000000083400000| Untracked 
|  53|0x0000000083500000, 0x0000000083600000, 0x0000000083600000|100%| O|  |TAMS 0x0000000083600000, 0x0000000083500000| Untracked 
|  54|0x0000000083600000, 0x0000000083700000, 0x0000000083700000|100%|HS|  |TAMS 0x0000000083600000, 0x0000000083600000| Complete 
|  55|0x0000000083700000, 0x0000000083800000, 0x0000000083800000|100%| O|  |TAMS 0x0000000083800000, 0x0000000083700000| Untracked 
|  56|0x0000000083800000, 0x0000000083900000, 0x0000000083900000|100%| O|  |TAMS 0x0000000083900000, 0x0000000083800000| Untracked 
|  57|0x0000000083900000, 0x0000000083a00000, 0x0000000083a00000|100%| O|  |TAMS 0x0000000083a00000, 0x0000000083900000| Untracked 
|  58|0x0000000083a00000, 0x0000000083b00000, 0x0000000083b00000|100%| O|  |TAMS 0x0000000083b00000, 0x0000000083a00000| Untracked 
|  59|0x0000000083b00000, 0x0000000083b00000, 0x0000000083c00000|  0%| F|  |TAMS 0x0000000083b00000, 0x0000000083b00000| Untracked 
|  60|0x0000000083c00000, 0x0000000083d00000, 0x0000000083d00000|100%|HS|  |TAMS 0x0000000083c00000, 0x0000000083c00000| Complete 
|  61|0x0000000083d00000, 0x0000000083e00000, 0x0000000083e00000|100%| O|  |TAMS 0x0000000083e00000, 0x0000000083d00000| Untracked 
|  62|0x0000000083e00000, 0x0000000083f00000, 0x0000000083f00000|100%| O|  |TAMS 0x0000000083f00000, 0x0000000083e00000| Untracked 
|  63|0x0000000083f00000, 0x0000000084000000, 0x0000000084000000|100%| O|  |TAMS 0x0000000084000000, 0x0000000083f00000| Untracked 
|  64|0x0000000084000000, 0x0000000084100000, 0x0000000084100000|100%| O|  |TAMS 0x0000000084100000, 0x0000000084000000| Untracked 
|  65|0x0000000084100000, 0x0000000084200000, 0x0000000084200000|100%| O|  |TAMS 0x0000000084100000, 0x0000000084100000| Untracked 
|  66|0x0000000084200000, 0x0000000084300000, 0x0000000084300000|100%| O|  |TAMS 0x0000000084200000, 0x0000000084200000| Untracked 
|  67|0x0000000084300000, 0x0000000084400000, 0x0000000084400000|100%| O|  |TAMS 0x0000000084400000, 0x0000000084300000| Untracked 
|  68|0x0000000084400000, 0x0000000084500000, 0x0000000084500000|100%| O|  |TAMS 0x0000000084500000, 0x0000000084400000| Untracked 
|  69|0x0000000084500000, 0x0000000084600000, 0x0000000084600000|100%| O|  |TAMS 0x0000000084600000, 0x0000000084500000| Untracked 
|  70|0x0000000084600000, 0x0000000084700000, 0x0000000084700000|100%| O|  |TAMS 0x0000000084600000, 0x0000000084600000| Untracked 
|  71|0x0000000084700000, 0x0000000084800000, 0x0000000084800000|100%| O|  |TAMS 0x0000000084700000, 0x0000000084700000| Untracked 
|  72|0x0000000084800000, 0x0000000084900000, 0x0000000084900000|100%| O|  |TAMS 0x0000000084800000, 0x0000000084800000| Untracked 
|  73|0x0000000084900000, 0x0000000084a00000, 0x0000000084a00000|100%| O|  |TAMS 0x0000000084900000, 0x0000000084900000| Untracked 
|  74|0x0000000084a00000, 0x0000000084b00000, 0x0000000084b00000|100%| O|  |TAMS 0x0000000084a00000, 0x0000000084a00000| Untracked 
|  75|0x0000000084b00000, 0x0000000084c00000, 0x0000000084c00000|100%| O|  |TAMS 0x0000000084c00000, 0x0000000084b00000| Untracked 
|  76|0x0000000084c00000, 0x0000000084d00000, 0x0000000084d00000|100%| O|  |TAMS 0x0000000084d00000, 0x0000000084c00000| Untracked 
|  77|0x0000000084d00000, 0x0000000084e00000, 0x0000000084e00000|100%| O|  |TAMS 0x0000000084e00000, 0x0000000084d00000| Untracked 
|  78|0x0000000084e00000, 0x0000000084f00000, 0x0000000084f00000|100%| O|  |TAMS 0x0000000084e00000, 0x0000000084e00000| Untracked 
|  79|0x0000000084f00000, 0x0000000085000000, 0x0000000085000000|100%| O|  |TAMS 0x0000000084f00000, 0x0000000084f00000| Untracked 
|  80|0x0000000085000000, 0x0000000085100000, 0x0000000085100000|100%| O|  |TAMS 0x0000000085000000, 0x0000000085000000| Untracked 
|  81|0x0000000085100000, 0x0000000085200000, 0x0000000085200000|100%| O|  |TAMS 0x0000000085200000, 0x0000000085100000| Untracked 
|  82|0x0000000085200000, 0x0000000085300000, 0x0000000085300000|100%| O|  |TAMS 0x0000000085200000, 0x0000000085200000| Untracked 
|  83|0x0000000085300000, 0x0000000085400000, 0x0000000085400000|100%|HS|  |TAMS 0x0000000085300000, 0x0000000085300000| Complete 
|  84|0x0000000085400000, 0x0000000085500000, 0x0000000085500000|100%| O|  |TAMS 0x0000000085500000, 0x0000000085400000| Untracked 
|  85|0x0000000085500000, 0x0000000085600000, 0x0000000085600000|100%| O|  |TAMS 0x0000000085600000, 0x0000000085500000| Untracked 
|  86|0x0000000085600000, 0x0000000085700000, 0x0000000085700000|100%| O|  |TAMS 0x0000000085700000, 0x0000000085600000| Untracked 
|  87|0x0000000085700000, 0x0000000085800000, 0x0000000085800000|100%| O|  |TAMS 0x0000000085800000, 0x0000000085700000| Untracked 
|  88|0x0000000085800000, 0x0000000085900000, 0x0000000085900000|100%| O|  |TAMS 0x0000000085800000, 0x0000000085800000| Untracked 
|  89|0x0000000085900000, 0x0000000085a00000, 0x0000000085a00000|100%| O|  |TAMS 0x0000000085900000, 0x0000000085900000| Untracked 
|  90|0x0000000085a00000, 0x0000000085a00000, 0x0000000085b00000|  0%| F|  |TAMS 0x0000000085a00000, 0x0000000085a00000| Untracked 
|  91|0x0000000085b00000, 0x0000000085b00000, 0x0000000085c00000|  0%| F|  |TAMS 0x0000000085b00000, 0x0000000085b00000| Untracked 
|  92|0x0000000085c00000, 0x0000000085c00000, 0x0000000085d00000|  0%| F|  |TAMS 0x0000000085c00000, 0x0000000085c00000| Untracked 
|  93|0x0000000085d00000, 0x0000000085e00000, 0x0000000085e00000|100%|HS|  |TAMS 0x0000000085d00000, 0x0000000085d00000| Complete 
|  94|0x0000000085e00000, 0x0000000085f00000, 0x0000000085f00000|100%| O|  |TAMS 0x0000000085e00000, 0x0000000085e00000| Untracked 
|  95|0x0000000085f00000, 0x0000000086000000, 0x0000000086000000|100%| O|  |TAMS 0x0000000085f00000, 0x0000000085f00000| Untracked 
|  96|0x0000000086000000, 0x0000000086100000, 0x0000000086100000|100%| O|  |TAMS 0x0000000086000000, 0x0000000086000000| Untracked 
|  97|0x0000000086100000, 0x0000000086200000, 0x0000000086200000|100%| O|  |TAMS 0x0000000086100000, 0x0000000086100000| Untracked 
|  98|0x0000000086200000, 0x0000000086300000, 0x0000000086300000|100%| O|  |TAMS 0x0000000086200000, 0x0000000086200000| Untracked 
|  99|0x0000000086300000, 0x0000000086400000, 0x0000000086400000|100%| O|  |TAMS 0x0000000086300000, 0x0000000086300000| Untracked 
| 100|0x0000000086400000, 0x0000000086500000, 0x0000000086500000|100%| O|  |TAMS 0x0000000086400000, 0x0000000086400000| Untracked 
| 101|0x0000000086500000, 0x0000000086600000, 0x0000000086600000|100%| O|  |TAMS 0x0000000086500000, 0x0000000086500000| Untracked 
| 102|0x0000000086600000, 0x0000000086600000, 0x0000000086700000|  0%| F|  |TAMS 0x0000000086600000, 0x0000000086600000| Untracked 
| 103|0x0000000086700000, 0x0000000086700000, 0x0000000086800000|  0%| F|  |TAMS 0x0000000086700000, 0x0000000086700000| Untracked 
| 104|0x0000000086800000, 0x0000000086800000, 0x0000000086900000|  0%| F|  |TAMS 0x0000000086800000, 0x0000000086800000| Untracked 
| 105|0x0000000086900000, 0x0000000086900000, 0x0000000086a00000|  0%| F|  |TAMS 0x0000000086900000, 0x0000000086900000| Untracked 
| 106|0x0000000086a00000, 0x0000000086a00000, 0x0000000086b00000|  0%| F|  |TAMS 0x0000000086a00000, 0x0000000086a00000| Untracked 
| 107|0x0000000086b00000, 0x0000000086b00000, 0x0000000086c00000|  0%| F|  |TAMS 0x0000000086b00000, 0x0000000086b00000| Untracked 
| 108|0x0000000086c00000, 0x0000000086c00000, 0x0000000086d00000|  0%| F|  |TAMS 0x0000000086c00000, 0x0000000086c00000| Untracked 
| 109|0x0000000086d00000, 0x0000000086d00000, 0x0000000086e00000|  0%| F|  |TAMS 0x0000000086d00000, 0x0000000086d00000| Untracked 
| 110|0x0000000086e00000, 0x0000000086f00000, 0x0000000086f00000|100%| O|  |TAMS 0x0000000086f00000, 0x0000000086e00000| Untracked 
| 111|0x0000000086f00000, 0x0000000086f00000, 0x0000000087000000|  0%| F|  |TAMS 0x0000000086f00000, 0x0000000086f00000| Untracked 
| 112|0x0000000087000000, 0x0000000087000000, 0x0000000087100000|  0%| F|  |TAMS 0x0000000087000000, 0x0000000087000000| Untracked 
| 113|0x0000000087100000, 0x0000000087100000, 0x0000000087200000|  0%| F|  |TAMS 0x0000000087100000, 0x0000000087100000| Untracked 
| 114|0x0000000087200000, 0x0000000087200000, 0x0000000087300000|  0%| F|  |TAMS 0x0000000087200000, 0x0000000087200000| Untracked 
| 115|0x0000000087300000, 0x0000000087300000, 0x0000000087400000|  0%| F|  |TAMS 0x0000000087300000, 0x0000000087300000| Untracked 
| 116|0x0000000087400000, 0x0000000087400000, 0x0000000087500000|  0%| F|  |TAMS 0x0000000087400000, 0x0000000087400000| Untracked 
| 117|0x0000000087500000, 0x0000000087500000, 0x0000000087600000|  0%| F|  |TAMS 0x0000000087500000, 0x0000000087500000| Untracked 
| 118|0x0000000087600000, 0x0000000087600000, 0x0000000087700000|  0%| F|  |TAMS 0x0000000087600000, 0x0000000087600000| Untracked 
| 119|0x0000000087700000, 0x0000000087700000, 0x0000000087800000|  0%| F|  |TAMS 0x0000000087700000, 0x0000000087700000| Untracked 
| 120|0x0000000087800000, 0x0000000087800000, 0x0000000087900000|  0%| F|  |TAMS 0x0000000087800000, 0x0000000087800000| Untracked 
| 121|0x0000000087900000, 0x0000000087900000, 0x0000000087a00000|  0%| F|  |TAMS 0x0000000087900000, 0x0000000087900000| Untracked 
| 122|0x0000000087a00000, 0x0000000087a00000, 0x0000000087b00000|  0%| F|  |TAMS 0x0000000087a00000, 0x0000000087a00000| Untracked 
| 123|0x0000000087b00000, 0x0000000087b00000, 0x0000000087c00000|  0%| F|  |TAMS 0x0000000087b00000, 0x0000000087b00000| Untracked 
| 124|0x0000000087c00000, 0x0000000087c00000, 0x0000000087d00000|  0%| F|  |TAMS 0x0000000087c00000, 0x0000000087c00000| Untracked 
| 125|0x0000000087d00000, 0x0000000087e00000, 0x0000000087e00000|100%| O|  |TAMS 0x0000000087d00000, 0x0000000087d00000| Untracked 
| 126|0x0000000087e00000, 0x0000000087f00000, 0x0000000087f00000|100%| O|  |TAMS 0x0000000087e00000, 0x0000000087e00000| Untracked 
| 127|0x0000000087f00000, 0x0000000088000000, 0x0000000088000000|100%| O|  |TAMS 0x0000000087f00000, 0x0000000087f00000| Untracked 
| 128|0x0000000088000000, 0x0000000088100000, 0x0000000088100000|100%| O|  |TAMS 0x0000000088000000, 0x0000000088000000| Untracked 
| 129|0x0000000088100000, 0x0000000088114a00, 0x0000000088200000|  8%| O|  |TAMS 0x0000000088100000, 0x0000000088100000| Untracked 
| 130|0x0000000088200000, 0x0000000088200000, 0x0000000088300000|  0%| F|  |TAMS 0x0000000088200000, 0x0000000088200000| Untracked 
| 131|0x0000000088300000, 0x0000000088300000, 0x0000000088400000|  0%| F|  |TAMS 0x0000000088300000, 0x0000000088300000| Untracked 
| 132|0x0000000088400000, 0x0000000088400000, 0x0000000088500000|  0%| F|  |TAMS 0x0000000088400000, 0x0000000088400000| Untracked 
| 133|0x0000000088500000, 0x0000000088600000, 0x0000000088600000|100%| O|  |TAMS 0x0000000088600000, 0x0000000088500000| Untracked 
| 134|0x0000000088600000, 0x0000000088600000, 0x0000000088700000|  0%| F|  |TAMS 0x0000000088600000, 0x0000000088600000| Untracked 
| 135|0x0000000088700000, 0x0000000088700000, 0x0000000088800000|  0%| F|  |TAMS 0x0000000088700000, 0x0000000088700000| Untracked 
| 136|0x0000000088800000, 0x0000000088800000, 0x0000000088900000|  0%| F|  |TAMS 0x0000000088800000, 0x0000000088800000| Untracked 
| 137|0x0000000088900000, 0x0000000088900000, 0x0000000088a00000|  0%| F|  |TAMS 0x0000000088900000, 0x0000000088900000| Untracked 
| 138|0x0000000088a00000, 0x0000000088a00000, 0x0000000088b00000|  0%| F|  |TAMS 0x0000000088a00000, 0x0000000088a00000| Untracked 
| 139|0x0000000088b00000, 0x0000000088b00000, 0x0000000088c00000|  0%| F|  |TAMS 0x0000000088b00000, 0x0000000088b00000| Untracked 
| 140|0x0000000088c00000, 0x0000000088c00000, 0x0000000088d00000|  0%| F|  |TAMS 0x0000000088c00000, 0x0000000088c00000| Untracked 
| 141|0x0000000088d00000, 0x0000000088d00000, 0x0000000088e00000|  0%| F|  |TAMS 0x0000000088d00000, 0x0000000088d00000| Untracked 
| 142|0x0000000088e00000, 0x0000000088e00000, 0x0000000088f00000|  0%| F|  |TAMS 0x0000000088e00000, 0x0000000088e00000| Untracked 
| 143|0x0000000088f00000, 0x0000000089000000, 0x0000000089000000|100%| O|  |TAMS 0x0000000089000000, 0x0000000088f00000| Untracked 
| 144|0x0000000089000000, 0x0000000089100000, 0x0000000089100000|100%| O|  |TAMS 0x0000000089100000, 0x0000000089000000| Untracked 
| 145|0x0000000089100000, 0x0000000089200000, 0x0000000089200000|100%| O|  |TAMS 0x0000000089200000, 0x0000000089100000| Untracked 
| 146|0x0000000089200000, 0x0000000089300000, 0x0000000089300000|100%| O|  |TAMS 0x0000000089300000, 0x0000000089200000| Untracked 
| 147|0x0000000089300000, 0x0000000089400000, 0x0000000089400000|100%| O|  |TAMS 0x0000000089400000, 0x0000000089300000| Untracked 
| 148|0x0000000089400000, 0x0000000089500000, 0x0000000089500000|100%| O|  |TAMS 0x0000000089500000, 0x0000000089400000| Untracked 
| 149|0x0000000089500000, 0x0000000089500000, 0x0000000089600000|  0%| F|  |TAMS 0x0000000089500000, 0x0000000089500000| Untracked 
| 150|0x0000000089600000, 0x0000000089600000, 0x0000000089700000|  0%| F|  |TAMS 0x0000000089600000, 0x0000000089600000| Untracked 
| 151|0x0000000089700000, 0x0000000089700000, 0x0000000089800000|  0%| F|  |TAMS 0x0000000089700000, 0x0000000089700000| Untracked 
| 152|0x0000000089800000, 0x0000000089900000, 0x0000000089900000|100%| O|  |TAMS 0x0000000089900000, 0x0000000089800000| Untracked 
| 153|0x0000000089900000, 0x0000000089a00000, 0x0000000089a00000|100%| O|  |TAMS 0x0000000089a00000, 0x0000000089900000| Untracked 
| 154|0x0000000089a00000, 0x0000000089b00000, 0x0000000089b00000|100%| O|  |TAMS 0x0000000089b00000, 0x0000000089a00000| Untracked 
| 155|0x0000000089b00000, 0x0000000089c00000, 0x0000000089c00000|100%| O|  |TAMS 0x0000000089c00000, 0x0000000089b00000| Untracked 
| 156|0x0000000089c00000, 0x0000000089d00000, 0x0000000089d00000|100%| O|  |TAMS 0x0000000089d00000, 0x0000000089c00000| Untracked 
| 157|0x0000000089d00000, 0x0000000089e00000, 0x0000000089e00000|100%|HS|  |TAMS 0x0000000089e00000, 0x0000000089d00000| Complete 
| 158|0x0000000089e00000, 0x0000000089f00000, 0x0000000089f00000|100%|HC|  |TAMS 0x0000000089f00000, 0x0000000089e00000| Complete 
| 159|0x0000000089f00000, 0x000000008a000000, 0x000000008a000000|100%|HC|  |TAMS 0x000000008a000000, 0x0000000089f00000| Complete 
| 160|0x000000008a000000, 0x000000008a100000, 0x000000008a100000|100%|HC|  |TAMS 0x000000008a100000, 0x000000008a000000| Complete 
| 161|0x000000008a100000, 0x000000008a200000, 0x000000008a200000|100%|HC|  |TAMS 0x000000008a200000, 0x000000008a100000| Complete 
| 162|0x000000008a200000, 0x000000008a300000, 0x000000008a300000|100%| O|  |TAMS 0x000000008a300000, 0x000000008a200000| Untracked 
| 163|0x000000008a300000, 0x000000008a400000, 0x000000008a400000|100%| O|  |TAMS 0x000000008a400000, 0x000000008a300000| Untracked 
| 164|0x000000008a400000, 0x000000008a500000, 0x000000008a500000|100%| O|  |TAMS 0x000000008a500000, 0x000000008a400000| Untracked 
| 165|0x000000008a500000, 0x000000008a600000, 0x000000008a600000|100%| O|  |TAMS 0x000000008a600000, 0x000000008a500000| Untracked 
| 166|0x000000008a600000, 0x000000008a700000, 0x000000008a700000|100%| O|  |TAMS 0x000000008a700000, 0x000000008a600000| Untracked 
| 167|0x000000008a700000, 0x000000008a700000, 0x000000008a800000|  0%| F|  |TAMS 0x000000008a700000, 0x000000008a700000| Untracked 
| 168|0x000000008a800000, 0x000000008a800000, 0x000000008a900000|  0%| F|  |TAMS 0x000000008a800000, 0x000000008a800000| Untracked 
| 169|0x000000008a900000, 0x000000008a900000, 0x000000008aa00000|  0%| F|  |TAMS 0x000000008a900000, 0x000000008a900000| Untracked 
| 170|0x000000008aa00000, 0x000000008aa00000, 0x000000008ab00000|  0%| F|  |TAMS 0x000000008aa00000, 0x000000008aa00000| Untracked 
| 171|0x000000008ab00000, 0x000000008ab00000, 0x000000008ac00000|  0%| F|  |TAMS 0x000000008ab00000, 0x000000008ab00000| Untracked 
| 172|0x000000008ac00000, 0x000000008ad00000, 0x000000008ad00000|100%| O|  |TAMS 0x000000008ad00000, 0x000000008ac00000| Untracked 
| 173|0x000000008ad00000, 0x000000008ae00000, 0x000000008ae00000|100%| O|  |TAMS 0x000000008ae00000, 0x000000008ad00000| Untracked 
| 174|0x000000008ae00000, 0x000000008af00000, 0x000000008af00000|100%| O|  |TAMS 0x000000008af00000, 0x000000008ae00000| Untracked 
| 175|0x000000008af00000, 0x000000008b000000, 0x000000008b000000|100%| O|  |TAMS 0x000000008b000000, 0x000000008af00000| Untracked 
| 176|0x000000008b000000, 0x000000008b100000, 0x000000008b100000|100%| O|  |TAMS 0x000000008b100000, 0x000000008b000000| Untracked 
| 177|0x000000008b100000, 0x000000008b200000, 0x000000008b200000|100%| O|  |TAMS 0x000000008b200000, 0x000000008b100000| Untracked 
| 178|0x000000008b200000, 0x000000008b300000, 0x000000008b300000|100%| O|  |TAMS 0x000000008b300000, 0x000000008b200000| Untracked 
| 179|0x000000008b300000, 0x000000008b400000, 0x000000008b400000|100%| O|  |TAMS 0x000000008b400000, 0x000000008b300000| Untracked 
| 180|0x000000008b400000, 0x000000008b500000, 0x000000008b500000|100%| O|  |TAMS 0x000000008b500000, 0x000000008b400000| Untracked 
| 181|0x000000008b500000, 0x000000008b600000, 0x000000008b600000|100%| O|  |TAMS 0x000000008b600000, 0x000000008b500000| Untracked 
| 182|0x000000008b600000, 0x000000008b700000, 0x000000008b700000|100%| O|  |TAMS 0x000000008b700000, 0x000000008b600000| Untracked 
| 183|0x000000008b700000, 0x000000008b800000, 0x000000008b800000|100%| O|  |TAMS 0x000000008b800000, 0x000000008b700000| Untracked 
| 184|0x000000008b800000, 0x000000008b900000, 0x000000008b900000|100%| O|  |TAMS 0x000000008b900000, 0x000000008b800000| Untracked 
| 185|0x000000008b900000, 0x000000008ba00000, 0x000000008ba00000|100%| O|  |TAMS 0x000000008ba00000, 0x000000008b900000| Untracked 
| 186|0x000000008ba00000, 0x000000008bb00000, 0x000000008bb00000|100%| O|  |TAMS 0x000000008bb00000, 0x000000008ba00000| Untracked 
| 187|0x000000008bb00000, 0x000000008bc00000, 0x000000008bc00000|100%| O|  |TAMS 0x000000008bc00000, 0x000000008bb00000| Untracked 
| 188|0x000000008bc00000, 0x000000008bd00000, 0x000000008bd00000|100%| O|  |TAMS 0x000000008bd00000, 0x000000008bc00000| Untracked 
| 189|0x000000008bd00000, 0x000000008be00000, 0x000000008be00000|100%| O|  |TAMS 0x000000008be00000, 0x000000008bd00000| Untracked 
| 190|0x000000008be00000, 0x000000008bf00000, 0x000000008bf00000|100%| O|  |TAMS 0x000000008bf00000, 0x000000008be00000| Untracked 
| 191|0x000000008bf00000, 0x000000008c000000, 0x000000008c000000|100%| O|  |TAMS 0x000000008c000000, 0x000000008bf00000| Untracked 
| 192|0x000000008c000000, 0x000000008c100000, 0x000000008c100000|100%| O|  |TAMS 0x000000008c100000, 0x000000008c000000| Untracked 
| 193|0x000000008c100000, 0x000000008c200000, 0x000000008c200000|100%| O|  |TAMS 0x000000008c200000, 0x000000008c100000| Untracked 
| 194|0x000000008c200000, 0x000000008c300000, 0x000000008c300000|100%| O|  |TAMS 0x000000008c300000, 0x000000008c200000| Untracked 
| 195|0x000000008c300000, 0x000000008c400000, 0x000000008c400000|100%| O|  |TAMS 0x000000008c400000, 0x000000008c300000| Untracked 
| 196|0x000000008c400000, 0x000000008c500000, 0x000000008c500000|100%| O|  |TAMS 0x000000008c500000, 0x000000008c400000| Untracked 
| 197|0x000000008c500000, 0x000000008c600000, 0x000000008c600000|100%| O|  |TAMS 0x000000008c600000, 0x000000008c500000| Untracked 
| 198|0x000000008c600000, 0x000000008c600000, 0x000000008c700000|  0%| F|  |TAMS 0x000000008c600000, 0x000000008c600000| Untracked 
| 199|0x000000008c700000, 0x000000008c700000, 0x000000008c800000|  0%| F|  |TAMS 0x000000008c700000, 0x000000008c700000| Untracked 
| 200|0x000000008c800000, 0x000000008c800000, 0x000000008c900000|  0%| F|  |TAMS 0x000000008c800000, 0x000000008c800000| Untracked 
| 201|0x000000008c900000, 0x000000008c900000, 0x000000008ca00000|  0%| F|  |TAMS 0x000000008c900000, 0x000000008c900000| Untracked 
| 202|0x000000008ca00000, 0x000000008ca00000, 0x000000008cb00000|  0%| F|  |TAMS 0x000000008ca00000, 0x000000008ca00000| Untracked 
| 203|0x000000008cb00000, 0x000000008cb00000, 0x000000008cc00000|  0%| F|  |TAMS 0x000000008cb00000, 0x000000008cb00000| Untracked 
| 204|0x000000008cc00000, 0x000000008cc00000, 0x000000008cd00000|  0%| F|  |TAMS 0x000000008cc00000, 0x000000008cc00000| Untracked 
| 205|0x000000008cd00000, 0x000000008cd00000, 0x000000008ce00000|  0%| F|  |TAMS 0x000000008cd00000, 0x000000008cd00000| Untracked 
| 206|0x000000008ce00000, 0x000000008ce00000, 0x000000008cf00000|  0%| F|  |TAMS 0x000000008ce00000, 0x000000008ce00000| Untracked 
| 207|0x000000008cf00000, 0x000000008cf00000, 0x000000008d000000|  0%| F|  |TAMS 0x000000008cf00000, 0x000000008cf00000| Untracked 
| 208|0x000000008d000000, 0x000000008d000000, 0x000000008d100000|  0%| F|  |TAMS 0x000000008d000000, 0x000000008d000000| Untracked 
| 209|0x000000008d100000, 0x000000008d100000, 0x000000008d200000|  0%| F|  |TAMS 0x000000008d100000, 0x000000008d100000| Untracked 
| 210|0x000000008d200000, 0x000000008d200000, 0x000000008d300000|  0%| F|  |TAMS 0x000000008d200000, 0x000000008d200000| Untracked 
| 211|0x000000008d300000, 0x000000008d300000, 0x000000008d400000|  0%| F|  |TAMS 0x000000008d300000, 0x000000008d300000| Untracked 
| 212|0x000000008d400000, 0x000000008d400000, 0x000000008d500000|  0%| F|  |TAMS 0x000000008d400000, 0x000000008d400000| Untracked 
| 213|0x000000008d500000, 0x000000008d500000, 0x000000008d600000|  0%| F|  |TAMS 0x000000008d500000, 0x000000008d500000| Untracked 
| 214|0x000000008d600000, 0x000000008d600000, 0x000000008d700000|  0%| F|  |TAMS 0x000000008d600000, 0x000000008d600000| Untracked 
| 215|0x000000008d700000, 0x000000008d700000, 0x000000008d800000|  0%| F|  |TAMS 0x000000008d700000, 0x000000008d700000| Untracked 
| 216|0x000000008d800000, 0x000000008d800000, 0x000000008d900000|  0%| F|  |TAMS 0x000000008d800000, 0x000000008d800000| Untracked 
| 217|0x000000008d900000, 0x000000008d900000, 0x000000008da00000|  0%| F|  |TAMS 0x000000008d900000, 0x000000008d900000| Untracked 
| 218|0x000000008da00000, 0x000000008da00000, 0x000000008db00000|  0%| F|  |TAMS 0x000000008da00000, 0x000000008da00000| Untracked 
| 219|0x000000008db00000, 0x000000008db00000, 0x000000008dc00000|  0%| F|  |TAMS 0x000000008db00000, 0x000000008db00000| Untracked 
| 220|0x000000008dc00000, 0x000000008dc00000, 0x000000008dd00000|  0%| F|  |TAMS 0x000000008dc00000, 0x000000008dc00000| Untracked 
| 221|0x000000008dd00000, 0x000000008dd00000, 0x000000008de00000|  0%| F|  |TAMS 0x000000008dd00000, 0x000000008dd00000| Untracked 
| 222|0x000000008de00000, 0x000000008de00000, 0x000000008df00000|  0%| F|  |TAMS 0x000000008de00000, 0x000000008de00000| Untracked 
| 223|0x000000008df00000, 0x000000008df00000, 0x000000008e000000|  0%| F|  |TAMS 0x000000008df00000, 0x000000008df00000| Untracked 
| 224|0x000000008e000000, 0x000000008e000000, 0x000000008e100000|  0%| F|  |TAMS 0x000000008e000000, 0x000000008e000000| Untracked 
| 225|0x000000008e100000, 0x000000008e100000, 0x000000008e200000|  0%| F|  |TAMS 0x000000008e100000, 0x000000008e100000| Untracked 
| 226|0x000000008e200000, 0x000000008e200000, 0x000000008e300000|  0%| F|  |TAMS 0x000000008e200000, 0x000000008e200000| Untracked 
| 227|0x000000008e300000, 0x000000008e300000, 0x000000008e400000|  0%| F|  |TAMS 0x000000008e300000, 0x000000008e300000| Untracked 
| 228|0x000000008e400000, 0x000000008e400000, 0x000000008e500000|  0%| F|  |TAMS 0x000000008e400000, 0x000000008e400000| Untracked 
| 229|0x000000008e500000, 0x000000008e500000, 0x000000008e600000|  0%| F|  |TAMS 0x000000008e500000, 0x000000008e500000| Untracked 
| 230|0x000000008e600000, 0x000000008e600000, 0x000000008e700000|  0%| F|  |TAMS 0x000000008e600000, 0x000000008e600000| Untracked 
| 231|0x000000008e700000, 0x000000008e700000, 0x000000008e800000|  0%| F|  |TAMS 0x000000008e700000, 0x000000008e700000| Untracked 
| 232|0x000000008e800000, 0x000000008e800000, 0x000000008e900000|  0%| F|  |TAMS 0x000000008e800000, 0x000000008e800000| Untracked 
| 233|0x000000008e900000, 0x000000008e900000, 0x000000008ea00000|  0%| F|  |TAMS 0x000000008e900000, 0x000000008e900000| Untracked 
| 234|0x000000008ea00000, 0x000000008ea00000, 0x000000008eb00000|  0%| F|  |TAMS 0x000000008ea00000, 0x000000008ea00000| Untracked 
| 235|0x000000008eb00000, 0x000000008eb00000, 0x000000008ec00000|  0%| F|  |TAMS 0x000000008eb00000, 0x000000008eb00000| Untracked 
| 236|0x000000008ec00000, 0x000000008ec558e0, 0x000000008ed00000| 33%| S|CS|TAMS 0x000000008ec00000, 0x000000008ec00000| Complete 
| 237|0x000000008ed00000, 0x000000008ee00000, 0x000000008ee00000|100%| S|CS|TAMS 0x000000008ed00000, 0x000000008ed00000| Complete 
| 238|0x000000008ee00000, 0x000000008ee00000, 0x000000008ef00000|  0%| F|  |TAMS 0x000000008ee00000, 0x000000008ee00000| Untracked 
| 239|0x000000008ef00000, 0x000000008ef00000, 0x000000008f000000|  0%| F|  |TAMS 0x000000008ef00000, 0x000000008ef00000| Untracked 
| 240|0x000000008f000000, 0x000000008f000000, 0x000000008f100000|  0%| F|  |TAMS 0x000000008f000000, 0x000000008f000000| Untracked 
| 241|0x000000008f100000, 0x000000008f100000, 0x000000008f200000|  0%| F|  |TAMS 0x000000008f100000, 0x000000008f100000| Untracked 
| 242|0x000000008f200000, 0x000000008f200000, 0x000000008f300000|  0%| F|  |TAMS 0x000000008f200000, 0x000000008f200000| Untracked 
| 243|0x000000008f300000, 0x000000008f300000, 0x000000008f400000|  0%| F|  |TAMS 0x000000008f300000, 0x000000008f300000| Untracked 
| 244|0x000000008f400000, 0x000000008f400000, 0x000000008f500000|  0%| F|  |TAMS 0x000000008f400000, 0x000000008f400000| Untracked 
| 245|0x000000008f500000, 0x000000008f500000, 0x000000008f600000|  0%| F|  |TAMS 0x000000008f500000, 0x000000008f500000| Untracked 
| 246|0x000000008f600000, 0x000000008f600000, 0x000000008f700000|  0%| F|  |TAMS 0x000000008f600000, 0x000000008f600000| Untracked 
| 247|0x000000008f700000, 0x000000008f700000, 0x000000008f800000|  0%| F|  |TAMS 0x000000008f700000, 0x000000008f700000| Untracked 
| 248|0x000000008f800000, 0x000000008f800000, 0x000000008f900000|  0%| F|  |TAMS 0x000000008f800000, 0x000000008f800000| Untracked 
| 249|0x000000008f900000, 0x000000008f900000, 0x000000008fa00000|  0%| F|  |TAMS 0x000000008f900000, 0x000000008f900000| Untracked 
| 250|0x000000008fa00000, 0x000000008fa00000, 0x000000008fb00000|  0%| F|  |TAMS 0x000000008fa00000, 0x000000008fa00000| Untracked 
| 251|0x000000008fb00000, 0x000000008fb00000, 0x000000008fc00000|  0%| F|  |TAMS 0x000000008fb00000, 0x000000008fb00000| Untracked 
| 252|0x000000008fc00000, 0x000000008fc00000, 0x000000008fd00000|  0%| F|  |TAMS 0x000000008fc00000, 0x000000008fc00000| Untracked 
| 253|0x000000008fd00000, 0x000000008fd00000, 0x000000008fe00000|  0%| F|  |TAMS 0x000000008fd00000, 0x000000008fd00000| Untracked 
| 254|0x000000008fe00000, 0x000000008fe00000, 0x000000008ff00000|  0%| F|  |TAMS 0x000000008fe00000, 0x000000008fe00000| Untracked 
| 255|0x000000008ff00000, 0x000000008ff00000, 0x0000000090000000|  0%| F|  |TAMS 0x000000008ff00000, 0x000000008ff00000| Untracked 
| 256|0x0000000090000000, 0x0000000090000000, 0x0000000090100000|  0%| F|  |TAMS 0x0000000090000000, 0x0000000090000000| Untracked 
| 257|0x0000000090100000, 0x0000000090100000, 0x0000000090200000|  0%| F|  |TAMS 0x0000000090100000, 0x0000000090100000| Untracked 
| 258|0x0000000090200000, 0x0000000090200000, 0x0000000090300000|  0%| F|  |TAMS 0x0000000090200000, 0x0000000090200000| Untracked 
| 259|0x0000000090300000, 0x0000000090300000, 0x0000000090400000|  0%| F|  |TAMS 0x0000000090300000, 0x0000000090300000| Untracked 
| 260|0x0000000090400000, 0x0000000090400000, 0x0000000090500000|  0%| F|  |TAMS 0x0000000090400000, 0x0000000090400000| Untracked 
| 261|0x0000000090500000, 0x0000000090500000, 0x0000000090600000|  0%| F|  |TAMS 0x0000000090500000, 0x0000000090500000| Untracked 
| 262|0x0000000090600000, 0x000000009064b3a8, 0x0000000090700000| 29%| E|  |TAMS 0x0000000090600000, 0x0000000090600000| Complete 
| 263|0x0000000090700000, 0x0000000090800000, 0x0000000090800000|100%| E|CS|TAMS 0x0000000090700000, 0x0000000090700000| Complete 
| 264|0x0000000090800000, 0x0000000090900000, 0x0000000090900000|100%| E|CS|TAMS 0x0000000090800000, 0x0000000090800000| Complete 
| 265|0x0000000090900000, 0x0000000090a00000, 0x0000000090a00000|100%| E|CS|TAMS 0x0000000090900000, 0x0000000090900000| Complete 
| 266|0x0000000090a00000, 0x0000000090b00000, 0x0000000090b00000|100%| E|CS|TAMS 0x0000000090a00000, 0x0000000090a00000| Complete 
| 267|0x0000000090b00000, 0x0000000090c00000, 0x0000000090c00000|100%| E|CS|TAMS 0x0000000090b00000, 0x0000000090b00000| Complete 
| 268|0x0000000090c00000, 0x0000000090d00000, 0x0000000090d00000|100%| E|CS|TAMS 0x0000000090c00000, 0x0000000090c00000| Complete 
| 269|0x0000000090d00000, 0x0000000090e00000, 0x0000000090e00000|100%| E|CS|TAMS 0x0000000090d00000, 0x0000000090d00000| Complete 
| 270|0x0000000090e00000, 0x0000000090f00000, 0x0000000090f00000|100%| E|CS|TAMS 0x0000000090e00000, 0x0000000090e00000| Complete 
| 271|0x0000000090f00000, 0x0000000091000000, 0x0000000091000000|100%| E|CS|TAMS 0x0000000090f00000, 0x0000000090f00000| Complete 
| 272|0x0000000091000000, 0x0000000091100000, 0x0000000091100000|100%| E|CS|TAMS 0x0000000091000000, 0x0000000091000000| Complete 
| 273|0x0000000091100000, 0x0000000091200000, 0x0000000091200000|100%| E|CS|TAMS 0x0000000091100000, 0x0000000091100000| Complete 
| 274|0x0000000091200000, 0x0000000091300000, 0x0000000091300000|100%| E|CS|TAMS 0x0000000091200000, 0x0000000091200000| Complete 
| 275|0x0000000091300000, 0x0000000091400000, 0x0000000091400000|100%| E|CS|TAMS 0x0000000091300000, 0x0000000091300000| Complete 
| 276|0x0000000091400000, 0x0000000091500000, 0x0000000091500000|100%| E|CS|TAMS 0x0000000091400000, 0x0000000091400000| Complete 
| 277|0x0000000091500000, 0x0000000091600000, 0x0000000091600000|100%| E|CS|TAMS 0x0000000091500000, 0x0000000091500000| Complete 
| 278|0x0000000091600000, 0x0000000091700000, 0x0000000091700000|100%| E|CS|TAMS 0x0000000091600000, 0x0000000091600000| Complete 
| 279|0x0000000091700000, 0x0000000091800000, 0x0000000091800000|100%| E|CS|TAMS 0x0000000091700000, 0x0000000091700000| Complete 
| 280|0x0000000091800000, 0x0000000091900000, 0x0000000091900000|100%| E|CS|TAMS 0x0000000091800000, 0x0000000091800000| Complete 
| 281|0x0000000091900000, 0x0000000091a00000, 0x0000000091a00000|100%| E|CS|TAMS 0x0000000091900000, 0x0000000091900000| Complete 
| 282|0x0000000091a00000, 0x0000000091b00000, 0x0000000091b00000|100%| E|CS|TAMS 0x0000000091a00000, 0x0000000091a00000| Complete 
| 283|0x0000000091b00000, 0x0000000091c00000, 0x0000000091c00000|100%| E|CS|TAMS 0x0000000091b00000, 0x0000000091b00000| Complete 
| 284|0x0000000091c00000, 0x0000000091d00000, 0x0000000091d00000|100%| E|CS|TAMS 0x0000000091c00000, 0x0000000091c00000| Complete 
| 285|0x0000000091d00000, 0x0000000091e00000, 0x0000000091e00000|100%| E|CS|TAMS 0x0000000091d00000, 0x0000000091d00000| Complete 

Card table byte_map: [0x000001d67d840000,0x000001d67dc40000] _byte_map_base: 0x000001d67d440000

Marking Bits (Prev, Next): (CMBitMap*) 0x000001d67d076b38, (CMBitMap*) 0x000001d67d076b70
 Prev Bits: [0x000001d6128a0000, 0x000001d6148a0000)
 Next Bits: [0x000001d6148a0000, 0x000001d6168a0000)

Polling page: 0x000001d67b000000

Metaspace:

Usage:
  Non-class:     93.65 MB capacity,    91.91 MB ( 98%) used,     1.42 MB (  2%) free+waste,   328.94 KB ( <1%) overhead. 
      Class:     14.26 MB capacity,    13.28 MB ( 93%) used,   856.30 KB (  6%) free+waste,   145.75 KB ( <1%) overhead. 
       Both:    107.91 MB capacity,   105.19 MB ( 97%) used,     2.26 MB (  2%) free+waste,   474.69 KB ( <1%) overhead. 

Virtual space:
  Non-class space:       94.00 MB reserved,      93.75 MB (>99%) committed 
      Class space:        1.00 GB reserved,      14.32 MB (  1%) committed 
             Both:        1.09 GB reserved,     108.07 MB ( 10%) committed 

Chunk freelists:
   Non-Class:  40.00 KB
       Class:  15.00 KB
        Both:  55.00 KB

MaxMetaspaceSize: 17179869184.00 GB
CompressedClassSpaceSize: 1.00 GB

CodeHeap 'non-profiled nmethods': size=120000Kb used=11242Kb max_used=11242Kb free=108757Kb
 bounds [0x000001d60b370000, 0x000001d60be70000, 0x000001d6128a0000]
CodeHeap 'profiled nmethods': size=120000Kb used=35722Kb max_used=35722Kb free=84277Kb
 bounds [0x000001d603e40000, 0x000001d606130000, 0x000001d60b370000]
CodeHeap 'non-nmethods': size=5760Kb used=2305Kb max_used=2400Kb free=3454Kb
 bounds [0x000001d6038a0000, 0x000001d603b10000, 0x000001d603e40000]
 total_blobs=17851 nmethods=16942 adapters=819
 compilation: enabled
              stopped_count=0, restarted_count=0
 full_count=0

Compilation events (20 events):
Event: 794.329 Thread 0x000001d67f3f7000 nmethod 17909 0x000001d60be6b010 code [0x000001d60be6b1e0, 0x000001d60be6b368]
Event: 794.346 Thread 0x000001d67f44a000 nmethod 17911 0x000001d60611e490 code [0x000001d60611e6e0, 0x000001d60611ef08]
Event: 794.346 Thread 0x000001d67f44a000 17919       3       org.gradle.api.internal.artifacts.configurations.DefaultConfiguration_Decorated::getOutgoing (40 bytes)
Event: 794.358 Thread 0x000001d67f44a000 nmethod 17919 0x000001d60611f210 code [0x000001d60611f440, 0x000001d60611fb48]
Event: 794.358 Thread 0x000001d67f44a000 17918       3       org.gradle.api.internal.artifacts.configurations.DefaultConfigurationPublications::preventFromFurtherMutation (54 bytes)
Event: 794.376 Thread 0x000001d67f44a000 nmethod 17918 0x000001d60611fd90 code [0x000001d60611ffe0, 0x000001d606120a18]
Event: 794.376 Thread 0x000001d67f44a000 17915       3       org.gradle.api.internal.artifacts.ivyservice.resolutionstrategy.DefaultComponentSelectionRules::<init> (9 bytes)
Event: 794.401 Thread 0x000001d67f44a000 nmethod 17915 0x000001d606120c90 code [0x000001d606120ea0, 0x000001d6061213e8]
Event: 794.437 Thread 0x000001d67f44a000 17922       3       org.gradle.api.internal.CompositeDomainObjectSet$DomainObjectCompositeCollection::addComposited (12 bytes)
Event: 794.437 Thread 0x000001d67f44a000 nmethod 17922 0x000001d606121590 code [0x000001d606121740, 0x000001d606121908]
Event: 794.437 Thread 0x000001d67f44a000 17923       3       org.gradle.api.internal.CompositeDomainObjectSet$1::<init> (10 bytes)
Event: 794.437 Thread 0x000001d67f44a000 nmethod 17923 0x000001d606121a10 code [0x000001d606121bc0, 0x000001d606121d78]
Event: 794.437 Thread 0x000001d67f44a000 17924       3       org.gradle.api.internal.CompositeDomainObjectSet$2::<init> (10 bytes)
Event: 794.438 Thread 0x000001d67f44a000 nmethod 17924 0x000001d606121e90 code [0x000001d606122040, 0x000001d6061221f8]
Event: 794.575 Thread 0x000001d67f3f7000 17925       4       org.gradle.api.internal.provider.AbstractMinimalProvider::getOrNull (13 bytes)
Event: 794.576 Thread 0x000001d67f3f7000 nmethod 17925 0x000001d60be6b590 code [0x000001d60be6b740, 0x000001d60be6b7f8]
Event: 794.589 Thread 0x000001d67f3f7000 17926       4       org.gradle.internal.logging.sink.OutputEventTransformer::onOutput (399 bytes)
Event: 794.597 Thread 0x000001d67f44a000 17927       3       com.android.build.api.artifact.impl.SingleInitialProviderRequestImpl$on$1::execute (9 bytes)
Event: 794.597 Thread 0x000001d67f44a000 nmethod 17927 0x000001d606122310 code [0x000001d6061224e0, 0x000001d606122708]
Event: 794.597 Thread 0x000001d67f44a000 17928       3       com.android.build.api.artifact.impl.SingleInitialProviderRequestImpl$on$1::execute (352 bytes)

GC Heap History (20 events):
Event: 326.948 GC heap before
{Heap before GC invocations=47 (full 0):
 garbage-first heap   total 292864K, used 222032K [0x0000000080000000, 0x0000000100000000)
  region size 1024K, 55 young (56320K), 2 survivors (2048K)
 Metaspace       used 106242K, capacity 109015K, committed 109132K, reserved 1144832K
  class space    used 13592K, capacity 14588K, committed 14668K, reserved 1048576K
}
Event: 326.954 GC heap after
{Heap after GC invocations=48 (full 0):
 garbage-first heap   total 292864K, used 152957K [0x0000000080000000, 0x0000000100000000)
  region size 1024K, 6 young (6144K), 6 survivors (6144K)
 Metaspace       used 106242K, capacity 109015K, committed 109132K, reserved 1144832K
  class space    used 13592K, capacity 14588K, committed 14668K, reserved 1048576K
}
Event: 328.068 GC heap before
{Heap before GC invocations=48 (full 0):
 garbage-first heap   total 292864K, used 208253K [0x0000000080000000, 0x0000000100000000)
  region size 1024K, 61 young (62464K), 6 survivors (6144K)
 Metaspace       used 106590K, capacity 109432K, committed 109644K, reserved 1144832K
  class space    used 13600K, capacity 14603K, committed 14668K, reserved 1048576K
}
Event: 328.076 GC heap after
{Heap after GC invocations=49 (full 0):
 garbage-first heap   total 292864K, used 156586K [0x0000000080000000, 0x0000000100000000)
  region size 1024K, 8 young (8192K), 8 survivors (8192K)
 Metaspace       used 106590K, capacity 109432K, committed 109644K, reserved 1144832K
  class space    used 13600K, capacity 14603K, committed 14668K, reserved 1048576K
}
Event: 329.049 GC heap before
{Heap before GC invocations=49 (full 0):
 garbage-first heap   total 292864K, used 215978K [0x0000000080000000, 0x0000000100000000)
  region size 1024K, 65 young (66560K), 8 survivors (8192K)
 Metaspace       used 107028K, capacity 109849K, committed 110156K, reserved 1144832K
  class space    used 13605K, capacity 14612K, committed 14668K, reserved 1048576K
}
Event: 329.055 GC heap after
{Heap after GC invocations=50 (full 0):
 garbage-first heap   total 292864K, used 159971K [0x0000000080000000, 0x0000000100000000)
  region size 1024K, 5 young (5120K), 5 survivors (5120K)
 Metaspace       used 107028K, capacity 109849K, committed 110156K, reserved 1144832K
  class space    used 13605K, capacity 14612K, committed 14668K, reserved 1048576K
}
Event: 329.787 GC heap before
{Heap before GC invocations=50 (full 0):
 garbage-first heap   total 292864K, used 221411K [0x0000000080000000, 0x0000000100000000)
  region size 1024K, 64 young (65536K), 5 survivors (5120K)
 Metaspace       used 107407K, capacity 110224K, committed 110412K, reserved 1144832K
  class space    used 13609K, capacity 14619K, committed 14668K, reserved 1048576K
}
Event: 329.794 GC heap after
{Heap after GC invocations=51 (full 0):
 garbage-first heap   total 292864K, used 159830K [0x0000000080000000, 0x0000000100000000)
  region size 1024K, 4 young (4096K), 4 survivors (4096K)
 Metaspace       used 107407K, capacity 110224K, committed 110412K, reserved 1144832K
  class space    used 13609K, capacity 14619K, committed 14668K, reserved 1048576K
}
Event: 330.439 GC heap before
{Heap before GC invocations=51 (full 0):
 garbage-first heap   total 292864K, used 238678K [0x0000000080000000, 0x0000000100000000)
  region size 1024K, 67 young (68608K), 4 survivors (4096K)
 Metaspace       used 107437K, capacity 110225K, committed 110412K, reserved 1144832K
  class space    used 13609K, capacity 14619K, committed 14668K, reserved 1048576K
}
Event: 330.468 GC heap after
{Heap after GC invocations=52 (full 0):
 garbage-first heap   total 292864K, used 194949K [0x0000000080000000, 0x0000000100000000)
  region size 1024K, 9 young (9216K), 9 survivors (9216K)
 Metaspace       used 107437K, capacity 110225K, committed 110412K, reserved 1144832K
  class space    used 13609K, capacity 14619K, committed 14668K, reserved 1048576K
}
Event: 330.892 GC heap before
{Heap before GC invocations=52 (full 0):
 garbage-first heap   total 292864K, used 232837K [0x0000000080000000, 0x0000000100000000)
  region size 1024K, 47 young (48128K), 9 survivors (9216K)
 Metaspace       used 107443K, capacity 110227K, committed 110412K, reserved 1144832K
  class space    used 13609K, capacity 14619K, committed 14668K, reserved 1048576K
}
Event: 330.979 GC heap after
{Heap after GC invocations=53 (full 0):
 garbage-first heap   total 292864K, used 208896K [0x0000000080000000, 0x0000000100000000)
  region size 1024K, 6 young (6144K), 6 survivors (6144K)
 Metaspace       used 107443K, capacity 110227K, committed 110412K, reserved 1144832K
  class space    used 13609K, capacity 14619K, committed 14668K, reserved 1048576K
}
Event: 331.467 GC heap before
{Heap before GC invocations=54 (full 0):
 garbage-first heap   total 292864K, used 186368K [0x0000000080000000, 0x0000000100000000)
  region size 1024K, 35 young (35840K), 6 survivors (6144K)
 Metaspace       used 107388K, capacity 110132K, committed 110412K, reserved 1144832K
  class space    used 13590K, capacity 14583K, committed 14668K, reserved 1048576K
}
Event: 331.491 GC heap after
{Heap after GC invocations=55 (full 0):
 garbage-first heap   total 292864K, used 167552K [0x0000000080000000, 0x0000000100000000)
  region size 1024K, 5 young (5120K), 5 survivors (5120K)
 Metaspace       used 107388K, capacity 110132K, committed 110412K, reserved 1144832K
  class space    used 13590K, capacity 14583K, committed 14668K, reserved 1048576K
}
Event: 331.610 GC heap before
{Heap before GC invocations=55 (full 0):
 garbage-first heap   total 292864K, used 177792K [0x0000000080000000, 0x0000000100000000)
  region size 1024K, 14 young (14336K), 5 survivors (5120K)
 Metaspace       used 107388K, capacity 110132K, committed 110412K, reserved 1144832K
  class space    used 13590K, capacity 14583K, committed 14668K, reserved 1048576K
}
Event: 331.626 GC heap after
{Heap after GC invocations=56 (full 0):
 garbage-first heap   total 292864K, used 147712K [0x0000000080000000, 0x0000000100000000)
  region size 1024K, 2 young (2048K), 2 survivors (2048K)
 Metaspace       used 107388K, capacity 110132K, committed 110412K, reserved 1144832K
  class space    used 13590K, capacity 14583K, committed 14668K, reserved 1048576K
}
Event: 331.863 GC heap before
{Heap before GC invocations=56 (full 0):
 garbage-first heap   total 292864K, used 208128K [0x0000000080000000, 0x0000000100000000)
  region size 1024K, 53 young (54272K), 2 survivors (2048K)
 Metaspace       used 107390K, capacity 110134K, committed 110412K, reserved 1144832K
  class space    used 13590K, capacity 14583K, committed 14668K, reserved 1048576K
}
Event: 331.873 GC heap after
{Heap after GC invocations=57 (full 0):
 garbage-first heap   total 292864K, used 164731K [0x0000000080000000, 0x0000000100000000)
  region size 1024K, 7 young (7168K), 7 survivors (7168K)
 Metaspace       used 107390K, capacity 110134K, committed 110412K, reserved 1144832K
  class space    used 13590K, capacity 14583K, committed 14668K, reserved 1048576K
}
Event: 786.993 GC heap before
{Heap before GC invocations=57 (full 0):
 garbage-first heap   total 292864K, used 233339K [0x0000000080000000, 0x0000000100000000)
  region size 1024K, 55 young (56320K), 7 survivors (7168K)
 Metaspace       used 107577K, capacity 110334K, committed 110412K, reserved 1144832K
  class space    used 13598K, capacity 14599K, committed 14668K, reserved 1048576K
}
Event: 787.131 GC heap after
{Heap after GC invocations=58 (full 0):
 garbage-first heap   total 292864K, used 155048K [0x0000000080000000, 0x0000000100000000)
  region size 1024K, 2 young (2048K), 2 survivors (2048K)
 Metaspace       used 107577K, capacity 110334K, committed 110412K, reserved 1144832K
  class space    used 13598K, capacity 14599K, committed 14668K, reserved 1048576K
}

Deoptimization events (20 events):
Event: 787.765 Thread 0x000001d61e45c800 DEOPT PACKING pc=0x000001d60be27d3c sp=0x000000b8121f7df0
Event: 787.765 Thread 0x000001d61e45c800 DEOPT UNPACKING pc=0x000001d6038c74af sp=0x000000b8121f7d80 mode 2
Event: 787.868 Thread 0x000001d61e45c800 DEOPT PACKING pc=0x000001d604fc4ea4 sp=0x000000b8121f8950
Event: 787.868 Thread 0x000001d61e45c800 DEOPT UNPACKING pc=0x000001d6038c72ce sp=0x000000b8121f7e70 mode 0
Event: 787.876 Thread 0x000001d61e45c800 DEOPT PACKING pc=0x000001d604fc4ea4 sp=0x000000b8121f89a0
Event: 787.876 Thread 0x000001d61e45c800 DEOPT UNPACKING pc=0x000001d6038c72ce sp=0x000000b8121f7ec0 mode 0
Event: 790.453 Thread 0x000001d61e45c800 DEOPT PACKING pc=0x000001d6045e9af1 sp=0x000000b8121f9980
Event: 790.453 Thread 0x000001d61e45c800 DEOPT UNPACKING pc=0x000001d6038c72ce sp=0x000000b8121f8e98 mode 0
Event: 791.606 Thread 0x000001d61e45c800 Uncommon trap: trap_request=0xffffffbe fr.pc=0x000001d60bc7a31c relative=0x0000000000000bfc
Event: 791.606 Thread 0x000001d61e45c800 Uncommon trap: reason=profile_predicate action=maybe_recompile pc=0x000001d60bc7a31c method=com.google.common.collect.ImmutableSet.construct(I[Ljava/lang/Object;)Lcom/google/common/collect/ImmutableSet; @ 68 c2
Event: 791.606 Thread 0x000001d61e45c800 DEOPT PACKING pc=0x000001d60bc7a31c sp=0x000000b8121fa180
Event: 791.606 Thread 0x000001d61e45c800 DEOPT UNPACKING pc=0x000001d6038c74af sp=0x000000b8121fa110 mode 2
Event: 791.883 Thread 0x000001d61e45c800 Uncommon trap: trap_request=0xffffffbe fr.pc=0x000001d60bc7a31c relative=0x0000000000000bfc
Event: 791.883 Thread 0x000001d61e45c800 Uncommon trap: reason=profile_predicate action=maybe_recompile pc=0x000001d60bc7a31c method=com.google.common.collect.ImmutableSet.construct(I[Ljava/lang/Object;)Lcom/google/common/collect/ImmutableSet; @ 68 c2
Event: 791.883 Thread 0x000001d61e45c800 DEOPT PACKING pc=0x000001d60bc7a31c sp=0x000000b8121fa300
Event: 791.883 Thread 0x000001d61e45c800 DEOPT UNPACKING pc=0x000001d6038c74af sp=0x000000b8121fa290 mode 2
Event: 793.666 Thread 0x000001d61e45c800 DEOPT PACKING pc=0x000001d605030519 sp=0x000000b8121fa3b0
Event: 793.674 Thread 0x000001d61e45c800 DEOPT UNPACKING pc=0x000001d6038c72ce sp=0x000000b8121f9868 mode 0
Event: 793.674 Thread 0x000001d61e45c800 DEOPT PACKING pc=0x000001d605030519 sp=0x000000b8121fa320
Event: 793.674 Thread 0x000001d61e45c800 DEOPT UNPACKING pc=0x000001d6038c72ce sp=0x000000b8121f97e8 mode 0

Classes redefined (0 events):
No events

Internal exceptions (20 events):
Event: 328.847 Thread 0x000001d61cddf800 Exception <a 'sun/nio/fs/WindowsException'{0x000000008f1a4f80}> (0x000000008f1a4f80) thrown at [./src/hotspot/share/prims/jni.cpp, line 615]
Event: 328.847 Thread 0x000001d61cddf800 Exception <a 'sun/nio/fs/WindowsException'{0x000000008f1a50f8}> (0x000000008f1a50f8) thrown at [./src/hotspot/share/prims/jni.cpp, line 615]
Event: 328.850 Thread 0x000001d61cddf800 Exception <a 'sun/nio/fs/WindowsException'{0x000000008f1d3918}> (0x000000008f1d3918) thrown at [./src/hotspot/share/prims/jni.cpp, line 615]
Event: 328.850 Thread 0x000001d61cddf800 Exception <a 'sun/nio/fs/WindowsException'{0x000000008f1d3ad0}> (0x000000008f1d3ad0) thrown at [./src/hotspot/share/prims/jni.cpp, line 615]
Event: 328.851 Thread 0x000001d61cddf800 Exception <a 'sun/nio/fs/WindowsException'{0x000000008f1e53c0}> (0x000000008f1e53c0) thrown at [./src/hotspot/share/prims/jni.cpp, line 615]
Event: 328.851 Thread 0x000001d61cddf800 Exception <a 'sun/nio/fs/WindowsException'{0x000000008f1e5550}> (0x000000008f1e5550) thrown at [./src/hotspot/share/prims/jni.cpp, line 615]
Event: 328.868 Thread 0x000001d61cddf800 Exception <a 'sun/nio/fs/WindowsException'{0x000000008f0c8728}> (0x000000008f0c8728) thrown at [./src/hotspot/share/prims/jni.cpp, line 615]
Event: 328.868 Thread 0x000001d61cddf800 Exception <a 'sun/nio/fs/WindowsException'{0x000000008f0c88a8}> (0x000000008f0c88a8) thrown at [./src/hotspot/share/prims/jni.cpp, line 615]
Event: 328.937 Thread 0x000001d61cddf800 Exception <a 'sun/nio/fs/WindowsException'{0x000000008ec46830}> (0x000000008ec46830) thrown at [./src/hotspot/share/prims/jni.cpp, line 615]
Event: 328.937 Thread 0x000001d61cddf800 Exception <a 'sun/nio/fs/WindowsException'{0x000000008ec469d0}> (0x000000008ec469d0) thrown at [./src/hotspot/share/prims/jni.cpp, line 615]
Event: 328.964 Thread 0x000001d61cddf800 Exception <a 'sun/nio/fs/WindowsException'{0x000000008ea780c8}> (0x000000008ea780c8) thrown at [./src/hotspot/share/prims/jni.cpp, line 615]
Event: 329.072 Thread 0x000001d61e960000 Implicit null exception at 0x000001d60bcd5d52 to 0x000001d60bcd6180
Event: 329.089 Thread 0x000001d61cdda000 Exception <a 'sun/nio/fs/WindowsException'{0x000000009188b830}> (0x000000009188b830) thrown at [./src/hotspot/share/prims/jni.cpp, line 615]
Event: 329.090 Thread 0x000001d61cdda000 Exception <a 'sun/nio/fs/WindowsException'{0x000000009188c4b0}> (0x000000009188c4b0) thrown at [./src/hotspot/share/prims/jni.cpp, line 615]
Event: 329.225 Thread 0x000001d61cde7000 Exception <a 'sun/nio/fs/WindowsException'{0x00000000904a3570}> (0x00000000904a3570) thrown at [./src/hotspot/share/prims/jni.cpp, line 615]
Event: 329.505 Thread 0x000001d61cde7000 Exception <a 'sun/nio/fs/WindowsException'{0x000000008f6803e0}> (0x000000008f6803e0) thrown at [./src/hotspot/share/prims/jni.cpp, line 615]
Event: 329.878 Thread 0x000001d61e45e000 Exception <a 'sun/nio/fs/WindowsException'{0x00000000919fbc38}> (0x00000000919fbc38) thrown at [./src/hotspot/share/prims/jni.cpp, line 615]
Event: 332.130 Thread 0x000001d61e463800 Exception <a 'sun/nio/fs/WindowsException'{0x00000000900f71d8}> (0x00000000900f71d8) thrown at [./src/hotspot/share/prims/jni.cpp, line 615]
Event: 786.380 Thread 0x000001d61e45c800 Implicit null exception at 0x000001d60bbe6d42 to 0x000001d60bbe8180
Event: 792.305 Thread 0x000001d61e45c800 Exception <a 'sun/nio/fs/WindowsException'{0x000000009080ddf8}> (0x000000009080ddf8) thrown at [./src/hotspot/share/prims/jni.cpp, line 615]

Events (20 events):
Event: 787.440 Thread 0x000001d61db33000 Thread added: 0x000001d61db33000
Event: 787.441 Thread 0x000001d61db34000 Thread added: 0x000001d61db34000
Event: 787.443 Thread 0x000001d61db34800 Thread added: 0x000001d61db34800
Event: 787.444 Thread 0x000001d61db30000 Thread added: 0x000001d61db30000
Event: 787.445 Thread 0x000001d61db36800 Thread added: 0x000001d61db36800
Event: 787.445 Thread 0x000001d61db37000 Thread added: 0x000001d61db37000
Event: 787.446 Thread 0x000001d61cdda800 Thread added: 0x000001d61cdda800
Event: 787.447 Thread 0x000001d61cddb800 Thread added: 0x000001d61cddb800
Event: 787.448 Thread 0x000001d61cddc800 Thread added: 0x000001d61cddc800
Event: 787.448 Thread 0x000001d61cdd8800 Thread added: 0x000001d61cdd8800
Event: 787.449 Thread 0x000001d61cdda000 Thread added: 0x000001d61cdda000
Event: 787.449 Thread 0x000001d61cddd000 Thread added: 0x000001d61cddd000
Event: 787.450 Thread 0x000001d61cddf000 Thread added: 0x000001d61cddf000
Event: 787.451 Thread 0x000001d61cdde000 Thread added: 0x000001d61cdde000
Event: 787.566 Thread 0x000001d61eef6000 Thread exited: 0x000001d61eef6000
Event: 787.566 Thread 0x000001d61d795000 Thread exited: 0x000001d61d795000
Event: 787.716 Thread 0x000001d61d795000 Thread added: 0x000001d61d795000
Event: 788.077 Thread 0x000001d61d795000 Thread exited: 0x000001d61d795000
Event: 788.648 loading class org/gradle/api/internal/provider/AbstractProperty$1
Event: 788.648 loading class org/gradle/api/internal/provider/AbstractProperty$1 done


Dynamic libraries:
0x00007ff6ddce0000 - 0x00007ff6ddcea000 	D:\Android\jre\bin\java.exe
0x00007ffefc0f0000 - 0x00007ffefc2e5000 	C:\WINDOWS\SYSTEM32\ntdll.dll
0x00007ffeaedc0000 - 0x00007ffeaedd3000 	C:\Program Files\Avast Software\Avast\aswhook.dll
0x00007ffefbdf0000 - 0x00007ffefbead000 	C:\WINDOWS\System32\KERNEL32.DLL
0x00007ffef9830000 - 0x00007ffef9af8000 	C:\WINDOWS\System32\KERNELBASE.dll
0x00007ffef9b00000 - 0x00007ffef9c00000 	C:\WINDOWS\System32\ucrtbase.dll
0x00007ffee21d0000 - 0x00007ffee21e9000 	D:\Android\jre\bin\jli.dll
0x00007ffee21b0000 - 0x00007ffee21c7000 	D:\Android\jre\bin\VCRUNTIME140.dll
0x00007ffefbeb0000 - 0x00007ffefc050000 	C:\WINDOWS\System32\USER32.dll
0x00007ffef9de0000 - 0x00007ffef9e02000 	C:\WINDOWS\System32\win32u.dll
0x00007ffefaa10000 - 0x00007ffefaa3a000 	C:\WINDOWS\System32\GDI32.dll
0x00007ffee0d00000 - 0x00007ffee0f9a000 	C:\WINDOWS\WinSxS\amd64_microsoft.windows.common-controls_6595b64144ccf1df_6.0.19041.844_none_ca00b6081b84eb1d\COMCTL32.dll
0x00007ffef9fa0000 - 0x00007ffefa0ab000 	C:\WINDOWS\System32\gdi32full.dll
0x00007ffefae40000 - 0x00007ffefaede000 	C:\WINDOWS\System32\msvcrt.dll
0x00007ffefa0b0000 - 0x00007ffefa14d000 	C:\WINDOWS\System32\msvcp_win.dll
0x00007ffefaaa0000 - 0x00007ffefaad0000 	C:\WINDOWS\System32\IMM32.DLL
0x00007ffee2080000 - 0x00007ffee211d000 	D:\Android\jre\bin\msvcp140.dll
0x00007ffee2400000 - 0x00007ffee2ebc000 	D:\Android\jre\bin\server\jvm.dll
0x00007ffefa660000 - 0x00007ffefa70c000 	C:\WINDOWS\System32\ADVAPI32.dll
0x00007ffefa3c0000 - 0x00007ffefa45b000 	C:\WINDOWS\System32\sechost.dll
0x00007ffefb4b0000 - 0x00007ffefb5db000 	C:\WINDOWS\System32\RPCRT4.dll
0x00007ffefa300000 - 0x00007ffefa308000 	C:\WINDOWS\System32\PSAPI.DLL
0x00007ffed21b0000 - 0x00007ffed21b9000 	C:\WINDOWS\SYSTEM32\WSOCK32.dll
0x00007ffeebc60000 - 0x00007ffeebc87000 	C:\WINDOWS\SYSTEM32\WINMM.dll
0x00007ffefaf40000 - 0x00007ffefafab000 	C:\WINDOWS\System32\WS2_32.dll
0x00007ffef1720000 - 0x00007ffef172a000 	C:\WINDOWS\SYSTEM32\VERSION.dll
0x00007ffef7950000 - 0x00007ffef7962000 	C:\WINDOWS\SYSTEM32\kernel.appcore.dll
0x00007ffef6c10000 - 0x00007ffef6c21000 	D:\Android\jre\bin\verify.dll
0x00007ffef7520000 - 0x00007ffef7704000 	C:\WINDOWS\SYSTEM32\DBGHELP.DLL
0x00007ffee17e0000 - 0x00007ffee180c000 	C:\WINDOWS\SYSTEM32\dbgcore.DLL
0x00007ffef9e10000 - 0x00007ffef9e90000 	C:\WINDOWS\System32\bcryptPrimitives.dll
0x00007ffef2e00000 - 0x00007ffef2e29000 	D:\Android\jre\bin\java.dll
0x00007ffef6c60000 - 0x00007ffef6c6b000 	D:\Android\jre\bin\jimage.dll
0x00007ffef4ae0000 - 0x00007ffef4af8000 	D:\Android\jre\bin\zip.dll
0x00007ffefb5e0000 - 0x00007ffefbd22000 	C:\WINDOWS\System32\SHELL32.dll
0x00007ffef7970000 - 0x00007ffef8101000 	C:\WINDOWS\SYSTEM32\windows.storage.dll
0x00007ffefaae0000 - 0x00007ffefae35000 	C:\WINDOWS\System32\combase.dll
0x00007ffef92a0000 - 0x00007ffef92cc000 	C:\WINDOWS\SYSTEM32\Wldp.dll
0x00007ffefbd30000 - 0x00007ffefbdde000 	C:\WINDOWS\System32\SHCORE.dll
0x00007ffefaa40000 - 0x00007ffefaa95000 	C:\WINDOWS\System32\shlwapi.dll
0x00007ffef9770000 - 0x00007ffef978f000 	C:\WINDOWS\SYSTEM32\profapi.dll
0x00007ffef3b10000 - 0x00007ffef3b2a000 	D:\Android\jre\bin\net.dll
0x00007ffef27d0000 - 0x00007ffef28db000 	C:\WINDOWS\SYSTEM32\WINHTTP.dll
0x00007ffef9010000 - 0x00007ffef907a000 	C:\WINDOWS\system32\mswsock.dll
0x00007ffef2e50000 - 0x00007ffef2e64000 	D:\Android\jre\bin\nio.dll
0x00007ffee2310000 - 0x00007ffee2337000 	C:\Users\Kacper\.gradle\native\fdc75f09e3144964f2cf3f50f0aa648679c211496f362492102eb8c894070792\windows-amd64\native-platform.dll
0x00007ffecb2e0000 - 0x00007ffecb476000 	C:\Users\Kacper\.gradle\native\12488b8bf47d2d4c9fbf2f6322a914ad602e24e48041cd04a747c6da556b65c4\windows-amd64\native-platform-file-events.dll
0x00007ffef4d40000 - 0x00007ffef4d4a000 	D:\Android\jre\bin\management.dll
0x00007ffef30c0000 - 0x00007ffef30cc000 	D:\Android\jre\bin\management_ext.dll
0x00007ffef91f0000 - 0x00007ffef9208000 	C:\WINDOWS\SYSTEM32\CRYPTSP.dll
0x00007ffef8940000 - 0x00007ffef8974000 	C:\WINDOWS\system32\rsaenh.dll
0x00007ffef9db0000 - 0x00007ffef9dd7000 	C:\WINDOWS\System32\bcrypt.dll
0x00007ffef96f0000 - 0x00007ffef971e000 	C:\WINDOWS\SYSTEM32\USERENV.dll
0x00007ffef91e0000 - 0x00007ffef91ec000 	C:\WINDOWS\SYSTEM32\CRYPTBASE.dll
0x00007ffef8cb0000 - 0x00007ffef8ceb000 	C:\WINDOWS\SYSTEM32\IPHLPAPI.DLL
0x00007ffefbde0000 - 0x00007ffefbde8000 	C:\WINDOWS\System32\NSI.dll
0x00007ffef5ef0000 - 0x00007ffef5f07000 	C:\WINDOWS\SYSTEM32\dhcpcsvc6.DLL
0x00007ffef5240000 - 0x00007ffef525d000 	C:\WINDOWS\SYSTEM32\dhcpcsvc.DLL
0x00007ffef8cf0000 - 0x00007ffef8dbc000 	C:\WINDOWS\SYSTEM32\DNSAPI.dll
0x00007ffef2370000 - 0x00007ffef237b000 	C:\WINDOWS\SYSTEM32\WINNSI.DLL

dbghelp: loaded successfully - version: 4.0.5 - missing functions: none
symbol engine: initialized successfully - sym options: 0x614 - pdb path: .;D:\Android\jre\bin;C:\WINDOWS\SYSTEM32;C:\Program Files\Avast Software\Avast;C:\WINDOWS\WinSxS\amd64_microsoft.windows.common-controls_6595b64144ccf1df_6.0.19041.844_none_ca00b6081b84eb1d;D:\Android\jre\bin\server;C:\Users\Kacper\.gradle\native\fdc75f09e3144964f2cf3f50f0aa648679c211496f362492102eb8c894070792\windows-amd64;C:\Users\Kacper\.gradle\native\12488b8bf47d2d4c9fbf2f6322a914ad602e24e48041cd04a747c6da556b65c4\windows-amd64

VM Arguments:
jvm_args: --add-opens=java.base/java.util=ALL-UNNAMED --add-opens=java.base/java.lang=ALL-UNNAMED --add-opens=java.base/java.lang.invoke=ALL-UNNAMED --add-opens=java.prefs/java.util.prefs=ALL-UNNAMED -Xmx2048m -Dfile.encoding=UTF-8 -Duser.country=PL -Duser.language=pl -Duser.variant 
java_command: org.gradle.launcher.daemon.bootstrap.GradleDaemon 6.7.1
java_class_path (initial): C:\Users\Kacper\.gradle\wrapper\dists\gradle-6.7.1-bin\bwlcbys1h7rz3272sye1xwiv6\gradle-6.7.1\lib\gradle-launcher-6.7.1.jar
Launcher Type: SUN_STANDARD

[Global flags]
     intx CICompilerCount                          = 4                                         {product} {ergonomic}
     uint ConcGCThreads                            = 2                                         {product} {ergonomic}
     uint G1ConcRefinementThreads                  = 8                                         {product} {ergonomic}
   size_t G1HeapRegionSize                         = 1048576                                   {product} {ergonomic}
    uintx GCDrainStackTargetSize                   = 64                                        {product} {ergonomic}
   size_t InitialHeapSize                          = 132120576                                 {product} {ergonomic}
   size_t MarkStackSize                            = 4194304                                   {product} {ergonomic}
   size_t MaxHeapSize                              = 2147483648                                {product} {command line}
   size_t MaxNewSize                               = 1287651328                                {product} {ergonomic}
   size_t MinHeapDeltaBytes                        = 1048576                                   {product} {ergonomic}
    uintx NonNMethodCodeHeapSize                   = 5836300                                {pd product} {ergonomic}
    uintx NonProfiledCodeHeapSize                  = 122910970                              {pd product} {ergonomic}
    uintx ProfiledCodeHeapSize                     = 122910970                              {pd product} {ergonomic}
    uintx ReservedCodeCacheSize                    = 251658240                              {pd product} {ergonomic}
     bool SegmentedCodeCache                       = true                                      {product} {ergonomic}
     bool UseCompressedClassPointers               = true                                 {lp64_product} {ergonomic}
     bool UseCompressedOops                        = true                                 {lp64_product} {ergonomic}
     bool UseG1GC                                  = true                                      {product} {ergonomic}
     bool UseLargePagesIndividualAllocation        = false                                  {pd product} {ergonomic}

Logging:
Log output configuration:
 #0: stdout all=warning uptime,level,tags
 #1: stderr all=off uptime,level,tags

Environment Variables:
PATH=C:\Program Files (x86)\Common Files\Oracle\Java\javapath;C:\Windows\system32;C:\Windows;C:\Windows\System32\Wbem;C:\Windows\System32\WindowsPowerShell\v1.0\;C:\Windows\System32\OpenSSH\;C:\Program Files (x86)\NVIDIA Corporation\PhysX\Common;C:\Program Files\NVIDIA Corporation\NVIDIA NvDLISR;C:\Program Files\dotnet\;C:\Program Files\Microsoft SQL Server\Client SDK\ODBC\130\Tools\Binn\;C:\Program Files\Azure Data Studio\bin;C:\Program Files\Microsoft SQL Server\Client SDK\ODBC\170\Tools\Binn\;C:\Program Files (x86)\Microsoft SQL Server\150\Tools\Binn\;C:\Program Files\Microsoft SQL Server\150\Tools\Binn\;C:\Program Files\Microsoft SQL Server\150\DTS\Binn\;D:\;C:\Program Files (x86)\dotnet\;C:\xampp\php;C:\ProgramData\ComposerSetup\bin;C:\Program Files\Git\cmd;C:\Program Files\nodejs\;C:\WINDOWS\system32;C:\WINDOWS;C:\WINDOWS\System32\Wbem;C:\WINDOWS\System32\WindowsPowerShell\v1.0\;C:\WINDOWS\System32\OpenSSH\;C:\Program Files (x86)\Microsoft SQL Server\150\DTS\Binn\;C:\Program Files\Microsoft SQL Server\130\Tools\Binn\;C:\Users\Kacper\AppData\Local\Microsoft\WindowsApps;C:\Users\Kacper\AppData\Local\Programs\Microsoft VS Code\bin;C:\Users\Kacper\AppData\Local\Programs\Azure Data Studio\bin;C:\Program Files\Azure Data Studio\bin;C:\Users\Kacper\.dotnet\tools;C:\Users\Kacper\AppData\Roaming\Composer\vendor\bin;C:\Users\Kacper\AppData\Roaming\npm;
USERNAME=Kacper
OS=Windows_NT
PROCESSOR_IDENTIFIER=Intel64 Family 6 Model 158 Stepping 10, GenuineIntel



---------------  S Y S T E M  ---------------

OS: Windows 10 , 64 bit Build 19041 (10.0.19041.928)
OS uptime: 0 days 8:51 hours

CPU:total 8 (initial active 8) (4 cores per cpu, 2 threads per core) family 6 model 158 stepping 10, cmov, cx8, fxsr, mmx, sse, sse2, sse3, ssse3, sse4.1, sse4.2, popcnt, avx, avx2, aes, clmul, erms, 3dnowpref, lzcnt, ht, tsc, tscinvbit, bmi1, bmi2, adx, fma

Memory: 4k page, system-wide physical 8000M (414M free)
TotalPageFile size 16192M (AvailPageFile size 4M)
current process WorkingSet (physical memory assigned to process): 197M, peak: 590M
current process commit charge ("private bytes"): 610M, peak: 690M

vm_info: OpenJDK 64-Bit Server VM (11.0.8+10-b944.6842174) for windows-amd64 JRE (11.0.8+10-b944.6842174), built on Sep 19 2020 01:11:42 by "builder" with MS VC++ 14.0 (VS2015)

END.
