#
# There is insufficient memory for the Java Runtime Environment to continue.
# Native memory allocation (malloc) failed to allocate 1370736 bytes for Chunk::new
# Possible reasons:
#   The system is out of physical RAM or swap space
#   The process is running with CompressedOops enabled, and the Java Heap may be blocking the growth of the native heap
# Possible solutions:
#   Reduce memory load on the system
#   Increase physical memory or swap space
#   Check if swap backing store is full
#   Decrease Java heap size (-Xmx/-Xms)
#   Decrease number of Java threads
#   Decrease Java thread stack sizes (-Xss)
#   Set larger code cache with -XX:ReservedCodeCacheSize=
#   JVM is running with Unscaled Compressed Oops mode in which the Java heap is
#     placed in the first 4GB address space. The Java Heap base address is the
#     maximum limit for the native heap growth. Please use -XX:HeapBaseMinAddress
#     to set the Java Heap base and to place the Java Heap above 4GB virtual address.
# This output file may be truncated or incomplete.
#
#  Out of Memory Error (./src/hotspot/share/memory/arena.cpp:197), pid=11032, tid=10084
#
# JRE version: OpenJDK Runtime Environment (11.0.8+10) (build 11.0.8+10-b944.6842174)
# Java VM: OpenJDK 64-Bit Server VM (11.0.8+10-b944.6842174, mixed mode, tiered, compressed oops, g1 gc, windows-amd64)
# No core dump will be written. Minidumps are not enabled by default on client versions of Windows
#

---------------  S U M M A R Y ------------

Command Line: --add-opens=java.base/java.util=ALL-UNNAMED --add-opens=java.base/java.lang=ALL-UNNAMED --add-opens=java.base/java.lang.invoke=ALL-UNNAMED --add-opens=java.prefs/java.util.prefs=ALL-UNNAMED -Xmx2048m -Dfile.encoding=UTF-8 -Duser.country=PL -Duser.language=pl -Duser.variant org.gradle.launcher.daemon.bootstrap.GradleDaemon 6.7.1

Host: Intel(R) Core(TM) i5-9300H CPU @ 2.40GHz, 8 cores, 7G,  Windows 10 , 64 bit Build 19041 (10.0.19041.928)
Time: Thu May  6 16:23:55 2021 Œrodkowoeuropejski czas letni elapsed time: 13 seconds (0d 0h 0m 13s)

---------------  T H R E A D  ---------------

Current thread (0x000002085a565800):  JavaThread "C2 CompilerThread0" daemon [_thread_in_native, id=10084, stack(0x000000b808500000,0x000000b808600000)]


Current CompileTask:
C2:  13288 2369   !   4       java.net.URL::<init> (543 bytes)

Stack: [0x000000b808500000,0x000000b808600000]
Native frames: (J=compiled Java code, j=interpreted, Vv=VM code, C=native code)
V  [jvm.dll+0x5de50a]
V  [jvm.dll+0x7122f5]
V  [jvm.dll+0x71384d]
V  [jvm.dll+0x713f03]
V  [jvm.dll+0x23e728]
V  [jvm.dll+0xb899c]
V  [jvm.dll+0xb8e9c]
V  [jvm.dll+0x35020b]
V  [jvm.dll+0x31dea3]
V  [jvm.dll+0x31d39a]
V  [jvm.dll+0x1f7702]
V  [jvm.dll+0x1f68d4]
V  [jvm.dll+0x17f32c]
V  [jvm.dll+0x205047]
V  [jvm.dll+0x203891]
V  [jvm.dll+0x6dad3f]
V  [jvm.dll+0x6d3895]
V  [jvm.dll+0x5dd4a6]
C  [ucrtbase.dll+0x21bb2]
C  [KERNEL32.DLL+0x17034]
C  [ntdll.dll+0x52651]


---------------  P R O C E S S  ---------------

Threads class SMR info:
_java_thread_list=0x000002085cacdfa0, length=26, elements={
0x000002083f8ef800, 0x0000020859c2b000, 0x0000020859c31000, 0x000002085a562800,
0x000002085a564800, 0x000002085a565800, 0x000002085a568800, 0x000002085a56e800,
0x000002085a712800, 0x000002085a714000, 0x000002085d0d6000, 0x000002085cf7f000,
0x000002085c882000, 0x000002085a834800, 0x000002085c0f5800, 0x000002085c506000,
0x000002085c507000, 0x000002085bf6d800, 0x000002085bf6e000, 0x000002085baa8800,
0x000002085c62c000, 0x000002085c628000, 0x000002085c628800, 0x000002085c62c800,
0x000002085c629800, 0x000002085c62a800
}

Java Threads: ( => current thread )
  0x000002083f8ef800 JavaThread "main" [_thread_blocked, id=19332, stack(0x000000b807a00000,0x000000b807b00000)]
  0x0000020859c2b000 JavaThread "Reference Handler" daemon [_thread_blocked, id=19200, stack(0x000000b808100000,0x000000b808200000)]
  0x0000020859c31000 JavaThread "Finalizer" daemon [_thread_blocked, id=10544, stack(0x000000b808200000,0x000000b808300000)]
  0x000002085a562800 JavaThread "Signal Dispatcher" daemon [_thread_blocked, id=1468, stack(0x000000b808300000,0x000000b808400000)]
  0x000002085a564800 JavaThread "Attach Listener" daemon [_thread_blocked, id=17420, stack(0x000000b808400000,0x000000b808500000)]
=>0x000002085a565800 JavaThread "C2 CompilerThread0" daemon [_thread_in_native, id=10084, stack(0x000000b808500000,0x000000b808600000)]
  0x000002085a568800 JavaThread "C1 CompilerThread0" daemon [_thread_blocked, id=15784, stack(0x000000b808600000,0x000000b808700000)]
  0x000002085a56e800 JavaThread "Sweeper thread" daemon [_thread_blocked, id=15248, stack(0x000000b808700000,0x000000b808800000)]
  0x000002085a712800 JavaThread "Common-Cleaner" daemon [_thread_blocked, id=15148, stack(0x000000b808800000,0x000000b808900000)]
  0x000002085a714000 JavaThread "Service Thread" daemon [_thread_blocked, id=14152, stack(0x000000b808900000,0x000000b808a00000)]
  0x000002085d0d6000 JavaThread "Daemon health stats" [_thread_blocked, id=3444, stack(0x000000b808f00000,0x000000b809000000)]
  0x000002085cf7f000 JavaThread "Incoming local TCP Connector on port 63200" [_thread_in_native, id=9932, stack(0x000000b809000000,0x000000b809100000)]
  0x000002085c882000 JavaThread "Daemon periodic checks" [_thread_blocked, id=8592, stack(0x000000b809100000,0x000000b809200000)]
  0x000002085a834800 JavaThread "Daemon" [_thread_blocked, id=19632, stack(0x000000b809200000,0x000000b809300000)]
  0x000002085c0f5800 JavaThread "Handler for socket connection from /127.0.0.1:63200 to /127.0.0.1:63201" [_thread_in_native, id=19724, stack(0x000000b809300000,0x000000b809400000)]
  0x000002085c506000 JavaThread "Cancel handler" [_thread_blocked, id=17556, stack(0x000000b809400000,0x000000b809500000)]
  0x000002085c507000 JavaThread "Daemon worker" [_thread_blocked, id=2828, stack(0x000000b809500000,0x000000b809600000)]
  0x000002085bf6d800 JavaThread "Asynchronous log dispatcher for DefaultDaemonConnection: socket connection from /127.0.0.1:63200 to /127.0.0.1:63201" [_thread_blocked, id=13628, stack(0x000000b809600000,0x000000b809700000)]
  0x000002085bf6e000 JavaThread "Stdin handler" [_thread_blocked, id=11140, stack(0x000000b809700000,0x000000b809800000)]
  0x000002085baa8800 JavaThread "Thread-8" [_thread_blocked, id=4832, stack(0x000000b809800000,0x000000b809900000)]
  0x000002085c62c000 JavaThread "Cache worker for file hash cache (C:\Users\Kacper\.gradle\caches\6.7.1\fileHashes)" [_thread_blocked, id=4828, stack(0x000000b809e00000,0x000000b809f00000)]
  0x000002085c628000 JavaThread "File lock request listener" [_thread_in_native, id=10776, stack(0x000000b809f00000,0x000000b80a000000)]
  0x000002085c628800 JavaThread "Cache worker for journal cache (C:\Users\Kacper\.gradle\caches\journal-1)" [_thread_blocked, id=13656, stack(0x000000b80a100000,0x000000b80a200000)]
  0x000002085c62c800 JavaThread "Cache worker for file hash cache (C:\Users\Kacper\AndroidStudioProjects\FindNerbyPlaces\.gradle\6.7.1\fileHashes)" [_thread_blocked, id=15552, stack(0x000000b80a200000,0x000000b80a300000)]
  0x000002085c629800 JavaThread "Cache worker for checksums cache (C:\Users\Kacper\AndroidStudioProjects\FindNerbyPlaces\.gradle\checksums)" [_thread_blocked, id=17620, stack(0x000000b80a300000,0x000000b80a400000)]
  0x000002085c62a800 JavaThread "Cache worker for cache directory md-supplier (C:\Users\Kacper\.gradle\caches\6.7.1\md-supplier)" [_thread_blocked, id=17572, stack(0x000000b80a400000,0x000000b80a500000)]

Other Threads:
  0x0000020859c07000 VMThread "VM Thread" [stack: 0x000000b808000000,0x000000b808100000] [id=10632]
  0x000002085a741800 WatcherThread [stack: 0x000000b808a00000,0x000000b808b00000] [id=13216]
  0x000002083f905000 GCTaskThread "GC Thread#0" [stack: 0x000000b807b00000,0x000000b807c00000] [id=16096]
  0x000002085b236000 GCTaskThread "GC Thread#1" [stack: 0x000000b808d00000,0x000000b808e00000] [id=13440]
  0x000002085b236800 GCTaskThread "GC Thread#2" [stack: 0x000000b808e00000,0x000000b808f00000] [id=2140]
  0x000002085baa0000 GCTaskThread "GC Thread#3" [stack: 0x000000b809900000,0x000000b809a00000] [id=4544]
  0x000002085bae0800 GCTaskThread "GC Thread#4" [stack: 0x000000b809a00000,0x000000b809b00000] [id=20136]
  0x000002085bb2e000 GCTaskThread "GC Thread#5" [stack: 0x000000b809b00000,0x000000b809c00000] [id=2944]
  0x000002085bb91000 GCTaskThread "GC Thread#6" [stack: 0x000000b809c00000,0x000000b809d00000] [id=17236]
  0x000002085b9cd800 GCTaskThread "GC Thread#7" [stack: 0x000000b809d00000,0x000000b809e00000] [id=1772]
  0x000002083f93b800 ConcurrentGCThread "G1 Main Marker" [stack: 0x000000b807c00000,0x000000b807d00000] [id=3480]
  0x000002083f93d000 ConcurrentGCThread "G1 Conc#0" [stack: 0x000000b807d00000,0x000000b807e00000] [id=17528]
  0x000002085cd12800 ConcurrentGCThread "G1 Conc#1" [stack: 0x000000b80a000000,0x000000b80a100000] [id=19012]
  0x000002083f9cd800 ConcurrentGCThread "G1 Refine#0" [stack: 0x000000b807e00000,0x000000b807f00000] [id=9656]
  0x000002083f9ce800 ConcurrentGCThread "G1 Young RemSet Sampling" [stack: 0x000000b807f00000,0x000000b808000000] [id=13792]

Threads with active compile tasks:
C2 CompilerThread0  13465 2369   !   4       java.net.URL::<init> (543 bytes)

VM state:at safepoint (normal execution)

VM Mutex/Monitor currently owned by a thread:  ([mutex/lock_event])
[0x000002083f8ecc90] Threads_lock - owner thread: 0x0000020859c07000
[0x000002083f8ec810] Heap_lock - owner thread: 0x000002085c507000

Heap address: 0x0000000080000000, size: 2048 MB, Compressed Oops mode: 32-bit
Narrow klass base: 0x0000000000000000, Narrow klass shift: 3
Compressed class space size: 1073741824 Address: 0x0000000100000000

Heap:
 garbage-first heap   total 129024K, used 18366K [0x0000000080000000, 0x0000000100000000)
  region size 1024K, 3 young (3072K), 3 survivors (3072K)
 Metaspace       used 27378K, capacity 28059K, committed 28080K, reserved 1073152K
  class space    used 3604K, capacity 3823K, committed 3840K, reserved 1048576K
Heap Regions: E=young(eden), S=young(survivor), O=old, HS=humongous(starts), HC=humongous(continues), CS=collection set, F=free, A=archive, TAMS=top-at-mark-start (previous, next)
|   0|0x0000000080000000, 0x0000000080100000, 0x0000000080100000|100%| O|  |TAMS 0x0000000080100000, 0x0000000080100000| Untracked 
|   1|0x0000000080100000, 0x0000000080200000, 0x0000000080200000|100%| O|  |TAMS 0x0000000080200000, 0x0000000080200000| Untracked 
|   2|0x0000000080200000, 0x0000000080300000, 0x0000000080300000|100%| O|  |TAMS 0x0000000080300000, 0x0000000080300000| Untracked 
|   3|0x0000000080300000, 0x0000000080400000, 0x0000000080400000|100%|HS|  |TAMS 0x0000000080400000, 0x0000000080400000| Complete 
|   4|0x0000000080400000, 0x0000000080500000, 0x0000000080500000|100%|HC|  |TAMS 0x0000000080500000, 0x0000000080500000| Complete 
|   5|0x0000000080500000, 0x0000000080600000, 0x0000000080600000|100%|HC|  |TAMS 0x0000000080600000, 0x0000000080600000| Complete 
|   6|0x0000000080600000, 0x0000000080700000, 0x0000000080700000|100%| O|  |TAMS 0x0000000080700000, 0x0000000080700000| Untracked 
|   7|0x0000000080700000, 0x0000000080800000, 0x0000000080800000|100%| O|  |TAMS 0x0000000080800000, 0x0000000080800000| Untracked 
|   8|0x0000000080800000, 0x0000000080900000, 0x0000000080900000|100%| O|  |TAMS 0x0000000080900000, 0x0000000080900000| Untracked 
|   9|0x0000000080900000, 0x0000000080a00000, 0x0000000080a00000|100%| O|  |TAMS 0x0000000080a00000, 0x0000000080a00000| Untracked 
|  10|0x0000000080a00000, 0x0000000080b00000, 0x0000000080b00000|100%| O|  |TAMS 0x0000000080b00000, 0x0000000080b00000| Untracked 
|  11|0x0000000080b00000, 0x0000000080c00000, 0x0000000080c00000|100%| O|  |TAMS 0x0000000080c00000, 0x0000000080c00000| Untracked 
|  12|0x0000000080c00000, 0x0000000080d00000, 0x0000000080d00000|100%| O|  |TAMS 0x0000000080d00000, 0x0000000080d00000| Untracked 
|  13|0x0000000080d00000, 0x0000000080e00000, 0x0000000080e00000|100%| O|  |TAMS 0x0000000080e00000, 0x0000000080e00000| Untracked 
|  14|0x0000000080e00000, 0x0000000080f00000, 0x0000000080f00000|100%| O|  |TAMS 0x0000000080f00000, 0x0000000080f00000| Untracked 
|  15|0x0000000080f00000, 0x0000000080f24a00, 0x0000000081000000| 14%| O|  |TAMS 0x0000000080f24a00, 0x0000000080f24a00| Untracked 
|  16|0x0000000081000000, 0x0000000081000000, 0x0000000081100000|  0%| F|  |TAMS 0x0000000081000000, 0x0000000081000000| Untracked 
|  17|0x0000000081100000, 0x0000000081100000, 0x0000000081200000|  0%| F|  |TAMS 0x0000000081100000, 0x0000000081100000| Untracked 
|  18|0x0000000081200000, 0x0000000081200000, 0x0000000081300000|  0%| F|  |TAMS 0x0000000081200000, 0x0000000081200000| Untracked 
|  19|0x0000000081300000, 0x0000000081300000, 0x0000000081400000|  0%| F|  |TAMS 0x0000000081300000, 0x0000000081300000| Untracked 
|  20|0x0000000081400000, 0x0000000081400000, 0x0000000081500000|  0%| F|  |TAMS 0x0000000081400000, 0x0000000081400000| Untracked 
|  21|0x0000000081500000, 0x0000000081500000, 0x0000000081600000|  0%| F|  |TAMS 0x0000000081500000, 0x0000000081500000| Untracked 
|  22|0x0000000081600000, 0x0000000081600000, 0x0000000081700000|  0%| F|  |TAMS 0x0000000081600000, 0x0000000081600000| Untracked 
|  23|0x0000000081700000, 0x0000000081700000, 0x0000000081800000|  0%| F|  |TAMS 0x0000000081700000, 0x0000000081700000| Untracked 
|  24|0x0000000081800000, 0x0000000081800000, 0x0000000081900000|  0%| F|  |TAMS 0x0000000081800000, 0x0000000081800000| Untracked 
|  25|0x0000000081900000, 0x0000000081900000, 0x0000000081a00000|  0%| F|  |TAMS 0x0000000081900000, 0x0000000081900000| Untracked 
|  26|0x0000000081a00000, 0x0000000081a00000, 0x0000000081b00000|  0%| F|  |TAMS 0x0000000081a00000, 0x0000000081a00000| Untracked 
|  27|0x0000000081b00000, 0x0000000081b00000, 0x0000000081c00000|  0%| F|  |TAMS 0x0000000081b00000, 0x0000000081b00000| Untracked 
|  28|0x0000000081c00000, 0x0000000081c00000, 0x0000000081d00000|  0%| F|  |TAMS 0x0000000081c00000, 0x0000000081c00000| Untracked 
|  29|0x0000000081d00000, 0x0000000081d00000, 0x0000000081e00000|  0%| F|  |TAMS 0x0000000081d00000, 0x0000000081d00000| Untracked 
|  30|0x0000000081e00000, 0x0000000081e00000, 0x0000000081f00000|  0%| F|  |TAMS 0x0000000081e00000, 0x0000000081e00000| Untracked 
|  31|0x0000000081f00000, 0x0000000081f00000, 0x0000000082000000|  0%| F|  |TAMS 0x0000000081f00000, 0x0000000081f00000| Untracked 
|  32|0x0000000082000000, 0x0000000082000000, 0x0000000082100000|  0%| F|  |TAMS 0x0000000082000000, 0x0000000082000000| Untracked 
|  33|0x0000000082100000, 0x0000000082100000, 0x0000000082200000|  0%| F|  |TAMS 0x0000000082100000, 0x0000000082100000| Untracked 
|  34|0x0000000082200000, 0x0000000082200000, 0x0000000082300000|  0%| F|  |TAMS 0x0000000082200000, 0x0000000082200000| Untracked 
|  35|0x0000000082300000, 0x0000000082300000, 0x0000000082400000|  0%| F|  |TAMS 0x0000000082300000, 0x0000000082300000| Untracked 
|  36|0x0000000082400000, 0x0000000082400000, 0x0000000082500000|  0%| F|  |TAMS 0x0000000082400000, 0x0000000082400000| Untracked 
|  37|0x0000000082500000, 0x0000000082500000, 0x0000000082600000|  0%| F|  |TAMS 0x0000000082500000, 0x0000000082500000| Untracked 
|  38|0x0000000082600000, 0x0000000082600000, 0x0000000082700000|  0%| F|  |TAMS 0x0000000082600000, 0x0000000082600000| Untracked 
|  39|0x0000000082700000, 0x0000000082700000, 0x0000000082800000|  0%| F|  |TAMS 0x0000000082700000, 0x0000000082700000| Untracked 
|  40|0x0000000082800000, 0x0000000082800000, 0x0000000082900000|  0%| F|  |TAMS 0x0000000082800000, 0x0000000082800000| Untracked 
|  41|0x0000000082900000, 0x0000000082900000, 0x0000000082a00000|  0%| F|  |TAMS 0x0000000082900000, 0x0000000082900000| Untracked 
|  42|0x0000000082a00000, 0x0000000082a00000, 0x0000000082b00000|  0%| F|  |TAMS 0x0000000082a00000, 0x0000000082a00000| Untracked 
|  43|0x0000000082b00000, 0x0000000082b00000, 0x0000000082c00000|  0%| F|  |TAMS 0x0000000082b00000, 0x0000000082b00000| Untracked 
|  44|0x0000000082c00000, 0x0000000082c00000, 0x0000000082d00000|  0%| F|  |TAMS 0x0000000082c00000, 0x0000000082c00000| Untracked 
|  45|0x0000000082d00000, 0x0000000082d00000, 0x0000000082e00000|  0%| F|  |TAMS 0x0000000082d00000, 0x0000000082d00000| Untracked 
|  46|0x0000000082e00000, 0x0000000082e00000, 0x0000000082f00000|  0%| F|  |TAMS 0x0000000082e00000, 0x0000000082e00000| Untracked 
|  47|0x0000000082f00000, 0x0000000082f00000, 0x0000000083000000|  0%| F|  |TAMS 0x0000000082f00000, 0x0000000082f00000| Untracked 
|  48|0x0000000083000000, 0x0000000083000000, 0x0000000083100000|  0%| F|  |TAMS 0x0000000083000000, 0x0000000083000000| Untracked 
|  49|0x0000000083100000, 0x0000000083100000, 0x0000000083200000|  0%| F|  |TAMS 0x0000000083100000, 0x0000000083100000| Untracked 
|  50|0x0000000083200000, 0x0000000083200000, 0x0000000083300000|  0%| F|  |TAMS 0x0000000083200000, 0x0000000083200000| Untracked 
|  51|0x0000000083300000, 0x0000000083300000, 0x0000000083400000|  0%| F|  |TAMS 0x0000000083300000, 0x0000000083300000| Untracked 
|  52|0x0000000083400000, 0x0000000083400000, 0x0000000083500000|  0%| F|  |TAMS 0x0000000083400000, 0x0000000083400000| Untracked 
|  53|0x0000000083500000, 0x0000000083500000, 0x0000000083600000|  0%| F|  |TAMS 0x0000000083500000, 0x0000000083500000| Untracked 
|  54|0x0000000083600000, 0x0000000083600000, 0x0000000083700000|  0%| F|  |TAMS 0x0000000083600000, 0x0000000083600000| Untracked 
|  55|0x0000000083700000, 0x0000000083700000, 0x0000000083800000|  0%| F|  |TAMS 0x0000000083700000, 0x0000000083700000| Untracked 
|  56|0x0000000083800000, 0x0000000083800000, 0x0000000083900000|  0%| F|  |TAMS 0x0000000083800000, 0x0000000083800000| Untracked 
|  57|0x0000000083900000, 0x0000000083900000, 0x0000000083a00000|  0%| F|  |TAMS 0x0000000083900000, 0x0000000083900000| Untracked 
|  58|0x0000000083a00000, 0x0000000083a00000, 0x0000000083b00000|  0%| F|  |TAMS 0x0000000083a00000, 0x0000000083a00000| Untracked 
|  59|0x0000000083b00000, 0x0000000083bcb1c0, 0x0000000083c00000| 79%| S|CS|TAMS 0x0000000083b00000, 0x0000000083b00000| Complete 
|  60|0x0000000083c00000, 0x0000000083d00000, 0x0000000083d00000|100%| S|CS|TAMS 0x0000000083c00000, 0x0000000083c00000| Complete 
|  61|0x0000000083d00000, 0x0000000083e00000, 0x0000000083e00000|100%| S|CS|TAMS 0x0000000083d00000, 0x0000000083d00000| Complete 
|  62|0x0000000083e00000, 0x0000000083e00000, 0x0000000083f00000|  0%| F|  |TAMS 0x0000000083e00000, 0x0000000083e00000| Untracked 
|  63|0x0000000083f00000, 0x0000000083f00000, 0x0000000084000000|  0%| F|  |TAMS 0x0000000083f00000, 0x0000000083f00000| Untracked 
|  64|0x0000000084000000, 0x0000000084000000, 0x0000000084100000|  0%| F|  |TAMS 0x0000000084000000, 0x0000000084000000| Untracked 
|  65|0x0000000084100000, 0x0000000084100000, 0x0000000084200000|  0%| F|  |TAMS 0x0000000084100000, 0x0000000084100000| Untracked 
|  66|0x0000000084200000, 0x0000000084200000, 0x0000000084300000|  0%| F|  |TAMS 0x0000000084200000, 0x0000000084200000| Untracked 
|  67|0x0000000084300000, 0x0000000084300000, 0x0000000084400000|  0%| F|  |TAMS 0x0000000084300000, 0x0000000084300000| Untracked 
|  68|0x0000000084400000, 0x0000000084400000, 0x0000000084500000|  0%| F|  |TAMS 0x0000000084400000, 0x0000000084400000| Untracked 
|  69|0x0000000084500000, 0x0000000084500000, 0x0000000084600000|  0%| F|  |TAMS 0x0000000084500000, 0x0000000084500000| Untracked 
|  70|0x0000000084600000, 0x0000000084600000, 0x0000000084700000|  0%| F|  |TAMS 0x0000000084600000, 0x0000000084600000| Untracked 
|  71|0x0000000084700000, 0x0000000084700000, 0x0000000084800000|  0%| F|  |TAMS 0x0000000084700000, 0x0000000084700000| Untracked 
|  72|0x0000000084800000, 0x0000000084800000, 0x0000000084900000|  0%| F|  |TAMS 0x0000000084800000, 0x0000000084800000| Untracked 
|  73|0x0000000084900000, 0x0000000084900000, 0x0000000084a00000|  0%| F|  |TAMS 0x0000000084900000, 0x0000000084900000| Untracked 
|  74|0x0000000084a00000, 0x0000000084a00000, 0x0000000084b00000|  0%| F|  |TAMS 0x0000000084a00000, 0x0000000084a00000| Untracked 
|  75|0x0000000084b00000, 0x0000000084b00000, 0x0000000084c00000|  0%| F|  |TAMS 0x0000000084b00000, 0x0000000084b00000| Untracked 
|  76|0x0000000084c00000, 0x0000000084c00000, 0x0000000084d00000|  0%| F|  |TAMS 0x0000000084c00000, 0x0000000084c00000| Untracked 
|  77|0x0000000084d00000, 0x0000000084d00000, 0x0000000084e00000|  0%| F|  |TAMS 0x0000000084d00000, 0x0000000084d00000| Untracked 
|  78|0x0000000084e00000, 0x0000000084e00000, 0x0000000084f00000|  0%| F|  |TAMS 0x0000000084e00000, 0x0000000084e00000| Untracked 
|  79|0x0000000084f00000, 0x0000000084f00000, 0x0000000085000000|  0%| F|  |TAMS 0x0000000084f00000, 0x0000000084f00000| Untracked 
|  80|0x0000000085000000, 0x0000000085000000, 0x0000000085100000|  0%| F|  |TAMS 0x0000000085000000, 0x0000000085000000| Untracked 
|  81|0x0000000085100000, 0x0000000085100000, 0x0000000085200000|  0%| F|  |TAMS 0x0000000085100000, 0x0000000085100000| Untracked 
|  82|0x0000000085200000, 0x0000000085200000, 0x0000000085300000|  0%| F|  |TAMS 0x0000000085200000, 0x0000000085200000| Untracked 
|  83|0x0000000085300000, 0x0000000085300000, 0x0000000085400000|  0%| F|  |TAMS 0x0000000085300000, 0x0000000085300000| Untracked 
|  84|0x0000000085400000, 0x0000000085400000, 0x0000000085500000|  0%| F|  |TAMS 0x0000000085400000, 0x0000000085400000| Untracked 
|  85|0x0000000085500000, 0x0000000085500000, 0x0000000085600000|  0%| F|  |TAMS 0x0000000085500000, 0x0000000085500000| Untracked 
|  86|0x0000000085600000, 0x0000000085600000, 0x0000000085700000|  0%| F|  |TAMS 0x0000000085600000, 0x0000000085600000| Untracked 
|  87|0x0000000085700000, 0x0000000085700000, 0x0000000085800000|  0%| F|  |TAMS 0x0000000085700000, 0x0000000085700000| Untracked 
|  88|0x0000000085800000, 0x0000000085800000, 0x0000000085900000|  0%| F|  |TAMS 0x0000000085800000, 0x0000000085800000| Untracked 
|  89|0x0000000085900000, 0x0000000085900000, 0x0000000085a00000|  0%| F|  |TAMS 0x0000000085900000, 0x0000000085900000| Untracked 
|  90|0x0000000085a00000, 0x0000000085a00000, 0x0000000085b00000|  0%| F|  |TAMS 0x0000000085a00000, 0x0000000085a00000| Untracked 
|  91|0x0000000085b00000, 0x0000000085b00000, 0x0000000085c00000|  0%| F|  |TAMS 0x0000000085b00000, 0x0000000085b00000| Untracked 
|  92|0x0000000085c00000, 0x0000000085c00000, 0x0000000085d00000|  0%| F|  |TAMS 0x0000000085c00000, 0x0000000085c00000| Untracked 
|  93|0x0000000085d00000, 0x0000000085d00000, 0x0000000085e00000|  0%| F|  |TAMS 0x0000000085d00000, 0x0000000085d00000| Untracked 
|  94|0x0000000085e00000, 0x0000000085e00000, 0x0000000085f00000|  0%| F|  |TAMS 0x0000000085e00000, 0x0000000085e00000| Untracked 
|  95|0x0000000085f00000, 0x0000000085f00000, 0x0000000086000000|  0%| F|  |TAMS 0x0000000085f00000, 0x0000000085f00000| Untracked 
|  96|0x0000000086000000, 0x0000000086000000, 0x0000000086100000|  0%| F|  |TAMS 0x0000000086000000, 0x0000000086000000| Untracked 
|  97|0x0000000086100000, 0x0000000086100000, 0x0000000086200000|  0%| F|  |TAMS 0x0000000086100000, 0x0000000086100000| Untracked 
|  98|0x0000000086200000, 0x0000000086200000, 0x0000000086300000|  0%| F|  |TAMS 0x0000000086200000, 0x0000000086200000| Untracked 
|  99|0x0000000086300000, 0x0000000086300000, 0x0000000086400000|  0%| F|  |TAMS 0x0000000086300000, 0x0000000086300000| Untracked 
| 100|0x0000000086400000, 0x0000000086400000, 0x0000000086500000|  0%| F|  |TAMS 0x0000000086400000, 0x0000000086400000| Untracked 
| 101|0x0000000086500000, 0x0000000086500000, 0x0000000086600000|  0%| F|  |TAMS 0x0000000086500000, 0x0000000086500000| Untracked 
| 102|0x0000000086600000, 0x0000000086600000, 0x0000000086700000|  0%| F|  |TAMS 0x0000000086600000, 0x0000000086600000| Untracked 
| 103|0x0000000086700000, 0x0000000086700000, 0x0000000086800000|  0%| F|  |TAMS 0x0000000086700000, 0x0000000086700000| Untracked 
| 104|0x0000000086800000, 0x0000000086800000, 0x0000000086900000|  0%| F|  |TAMS 0x0000000086800000, 0x0000000086800000| Untracked 
| 105|0x0000000086900000, 0x0000000086900000, 0x0000000086a00000|  0%| F|  |TAMS 0x0000000086900000, 0x0000000086900000| Untracked 
| 106|0x0000000086a00000, 0x0000000086a00000, 0x0000000086b00000|  0%| F|  |TAMS 0x0000000086a00000, 0x0000000086a00000| Untracked 
| 107|0x0000000086b00000, 0x0000000086b00000, 0x0000000086c00000|  0%| F|  |TAMS 0x0000000086b00000, 0x0000000086b00000| Untracked 
| 108|0x0000000086c00000, 0x0000000086c00000, 0x0000000086d00000|  0%| F|  |TAMS 0x0000000086c00000, 0x0000000086c00000| Untracked 
| 109|0x0000000086d00000, 0x0000000086d00000, 0x0000000086e00000|  0%| F|  |TAMS 0x0000000086d00000, 0x0000000086d00000| Untracked 
| 110|0x0000000086e00000, 0x0000000086e00000, 0x0000000086f00000|  0%| F|  |TAMS 0x0000000086e00000, 0x0000000086e00000| Untracked 
| 111|0x0000000086f00000, 0x0000000086f00000, 0x0000000087000000|  0%| F|  |TAMS 0x0000000086f00000, 0x0000000086f00000| Untracked 
| 112|0x0000000087000000, 0x0000000087000000, 0x0000000087100000|  0%| F|  |TAMS 0x0000000087000000, 0x0000000087000000| Untracked 
| 113|0x0000000087100000, 0x0000000087100000, 0x0000000087200000|  0%| F|  |TAMS 0x0000000087100000, 0x0000000087100000| Untracked 
| 114|0x0000000087200000, 0x0000000087200000, 0x0000000087300000|  0%| F|  |TAMS 0x0000000087200000, 0x0000000087200000| Untracked 
| 115|0x0000000087300000, 0x0000000087300000, 0x0000000087400000|  0%| F|  |TAMS 0x0000000087300000, 0x0000000087300000| Untracked 
| 116|0x0000000087400000, 0x0000000087400000, 0x0000000087500000|  0%| F|  |TAMS 0x0000000087400000, 0x0000000087400000| Untracked 
| 117|0x0000000087500000, 0x0000000087500000, 0x0000000087600000|  0%| F|  |TAMS 0x0000000087500000, 0x0000000087500000| Untracked 
| 118|0x0000000087600000, 0x0000000087600000, 0x0000000087700000|  0%| F|  |TAMS 0x0000000087600000, 0x0000000087600000| Untracked 
| 119|0x0000000087700000, 0x0000000087700000, 0x0000000087800000|  0%| F|  |TAMS 0x0000000087700000, 0x0000000087700000| Untracked 
| 120|0x0000000087800000, 0x0000000087800000, 0x0000000087900000|  0%| F|  |TAMS 0x0000000087800000, 0x0000000087800000| Untracked 
| 121|0x0000000087900000, 0x0000000087900000, 0x0000000087a00000|  0%| F|  |TAMS 0x0000000087900000, 0x0000000087900000| Untracked 
| 122|0x0000000087a00000, 0x0000000087a00000, 0x0000000087b00000|  0%| F|  |TAMS 0x0000000087a00000, 0x0000000087a00000| Untracked 
| 123|0x0000000087b00000, 0x0000000087b00000, 0x0000000087c00000|  0%| F|  |TAMS 0x0000000087b00000, 0x0000000087b00000| Untracked 
| 124|0x0000000087c00000, 0x0000000087c00000, 0x0000000087d00000|  0%| F|  |TAMS 0x0000000087c00000, 0x0000000087c00000| Untracked 
| 125|0x0000000087d00000, 0x0000000087d00000, 0x0000000087e00000|  0%| F|  |TAMS 0x0000000087d00000, 0x0000000087d00000| Untracked 

Card table byte_map: [0x00000208529a0000,0x0000020852da0000] _byte_map_base: 0x00000208525a0000

Marking Bits (Prev, Next): (CMBitMap*) 0x000002083f932940, (CMBitMap*) 0x000002083f932908
 Prev Bits: [0x00000208551a0000, 0x00000208571a0000)
 Next Bits: [0x00000208531a0000, 0x00000208551a0000)

Polling page: 0x000002083f0d0000

Metaspace:

Usage:
  Non-class:     23.67 MB capacity,    23.22 MB ( 98%) used,   410.15 KB (  2%) free+waste,    51.31 KB ( <1%) overhead. 
      Class:      3.73 MB capacity,     3.52 MB ( 94%) used,   193.09 KB (  5%) free+waste,    25.69 KB ( <1%) overhead. 
       Both:     27.40 MB capacity,    26.74 MB ( 98%) used,   603.24 KB (  2%) free+waste,    77.00 KB ( <1%) overhead. 

Virtual space:
  Non-class space:       24.00 MB reserved,      23.67 MB ( 99%) committed 
      Class space:        1.00 GB reserved,       3.75 MB ( <1%) committed 
             Both:        1.02 GB reserved,      27.42 MB (  3%) committed 

Chunk freelists:
   Non-Class:  4.00 KB
       Class:  17.00 KB
        Both:  21.00 KB

MaxMetaspaceSize: 17179869184.00 GB
CompressedClassSpaceSize: 1.00 GB

CodeHeap 'non-profiled nmethods': size=120000Kb used=1095Kb max_used=1095Kb free=118905Kb
 bounds [0x000002084ad40000, 0x000002084afb0000, 0x0000020852270000]
CodeHeap 'profiled nmethods': size=120000Kb used=4554Kb max_used=4554Kb free=115445Kb
 bounds [0x0000020843810000, 0x0000020843c90000, 0x000002084ad40000]
CodeHeap 'non-nmethods': size=5760Kb used=1147Kb max_used=1170Kb free=4613Kb
 bounds [0x0000020843270000, 0x00000208434e0000, 0x0000020843810000]
 total_blobs=2648 nmethods=2163 adapters=396
 compilation: enabled
              stopped_count=0, restarted_count=0
 full_count=0

Compilation events (20 events):
Event: 13.277 Thread 0x000002085a568800 nmethod 2382 0x0000020843c6ff10 code [0x0000020843c70140, 0x0000020843c70a08]
Event: 13.277 Thread 0x000002085a568800 2385       3       com.google.common.collect.AbstractIndexedListIterator::next (31 bytes)
Event: 13.277 Thread 0x000002085a568800 nmethod 2385 0x0000020843c70b90 code [0x0000020843c70d80, 0x0000020843c710f8]
Event: 13.277 Thread 0x000002085a568800 2386       3       com.google.common.collect.ImmutableList$Itr::get (9 bytes)
Event: 13.277 Thread 0x000002085a568800 nmethod 2386 0x0000020843c71210 code [0x0000020843c713c0, 0x0000020843c71588]
Event: 13.277 Thread 0x000002085a568800 2387       3       com.google.common.base.Objects::hashCode (5 bytes)
Event: 13.277 Thread 0x000002085a568800 nmethod 2387 0x0000020843c71690 code [0x0000020843c71840, 0x0000020843c71948]
Event: 13.277 Thread 0x000002085a568800 2388       3       com.google.common.reflect.TypeResolver$TypeVariableKey::hashCode (32 bytes)
Event: 13.277 Thread 0x000002085a568800 nmethod 2388 0x0000020843c71a10 code [0x0000020843c71c20, 0x0000020843c722a8]
Event: 13.277 Thread 0x000002085a568800 2384       3       com.google.common.collect.ImmutableSet::asList (23 bytes)
Event: 13.277 Thread 0x000002085a568800 nmethod 2384 0x0000020843c72490 code [0x0000020843c72660, 0x0000020843c728c8]
Event: 13.277 Thread 0x000002085a568800 2389       3       java.lang.Class::getGenericInfo (52 bytes)
Event: 13.278 Thread 0x000002085a568800 nmethod 2389 0x0000020843c72990 code [0x0000020843c72c40, 0x0000020843c739c8]
Event: 13.278 Thread 0x000002085a568800 2390   !   3       com.google.common.reflect.TypeVisitor::visit (225 bytes)
Event: 13.279 Thread 0x000002085a568800 nmethod 2390 0x0000020843c73e90 code [0x0000020843c74220, 0x0000020843c75ef8]
Event: 13.279 Thread 0x000002085a568800 2391       3       com.google.common.reflect.TypeResolver$TypeVariableKey::equalsTypeVariable (48 bytes)
Event: 13.279 Thread 0x000002085a568800 nmethod 2391 0x0000020843c76790 code [0x0000020843c769a0, 0x0000020843c76f58]
Event: 13.279 Thread 0x000002085a568800 2393   !   3       sun.reflect.annotation.AnnotationParser::parseAnnotations (37 bytes)
Event: 13.279 Thread 0x000002085a568800 nmethod 2393 0x0000020843c77110 code [0x0000020843c77300, 0x0000020843c77608]
Event: 13.279 Thread 0x000002085a568800 2394       3       com.google.common.collect.RegularImmutableSet::iterator (8 bytes)

GC Heap History (6 events):
Event: 1.500 GC heap before
{Heap before GC invocations=0 (full 0):
 garbage-first heap   total 129024K, used 29696K [0x0000000080000000, 0x0000000100000000)
  region size 1024K, 24 young (24576K), 0 survivors (0K)
 Metaspace       used 10696K, capacity 11000K, committed 11264K, reserved 1058816K
  class space    used 1130K, capacity 1200K, committed 1280K, reserved 1048576K
}
Event: 1.508 GC heap after
{Heap after GC invocations=1 (full 0):
 garbage-first heap   total 129024K, used 9169K [0x0000000080000000, 0x0000000100000000)
  region size 1024K, 3 young (3072K), 3 survivors (3072K)
 Metaspace       used 10696K, capacity 11000K, committed 11264K, reserved 1058816K
  class space    used 1130K, capacity 1200K, committed 1280K, reserved 1048576K
}
Event: 5.431 GC heap before
{Heap before GC invocations=1 (full 0):
 garbage-first heap   total 129024K, used 81873K [0x0000000080000000, 0x0000000100000000)
  region size 1024K, 75 young (76800K), 3 survivors (3072K)
 Metaspace       used 19008K, capacity 19458K, committed 19712K, reserved 1067008K
  class space    used 2302K, capacity 2458K, committed 2560K, reserved 1048576K
}
Event: 5.477 GC heap after
{Heap after GC invocations=2 (full 0):
 garbage-first heap   total 129024K, used 15421K [0x0000000080000000, 0x0000000100000000)
  region size 1024K, 10 young (10240K), 10 survivors (10240K)
 Metaspace       used 19008K, capacity 19458K, committed 19712K, reserved 1067008K
  class space    used 2302K, capacity 2458K, committed 2560K, reserved 1048576K
}
Event: 6.507 GC heap before
{Heap before GC invocations=2 (full 0):
 garbage-first heap   total 129024K, used 26685K [0x0000000080000000, 0x0000000100000000)
  region size 1024K, 22 young (22528K), 10 survivors (10240K)
 Metaspace       used 20596K, capacity 21131K, committed 21296K, reserved 1069056K
  class space    used 2520K, capacity 2680K, committed 2688K, reserved 1048576K
}
Event: 6.515 GC heap after
{Heap after GC invocations=3 (full 0):
 garbage-first heap   total 129024K, used 16299K [0x0000000080000000, 0x0000000100000000)
  region size 1024K, 1 young (1024K), 1 survivors (1024K)
 Metaspace       used 20596K, capacity 21131K, committed 21296K, reserved 1069056K
  class space    used 2520K, capacity 2680K, committed 2688K, reserved 1048576K
}

Deoptimization events (20 events):
Event: 10.238 Thread 0x000002085c507000 DEOPT PACKING pc=0x000002084ae16228 sp=0x000000b8095fc750
Event: 10.238 Thread 0x000002085c507000 DEOPT UNPACKING pc=0x00000208432974af sp=0x000000b8095fc748 mode 2
Event: 10.238 Thread 0x000002085c507000 Uncommon trap: trap_request=0xffffffde fr.pc=0x000002084ae16228 relative=0x00000000000002e8
Event: 10.238 Thread 0x000002085c507000 Uncommon trap: reason=class_check action=maybe_recompile pc=0x000002084ae16228 method=java.util.Collections$SetFromMap.remove(Ljava/lang/Object;)Z @ 5 c2
Event: 10.238 Thread 0x000002085c507000 DEOPT PACKING pc=0x000002084ae16228 sp=0x000000b8095fc6d0
Event: 10.238 Thread 0x000002085c507000 DEOPT UNPACKING pc=0x00000208432974af sp=0x000000b8095fc6c8 mode 2
Event: 10.552 Thread 0x000002085c507000 Uncommon trap: trap_request=0xffffff4d fr.pc=0x000002084ad7de94 relative=0x0000000000000454
Event: 10.552 Thread 0x000002085c507000 Uncommon trap: reason=unstable_if action=reinterpret pc=0x000002084ad7de94 method=java.util.Properties$LineReader.readLine()I @ 249 c2
Event: 10.552 Thread 0x000002085c507000 DEOPT PACKING pc=0x000002084ad7de94 sp=0x000000b8095fbb30
Event: 10.552 Thread 0x000002085c507000 DEOPT UNPACKING pc=0x00000208432974af sp=0x000000b8095fbac0 mode 2
Event: 11.142 Thread 0x000002085c507000 DEOPT PACKING pc=0x000002084383c868 sp=0x000000b8095f37b0
Event: 11.142 Thread 0x000002085c507000 DEOPT UNPACKING pc=0x00000208432972ce sp=0x000000b8095f2cb8 mode 0
Event: 11.493 Thread 0x000002085c507000 Uncommon trap: trap_request=0xffffff4d fr.pc=0x000002084ae42acc relative=0x000000000000020c
Event: 11.493 Thread 0x000002085c507000 Uncommon trap: reason=unstable_if action=reinterpret pc=0x000002084ae42acc method=java.util.HashMap.hash(Ljava/lang/Object;)I @ 1 c2
Event: 11.493 Thread 0x000002085c507000 DEOPT PACKING pc=0x000002084ae42acc sp=0x000000b8095f8610
Event: 11.493 Thread 0x000002085c507000 DEOPT UNPACKING pc=0x00000208432974af sp=0x000000b8095f8548 mode 2
Event: 12.945 Thread 0x000002085c507000 Uncommon trap: trap_request=0xffffff4d fr.pc=0x000002084ad96608 relative=0x0000000000000a48
Event: 12.945 Thread 0x000002085c507000 Uncommon trap: reason=unstable_if action=reinterpret pc=0x000002084ad96608 method=java.io.WinNTFileSystem.resolve(Ljava/lang/String;Ljava/lang/String;)Ljava/lang/String; @ 83 c2
Event: 12.945 Thread 0x000002085c507000 DEOPT PACKING pc=0x000002084ad96608 sp=0x000000b8095f9e30
Event: 12.945 Thread 0x000002085c507000 DEOPT UNPACKING pc=0x00000208432974af sp=0x000000b8095f9dd8 mode 2

Classes redefined (0 events):
No events

Internal exceptions (20 events):
Event: 6.456 Thread 0x000002085c507000 Exception <a 'java/lang/IncompatibleClassChangeError'{0x00000000873c4150}: Found class java.lang.Object, but interface was expected> (0x00000000873c4150) thrown at [./src/hotspot/share/interpreter/linkResolver.cpp, line 839]
Event: 6.782 Thread 0x000002085c507000 Exception <a 'java/lang/NoSuchMethodError'{0x000000008780de48}: 'void java.lang.invoke.DirectMethodHandle$Holder.invokeSpecial(java.lang.Object, java.lang.Object)'> (0x000000008780de48) thrown at [./src/hotspot/share/interpreter/linkResolver.cpp, line 773]
Event: 7.268 Thread 0x000002085c507000 Exception <a 'java/lang/NoSuchMethodError'{0x0000000086d18d40}: 'java.lang.Object java.lang.invoke.DirectMethodHandle$Holder.invokeVirtual(java.lang.Object, java.lang.Object, java.lang.Object, java.lang.Object)'> (0x0000000086d18d40) thrown at [./src/hotspot/share/interpreter/linkResolver.cpp, line 773]
Event: 8.481 Thread 0x000002085c507000 Exception <a 'java/lang/NoSuchMethodError'{0x00000000861ae7d0}: 'void java.lang.invoke.DirectMethodHandle$Holder.invokeSpecial(java.lang.Object, java.lang.Object, java.lang.Object, java.lang.Object, java.lang.Object, java.lang.Object)'> (0x00000000861ae7d0) thrown at [./src/hotspot/share/interpreter/linkResolver.cpp, line 773]
Event: 8.839 Thread 0x000002085c507000 Exception <a 'java/lang/NoSuchMethodError'{0x0000000085f57520}: 'java.lang.Object java.lang.invoke.Invokers$Holder.invoker(java.lang.Object, java.lang.Object, java.lang.Object)'> (0x0000000085f57520) thrown at [./src/hotspot/share/interpreter/linkResolver.cpp, line 773]
Event: 8.922 Thread 0x000002085c507000 Exception <a 'java/lang/NoSuchMethodError'{0x0000000085e56958}: 'void java.lang.invoke.DirectMethodHandle$Holder.invokeSpecial(java.lang.Object, java.lang.Object, java.lang.Object, java.lang.Object, java.lang.Object, java.lang.Object, java.lang.Object)'> (0x0000000085e56958) thrown at [./src/hotspot/share/interpreter/linkResolver.cpp, line 773]
Event: 8.923 Thread 0x000002085c507000 Exception <a 'java/lang/NoSuchMethodError'{0x0000000085e5eba0}: 'java.lang.Object java.lang.invoke.Invokers$Holder.linkToTargetMethod(java.lang.Object, java.lang.Object, java.lang.Object, java.lang.Object, java.lang.Object, java.lang.Object)'> (0x0000000085e5eba0) thrown at [./src/hotspot/share/interpreter/linkResolver.cpp, line 773]
Event: 9.111 Thread 0x000002085c507000 Exception <a 'java/lang/NoSuchMethodError'{0x0000000085d817c8}: 'java.lang.Object java.lang.invoke.DirectMethodHandle$Holder.invokeVirtual(java.lang.Object, java.lang.Object, java.lang.Object, java.lang.Object, java.lang.Object, java.lang.Object, java.lang.Object, java.lang.Object, java.lang.Object, java.lang.Object, java.lang.Object, java.lang.Object, java.lang.Object, java.lang.Object, java.lang.Object, java.lang.Object, java.lang.Object)'> (0x0000000085d817c8) thrown at [./src/hotspot/share/interpreter/
Event: 9.206 Thread 0x000002085c507000 Exception <a 'java/lang/NoSuchMethodError'{0x0000000085db1e18}: 'java.lang.Object java.lang.invoke.DirectMethodHandle$Holder.invokeSpecial(java.lang.Object, java.lang.Object, java.lang.Object, java.lang.Object, java.lang.Object, java.lang.Object, java.lang.Object, java.lang.Object, java.lang.Object)'> (0x0000000085db1e18) thrown at [./src/hotspot/share/interpreter/linkResolver.cpp, line 773]
Event: 10.228 Thread 0x000002085c507000 Exception <a 'java/lang/NoSuchMethodError'{0x000000008538cc78}: 'java.lang.Object java.lang.invoke.DirectMethodHandle$Holder.invokeStatic(java.lang.Object, java.lang.Object, java.lang.Object, int, java.lang.Object, java.lang.Object)'> (0x000000008538cc78) thrown at [./src/hotspot/share/interpreter/linkResolver.cpp, line 773]
Event: 10.228 Thread 0x000002085c507000 Exception <a 'java/lang/NoSuchMethodError'{0x0000000085393fe0}: 'java.lang.Object java.lang.invoke.Invokers$Holder.linkToTargetMethod(java.lang.Object, java.lang.Object, int, java.lang.Object, java.lang.Object, java.lang.Object)'> (0x0000000085393fe0) thrown at [./src/hotspot/share/interpreter/linkResolver.cpp, line 773]
Event: 10.468 Thread 0x000002085c507000 Exception <a 'java/lang/NoSuchMethodError'{0x00000000852ca2a8}: 'void java.lang.invoke.DirectMethodHandle$Holder.invokeSpecial(java.lang.Object, java.lang.Object, java.lang.Object, java.lang.Object)'> (0x00000000852ca2a8) thrown at [./src/hotspot/share/interpreter/linkResolver.cpp, line 773]
Event: 11.493 Thread 0x000002085c507000 Implicit null exception at 0x000002084ae428f5 to 0x000002084ae42abc
Event: 11.874 Thread 0x000002085c507000 Exception <a 'java/lang/NoSuchMethodError'{0x0000000084722dd0}: 'java.lang.Object java.lang.invoke.DirectMethodHandle$Holder.invokeSpecialIFC(java.lang.Object, java.lang.Object, java.lang.Object, java.lang.Object)'> (0x0000000084722dd0) thrown at [./src/hotspot/share/interpreter/linkResolver.cpp, line 773]
Event: 11.966 Thread 0x000002085c507000 Exception <a 'java/lang/NoSuchMethodError'{0x00000000847ed268}: 'java.lang.Object java.lang.invoke.DirectMethodHandle$Holder.invokeSpecial(java.lang.Object, java.lang.Object, java.lang.Object, java.lang.Object, java.lang.Object, java.lang.Object, java.lang.Object, java.lang.Object, java.lang.Object, java.lang.Object, java.lang.Object, java.lang.Object, java.lang.Object)'> (0x00000000847ed268) thrown at [./src/hotspot/share/interpreter/linkResolver.cpp, line 773]
Event: 11.966 Thread 0x000002085c507000 Exception <a 'java/lang/NoSuchMethodError'{0x00000000847fe4f0}: 'java.lang.Object java.lang.invoke.DirectMethodHandle$Holder.invokeSpecial(java.lang.Object, java.lang.Object, java.lang.Object, java.lang.Object, java.lang.Object, java.lang.Object, java.lang.Object, java.lang.Object, java.lang.Object, java.lang.Object, java.lang.Object, java.lang.Object)'> (0x00000000847fe4f0) thrown at [./src/hotspot/share/interpreter/linkResolver.cpp, line 773]
Event: 11.967 Thread 0x000002085c507000 Exception <a 'java/lang/NoSuchMethodError'{0x0000000084603b28}: 'java.lang.Object java.lang.invoke.Invokers$Holder.linkToTargetMethod(java.lang.Object, java.lang.Object, java.lang.Object, java.lang.Object, java.lang.Object, java.lang.Object, java.lang.Object, java.lang.Object, java.lang.Object, java.lang.Object, java.lang.Object)'> (0x0000000084603b28) thrown at [./src/hotspot/share/interpreter/linkResolver.cpp, line 773]
Event: 12.343 Thread 0x000002085c507000 Exception <a 'java/lang/NoSuchMethodError'{0x00000000845102e8}: 'java.lang.Object java.lang.invoke.DirectMethodHandle$Holder.invokeSpecial(java.lang.Object, java.lang.Object, java.lang.Object, java.lang.Object, java.lang.Object, java.lang.Object, java.lang.Object, java.lang.Object, java.lang.Object, java.lang.Object, java.lang.Object, java.lang.Object, java.lang.Object, java.lang.Object)'> (0x00000000845102e8) thrown at [./src/hotspot/share/interpreter/linkResolver.cpp, line 773]
Event: 12.344 Thread 0x000002085c507000 Exception <a 'java/lang/NoSuchMethodError'{0x00000000845218e0}: 'java.lang.Object java.lang.invoke.Invokers$Holder.linkToTargetMethod(java.lang.Object, java.lang.Object, java.lang.Object, java.lang.Object, java.lang.Object, java.lang.Object, java.lang.Object, java.lang.Object, java.lang.Object, java.lang.Object, java.lang.Object, java.lang.Object)'> (0x00000000845218e0) thrown at [./src/hotspot/share/interpreter/linkResolver.cpp, line 773]
Event: 12.447 Thread 0x000002085c507000 Exception <a 'java/lang/NoSuchMethodError'{0x000000008459f100}: 'java.lang.Object java.lang.invoke.DirectMethodHandle$Holder.invokeStaticInit(java.lang.Object, java.lang.Object, java.lang.Object, java.lang.Object)'> (0x000000008459f100) thrown at [./src/hotspot/share/interpreter/linkResolver.cpp, line 773]

Events (20 events):
Event: 13.257 loading class org/gradle/api/artifacts/repositories/MavenArtifactRepository
Event: 13.257 loading class org/gradle/api/artifacts/repositories/MavenArtifactRepository done
Event: 13.257 loading class org/gradle/api/artifacts/repositories/UrlArtifactRepository
Event: 13.257 loading class org/gradle/api/artifacts/repositories/UrlArtifactRepository done
Event: 13.257 loading class org/gradle/api/artifacts/repositories/AuthenticationSupported
Event: 13.257 loading class org/gradle/api/artifacts/repositories/AuthenticationSupported done
Event: 13.257 loading class org/gradle/api/artifacts/repositories/MetadataSupplierAware
Event: 13.257 loading class org/gradle/api/artifacts/repositories/MetadataSupplierAware done
Event: 13.257 loading class org/gradle/api/artifacts/repositories/IvyArtifactRepository
Event: 13.257 loading class org/gradle/api/artifacts/repositories/IvyArtifactRepository done
Event: 13.257 loading class org/gradle/api/artifacts/repositories/FlatDirectoryArtifactRepository
Event: 13.257 loading class org/gradle/api/artifacts/repositories/FlatDirectoryArtifactRepository done
Event: 13.258 loading class org/gradle/api/internal/collections/CollectionFilter
Event: 13.258 loading class org/gradle/api/internal/collections/CollectionFilter done
Event: 13.264 loading class org/gradle/api/internal/DefaultNamedDomainObjectCollection$ContainerElementsDynamicObject
Event: 13.264 loading class org/gradle/api/internal/DefaultNamedDomainObjectCollection$ContainerElementsDynamicObject done
Event: 13.272 loading class com/google/common/reflect/TypeToken$4
Event: 13.272 loading class com/google/common/reflect/TypeToken$4 done
Event: 13.280 loading class java/lang/SafeVarargs
Event: 13.280 loading class java/lang/SafeVarargs done


Dynamic libraries:
0x00007ff6ddce0000 - 0x00007ff6ddcea000 	D:\Android\jre\bin\java.exe
0x00007ffefc0f0000 - 0x00007ffefc2e5000 	C:\WINDOWS\SYSTEM32\ntdll.dll
0x00007ffeaedc0000 - 0x00007ffeaedd3000 	C:\Program Files\Avast Software\Avast\aswhook.dll
0x00007ffefbdf0000 - 0x00007ffefbead000 	C:\WINDOWS\System32\KERNEL32.DLL
0x00007ffef9830000 - 0x00007ffef9af8000 	C:\WINDOWS\System32\KERNELBASE.dll
0x00007ffef9b00000 - 0x00007ffef9c00000 	C:\WINDOWS\System32\ucrtbase.dll
0x00007ffede6c0000 - 0x00007ffede6d9000 	D:\Android\jre\bin\jli.dll
0x00007ffefbeb0000 - 0x00007ffefc050000 	C:\WINDOWS\System32\USER32.dll
0x00007ffef9de0000 - 0x00007ffef9e02000 	C:\WINDOWS\System32\win32u.dll
0x00007ffefaa10000 - 0x00007ffefaa3a000 	C:\WINDOWS\System32\GDI32.dll
0x00007ffef9fa0000 - 0x00007ffefa0ab000 	C:\WINDOWS\System32\gdi32full.dll
0x00007ffefa0b0000 - 0x00007ffefa14d000 	C:\WINDOWS\System32\msvcp_win.dll
0x00007ffede6a0000 - 0x00007ffede6b7000 	D:\Android\jre\bin\VCRUNTIME140.dll
0x00007ffee0d00000 - 0x00007ffee0f9a000 	C:\WINDOWS\WinSxS\amd64_microsoft.windows.common-controls_6595b64144ccf1df_6.0.19041.844_none_ca00b6081b84eb1d\COMCTL32.dll
0x00007ffefae40000 - 0x00007ffefaede000 	C:\WINDOWS\System32\msvcrt.dll
0x00007ffefaaa0000 - 0x00007ffefaad0000 	C:\WINDOWS\System32\IMM32.DLL
0x00007ffeca4c0000 - 0x00007ffeca55d000 	D:\Android\jre\bin\msvcp140.dll
0x00007ffe92e00000 - 0x00007ffe938bc000 	D:\Android\jre\bin\server\jvm.dll
0x00007ffefa660000 - 0x00007ffefa70c000 	C:\WINDOWS\System32\ADVAPI32.dll
0x00007ffefa3c0000 - 0x00007ffefa45b000 	C:\WINDOWS\System32\sechost.dll
0x00007ffefb4b0000 - 0x00007ffefb5db000 	C:\WINDOWS\System32\RPCRT4.dll
0x00007ffefa300000 - 0x00007ffefa308000 	C:\WINDOWS\System32\PSAPI.DLL
0x00007ffed21b0000 - 0x00007ffed21b9000 	C:\WINDOWS\SYSTEM32\WSOCK32.dll
0x00007ffefaf40000 - 0x00007ffefafab000 	C:\WINDOWS\System32\WS2_32.dll
0x00007ffeebc60000 - 0x00007ffeebc87000 	C:\WINDOWS\SYSTEM32\WINMM.dll
0x00007ffef1720000 - 0x00007ffef172a000 	C:\WINDOWS\SYSTEM32\VERSION.dll
0x00007ffef7950000 - 0x00007ffef7962000 	C:\WINDOWS\SYSTEM32\kernel.appcore.dll
0x00007ffef3b10000 - 0x00007ffef3b21000 	D:\Android\jre\bin\verify.dll
0x00007ffef7520000 - 0x00007ffef7704000 	C:\WINDOWS\SYSTEM32\DBGHELP.DLL
0x00007ffee17e0000 - 0x00007ffee180c000 	C:\WINDOWS\SYSTEM32\dbgcore.DLL
0x00007ffef9e10000 - 0x00007ffef9e90000 	C:\WINDOWS\System32\bcryptPrimitives.dll
0x00007ffef2e00000 - 0x00007ffef2e29000 	D:\Android\jre\bin\java.dll
0x00007ffef4d40000 - 0x00007ffef4d4b000 	D:\Android\jre\bin\jimage.dll
0x00007ffef2e50000 - 0x00007ffef2e68000 	D:\Android\jre\bin\zip.dll
0x00007ffefb5e0000 - 0x00007ffefbd22000 	C:\WINDOWS\System32\SHELL32.dll
0x00007ffef7970000 - 0x00007ffef8101000 	C:\WINDOWS\SYSTEM32\windows.storage.dll
0x00007ffefaae0000 - 0x00007ffefae35000 	C:\WINDOWS\System32\combase.dll
0x00007ffef92a0000 - 0x00007ffef92cc000 	C:\WINDOWS\SYSTEM32\Wldp.dll
0x00007ffefbd30000 - 0x00007ffefbdde000 	C:\WINDOWS\System32\SHCORE.dll
0x00007ffefaa40000 - 0x00007ffefaa95000 	C:\WINDOWS\System32\shlwapi.dll
0x00007ffef9770000 - 0x00007ffef978f000 	C:\WINDOWS\SYSTEM32\profapi.dll
0x00007ffef2bd0000 - 0x00007ffef2bea000 	D:\Android\jre\bin\net.dll
0x00007ffef27d0000 - 0x00007ffef28db000 	C:\WINDOWS\SYSTEM32\WINHTTP.dll
0x00007ffef9010000 - 0x00007ffef907a000 	C:\WINDOWS\system32\mswsock.dll
0x00007ffef2bb0000 - 0x00007ffef2bc4000 	D:\Android\jre\bin\nio.dll
0x00007ffee7b10000 - 0x00007ffee7b37000 	C:\Users\Kacper\.gradle\native\fdc75f09e3144964f2cf3f50f0aa648679c211496f362492102eb8c894070792\windows-amd64\native-platform.dll
0x00007ffecb2e0000 - 0x00007ffecb476000 	C:\Users\Kacper\.gradle\native\12488b8bf47d2d4c9fbf2f6322a914ad602e24e48041cd04a747c6da556b65c4\windows-amd64\native-platform-file-events.dll
0x00007ffef30c0000 - 0x00007ffef30ca000 	D:\Android\jre\bin\management.dll
0x00007ffef2d80000 - 0x00007ffef2d8c000 	D:\Android\jre\bin\management_ext.dll
0x00007ffef91f0000 - 0x00007ffef9208000 	C:\WINDOWS\SYSTEM32\CRYPTSP.dll
0x00007ffef8940000 - 0x00007ffef8974000 	C:\WINDOWS\system32\rsaenh.dll
0x00007ffef9db0000 - 0x00007ffef9dd7000 	C:\WINDOWS\System32\bcrypt.dll
0x00007ffef96f0000 - 0x00007ffef971e000 	C:\WINDOWS\SYSTEM32\USERENV.dll
0x00007ffef91e0000 - 0x00007ffef91ec000 	C:\WINDOWS\SYSTEM32\CRYPTBASE.dll
0x00007ffef8cb0000 - 0x00007ffef8ceb000 	C:\WINDOWS\SYSTEM32\IPHLPAPI.DLL
0x00007ffefbde0000 - 0x00007ffefbde8000 	C:\WINDOWS\System32\NSI.dll
0x00007ffef5ef0000 - 0x00007ffef5f07000 	C:\WINDOWS\SYSTEM32\dhcpcsvc6.DLL
0x00007ffef5240000 - 0x00007ffef525d000 	C:\WINDOWS\SYSTEM32\dhcpcsvc.DLL
0x00007ffef8cf0000 - 0x00007ffef8dbc000 	C:\WINDOWS\SYSTEM32\DNSAPI.dll
0x00007ffef2370000 - 0x00007ffef237b000 	C:\WINDOWS\SYSTEM32\WINNSI.DLL

dbghelp: loaded successfully - version: 4.0.5 - missing functions: none
symbol engine: initialized successfully - sym options: 0x614 - pdb path: .;D:\Android\jre\bin;C:\WINDOWS\SYSTEM32;C:\Program Files\Avast Software\Avast;C:\WINDOWS\WinSxS\amd64_microsoft.windows.common-controls_6595b64144ccf1df_6.0.19041.844_none_ca00b6081b84eb1d;D:\Android\jre\bin\server;C:\Users\Kacper\.gradle\native\fdc75f09e3144964f2cf3f50f0aa648679c211496f362492102eb8c894070792\windows-amd64;C:\Users\Kacper\.gradle\native\12488b8bf47d2d4c9fbf2f6322a914ad602e24e48041cd04a747c6da556b65c4\windows-amd64

VM Arguments:
jvm_args: --add-opens=java.base/java.util=ALL-UNNAMED --add-opens=java.base/java.lang=ALL-UNNAMED --add-opens=java.base/java.lang.invoke=ALL-UNNAMED --add-opens=java.prefs/java.util.prefs=ALL-UNNAMED -Xmx2048m -Dfile.encoding=UTF-8 -Duser.country=PL -Duser.language=pl -Duser.variant 
java_command: org.gradle.launcher.daemon.bootstrap.GradleDaemon 6.7.1
java_class_path (initial): C:\Users\Kacper\.gradle\wrapper\dists\gradle-6.7.1-bin\bwlcbys1h7rz3272sye1xwiv6\gradle-6.7.1\lib\gradle-launcher-6.7.1.jar
Launcher Type: SUN_STANDARD

[Global flags]
     intx CICompilerCount                          = 4                                         {product} {ergonomic}
     uint ConcGCThreads                            = 2                                         {product} {ergonomic}
     uint G1ConcRefinementThreads                  = 8                                         {product} {ergonomic}
   size_t G1HeapRegionSize                         = 1048576                                   {product} {ergonomic}
    uintx GCDrainStackTargetSize                   = 64                                        {product} {ergonomic}
   size_t InitialHeapSize                          = 132120576                                 {product} {ergonomic}
   size_t MarkStackSize                            = 4194304                                   {product} {ergonomic}
   size_t MaxHeapSize                              = 2147483648                                {product} {command line}
   size_t MaxNewSize                               = 1287651328                                {product} {ergonomic}
   size_t MinHeapDeltaBytes                        = 1048576                                   {product} {ergonomic}
    uintx NonNMethodCodeHeapSize                   = 5836300                                {pd product} {ergonomic}
    uintx NonProfiledCodeHeapSize                  = 122910970                              {pd product} {ergonomic}
    uintx ProfiledCodeHeapSize                     = 122910970                              {pd product} {ergonomic}
    uintx ReservedCodeCacheSize                    = 251658240                              {pd product} {ergonomic}
     bool SegmentedCodeCache                       = true                                      {product} {ergonomic}
     bool UseCompressedClassPointers               = true                                 {lp64_product} {ergonomic}
     bool UseCompressedOops                        = true                                 {lp64_product} {ergonomic}
     bool UseG1GC                                  = true                                      {product} {ergonomic}
     bool UseLargePagesIndividualAllocation        = false                                  {pd product} {ergonomic}

Logging:
Log output configuration:
 #0: stdout all=warning uptime,level,tags
 #1: stderr all=off uptime,level,tags

Environment Variables:
PATH=C:\Program Files (x86)\Common Files\Oracle\Java\javapath;C:\Windows\system32;C:\Windows;C:\Windows\System32\Wbem;C:\Windows\System32\WindowsPowerShell\v1.0\;C:\Windows\System32\OpenSSH\;C:\Program Files (x86)\NVIDIA Corporation\PhysX\Common;C:\Program Files\NVIDIA Corporation\NVIDIA NvDLISR;C:\Program Files\dotnet\;C:\Program Files\Microsoft SQL Server\Client SDK\ODBC\130\Tools\Binn\;C:\Program Files\Azure Data Studio\bin;C:\Program Files\Microsoft SQL Server\Client SDK\ODBC\170\Tools\Binn\;C:\Program Files (x86)\Microsoft SQL Server\150\Tools\Binn\;C:\Program Files\Microsoft SQL Server\150\Tools\Binn\;C:\Program Files\Microsoft SQL Server\150\DTS\Binn\;D:\;C:\Program Files (x86)\dotnet\;C:\xampp\php;C:\ProgramData\ComposerSetup\bin;C:\Program Files\Git\cmd;C:\Program Files\nodejs\;C:\WINDOWS\system32;C:\WINDOWS;C:\WINDOWS\System32\Wbem;C:\WINDOWS\System32\WindowsPowerShell\v1.0\;C:\WINDOWS\System32\OpenSSH\;C:\Program Files (x86)\Microsoft SQL Server\150\DTS\Binn\;C:\Program Files\Microsoft SQL Server\130\Tools\Binn\;C:\Users\Kacper\AppData\Local\Microsoft\WindowsApps;C:\Users\Kacper\AppData\Local\Programs\Microsoft VS Code\bin;C:\Users\Kacper\AppData\Local\Programs\Azure Data Studio\bin;C:\Program Files\Azure Data Studio\bin;C:\Users\Kacper\.dotnet\tools;C:\Users\Kacper\AppData\Roaming\Composer\vendor\bin;C:\Users\Kacper\AppData\Roaming\npm;
USERNAME=Kacper
OS=Windows_NT
PROCESSOR_IDENTIFIER=Intel64 Family 6 Model 158 Stepping 10, GenuineIntel



---------------  S Y S T E M  ---------------

OS: Windows 10 , 64 bit Build 19041 (10.0.19041.928)
OS uptime: 0 days 8:27 hours

CPU:total 8 (initial active 8) (4 cores per cpu, 2 threads per core) family 6 model 158 stepping 10, cmov, cx8, fxsr, mmx, sse, sse2, sse3, ssse3, sse4.1, sse4.2, popcnt, avx, avx2, aes, clmul, erms, 3dnowpref, lzcnt, ht, tsc, tscinvbit, bmi1, bmi2, adx, fma

Memory: 4k page, system-wide physical 8000M (181M free)
TotalPageFile size 16192M (AvailPageFile size 0M)
current process WorkingSet (physical memory assigned to process): 206M, peak: 206M
current process commit charge ("private bytes"): 271M, peak: 273M

vm_info: OpenJDK 64-Bit Server VM (11.0.8+10-b944.6842174) for windows-amd64 JRE (11.0.8+10-b944.6842174), built on Sep 19 2020 01:11:42 by "builder" with MS VC++ 14.0 (VS2015)

END.
